2018-07-10 09:54:42 038     2018/7/10 星期二 上午 09:54:41:接收     68 51 10 18 06 02 01 02 00 00 18 06 13 11 49 50 12 07 00 00 00 00 00 00 00 00 00 00 00 00 00 93 20 93 16 
2018-07-10 09:54:42 100     2018/7/10 星期二 上午 09:54:42:接收     表地址:101806020102；时间:18年06月13日11时49分50秒；LoRa返回标准数据:485数据长度:7 ； 双采开关二:关； 双采开关一:开；双采开关10000000000； 模拟量二:关； 模拟量一:关； 485开关:开；485数据:00000000000000；GPRS信号强度:-110dbm；外部供电电压:14.7V；单片机电压:2.32V
2018-07-10 09:59:25 458     2018/7/10 星期二 上午 09:59:25:接收     68 51 10 18 06 02 01 02 00 00 18 06 13 11 49 50 12 07 00 00 00 00 00 00 00 00 00 00 00 00 00 93 20 93 16 
2018-07-10 09:59:25 474     2018/7/10 星期二 上午 09:59:25:接收     表地址:101806020102；时间:18年06月13日11时49分50秒；LoRa返回标准数据:485数据长度:7 ； 双采开关二:关； 双采开关一:开；双采开关10000000000； 模拟量二:关； 模拟量一:关； 485开关:开；485数据:00000000000000；GPRS信号强度:-110dbm；外部供电电压:14.7V；单片机电压:2.32V
2018-07-10 09:59:57 451     2018/7/10 星期二 上午 09:59:57:接收     68 51 10 18 06 02 01 02 00 00 18 06 13 11 49 50 12 07 00 00 00 00 00 00 00 00 00 00 00 00 00 93 20 93 16 
2018-07-10 09:59:57 451     2018/7/10 星期二 上午 09:59:57:接收     表地址:101806020102；时间:18年06月13日11时49分50秒；LoRa返回标准数据:485数据长度:7 ； 双采开关二:关； 双采开关一:开；双采开关10000000000； 模拟量二:关； 模拟量一:关； 485开关:开；485数据:00000000000000；GPRS信号强度:-110dbm；外部供电电压:14.7V；单片机电压:2.32V
2018-07-10 10:00:57 630     2018/7/10 星期二 上午 10:00:57:接收     68 51 10 18 06 02 01 02 00 00 18 06 13 11 49 50 12 07 00 00 00 00 00 00 00 00 00 00 00 00 00 93 20 93 16 
2018-07-10 10:01:39 908     2018/7/10 星期二 上午 10:01:39:接收     表地址:101806020102；时间:18年06月13日11时49分50秒；LoRa返回标准数据:485数据长度:7 ； 双采开关二:关； 双采开关一:开；双采开关10000000000； 模拟量二:关； 模拟量一:关； 485开关:开；485数据:00000000000000；GPRS信号强度:-110dbm；外部供电电压:14.7V；单片机电压:2.32V
2018-07-10 10:04:19 085     2018/7/10 星期二 上午 10:04:19:接收     68 51 10 18 06 02 01 02 00 00 18 06 13 11 49 50 12 07 00 00 00 00 00 00 00 00 00 00 00 00 00 93 20 93 16 
2018-07-10 10:04:21 913     2018/7/10 星期二 上午 10:04:21:接收     表地址:101806020102；时间:18年06月13日11时49分50秒；LoRa返回标准数据:485数据长度:7 ； 双采开关二:关； 双采开关一:开；双采开关10000000000； 模拟量二:关； 模拟量一:关； 485开关:开；485数据:00000000000000；GPRS信号强度:-110dbm；外部供电电压:14.7V；单片机电压:2.32V
2018-07-10 10:05:50 499     2018/7/10 星期二 上午 10:05:50:接收     68 51 10 18 06 02 01 02 00 00 18 06 13 11 49 50 12 07 00 00 00 00 00 00 00 00 00 00 00 00 00 93 20 93 16 
2018-07-10 10:05:50 514     2018/7/10 星期二 上午 10:05:50:接收     表地址:101806020102；时间:18年06月13日11时49分50秒；LoRa返回标准数据:485数据长度:7 ； 双采开关二:关； 双采开关一:开；双采开关10000000000； 模拟量二:关； 模拟量一:关； 485开关:开；485数据:00000000000000；GPRS信号强度:-110dbm；外部供电电压:14.7V；单片机电压:2.32V
2018-07-10 10:16:06 719     2018/7/10 星期二 上午 10:16:06:接收     68 9E 10 18 05 20 10 11 00 00 23 34 36 30 31 31 31 31 31 36 39 30 31 35 39 32 23 38 36 38 37 34 34 30 33 32 32 36 37 32 38 32 23 FF 23 13 16 
2018-07-10 10:16:06 721     2018/7/10 星期二 上午 10:16:06:接收     CIMI数据:460111116901592,IMEI数据868744032267282
2018-07-10 10:16:07 722     2018/7/10 星期二 上午 10:16:07:接收     68 94 10 18 05 20 10 11 00 00 00 00 00 02 00 00 00 00 6C 16 
2018-07-10 10:16:07 723     2018/7/10 星期二 上午 10:16:07:接收     设置终端采样与上传参数成功！
2018-07-10 10:16:08 741     2018/7/10 星期二 上午 10:16:08:接收     68 FD 10 18 05 20 10 11 00 00 85 54 43 5F 53 54 56 31 30 31 DD 16 
2018-07-10 10:16:08 742     2018/7/10 星期二 上午 10:16:08:接收     终端地址101805201011厂商代码0000通讯模块上的电帧是:8554435F535456313031
2018-07-10 10:16:09 762     2018/7/10 星期二 上午 10:16:09:接收     68 92 10 18 05 20 10 23 00 00 7A 16 
2018-07-10 10:16:13 681     2018/7/10 星期二 上午 10:16:13:接收      终端地址：101805201023；厂家代码：0000
2018-07-10 10:16:13 893     2018/7/10 星期二 上午 10:16:13:接收     68 99 10 18 06 12 00 03 00 00 CB AB E9 31 12 12 88 12 48 06 8A 04 78 00 00 00 00 00 00 00 00 FF FF 00 00 FF FF 00 00 05 18 06 12 17 50 15 03 32 04 01 32 07 08 01 03 00 04 00 01 C5 CB A7 16 68 94 10 18 06 02 01 02 00 00 00 00 00 00 00 00 04 00 33 16 68 9A 10 18 06 02 01 02 00 00 35 16 68 51 10 18 06 02 01 02 00 00 18 06 13 11 54 28 12 07 00 00 00 00 00 00 00 00 00 00 00 01 00 90 21 75 16 
2018-07-10 10:16:14 385     2018/7/10 星期二 上午 10:16:14:接收     终端地址：101806120003 厂商代码:0000
2018-07-10 10:16:14 387     2018/7/10 星期二 上午 10:16:14:接收     终端IP与端口：203.171.233.49 1212 SIM卡源:外置SIM
2018-07-10 10:17:11 899     2018/7/10 星期二 上午 10:17:11:接收       双采开关二:关； 双采开关一:开； 模拟量二:关； 模拟量一:关； 485开关:开； 485周期:4小时； 供电周期:6分钟充电8S；外部供电控制:10001010； 上传周期:24小时
2018-07-10 10:17:11 903     2018/7/10 星期二 上午 10:17:11:接收     双采表底数一:0000000 ；双采表底数二:0000000
2018-07-10 10:17:11 905     2018/7/10 星期二 上午 10:17:11:接收     通道一报警上限：65535 ；通道一报警下限：0 ；通道二报警上限：65535 ；通道二报警下限:0
2018-07-10 10:17:11 909     2018/7/10 星期二 上午 10:17:11:接收     终端时间：18年06月12日 17时50分15秒 ；时间源：GPRS自动校时
2018-07-10 10:17:11 913     2018/7/10 星期二 上午 10:17:11:接收     GPRS重复上传次数：3 ；等待延时：5000ms
2018-07-10 10:17:11 915     2018/7/10 星期二 上午 10:17:11:接收     波特率：2400 ；奇偶校验：偶校验 ；重复次数：0 ；数据等待时间：400 ；期待数据长度：7 ；下行数据长度：8 ；数据帧：010300040001C5CB
2018-07-10 10:17:12 019     2018/7/10 星期二 上午 10:17:12:接收     68 C1 10 18 06 02 01 02 00 00 55 55 00 00 06 16 68 51 10 18 06 23 20 33 00 00 18 06 26 09 42 33 12 07 00 00 00 00 00 00 00 00 00 00 00 00 00 22 22 7C 16 68 B1 10 18 06 02 00 02 00 00 00 00 09 00 01 87 00 00 08 18 06 27 01 00 00 18 06 27 09 00 00 00 00 00 78 16 68 B2 10 18 06 02 00 02 00 00 00 00 00 1B 68 51 10 18 06 02 00 02 00 00 18 06 27 01 00 00 02 00 24 02 00 00 00 22 22 9D 16 00 00 00 00 22 22 B7 16 FF FF FF FF FF FF FF FF FF FF FF FF FF FF FF FF FF FF FF FF FF FF FF FF FF FF FF FF 23 68 51 10 00 00 18 03 29 00 00 18 04 18 19 00 00 12 07 00 00 00 00 00 00 00 00 01 23 00 00 00 22 22 DB 16 FF FF FF FF FF 96 16 68 B2 10 18 06 02 00 02 00 00 00 00 04 1B 68 51 10 18 06 02 00 02 00 00 18 06 27 05 00 00 02 00 24 02 00 00 00 22 22 A1 16 27 00 00 00 22 22 E0 16 FF FF FF FF FF FF FF FF FF FF FF FF FF FF FF FF FF FF FF FF FF FF FF FF FF FF FF FF 23 68 51 10 00 00 18 03 29 00 00 18 04 18 22 30 00 12 07 00 00 00 00 00 00 00 00 01 23 00 00 00 22 22 14 16 FF FF FF FF FF 64 16 68 94 30 18 06 30 00 02 00 00 00 00 22 07 00 00 00 00 A5 16 68 97 30 18 06 30 00 01 00 00 55 18 07 02 00 00 53 47 16 68 9E 10 18 05 20 10 11 00 00 23 34 36 30 31 31 31 31 31 36 39 30 31 35 39 32 23 38 36 38 37 34 34 30 33 32 32 36 37 32 38 32 23 FF 23 13 16 68 94 10 18 05 20 10 11 00 00 00 00 00 02 00 00 00 00 6C 16 68 FD 10 18 05 20 10 11 00 00 85 54 43 5F 53 54 56 31 30 31 DD 16 68 92 10 18 05 20 10 23 00 00 7A 16 68 99 10 18 06 12 00 03 00 00 CB AB E9 31 12 12 88 12 48 06 8A 04 78 00 00 00 00 00 00 00 00 FF FF 00 00 FF FF 00 00 05 18 06 12 17 50 15 03 32 04 01 32 07 08 01 03 00 04 00 01 C5 CB A7 16 68 94 10 18 06 02 01 02 00 00 00 00 00 00 00 00 04 00 33 16 68 9A 10 18 06 02 01 02 00 00 35 16 68 51 10 18 06 02 01 02 00 00 18 06 13 11 54 28 12 07 00 00 00 00 00 00 00 00 00 00 00 01 00 90 21 75 16 68 C1 10 18 06 02 01 02 00 00 55 55 00 00 06 16 68 51 10 18 06 23 20 33 00 00 18 06 26 09 42 33 12 07 00 00 00 00 00 00 00 00 00 00 00 00 00 22 22 7C 16 68 B1 10 18 06 02 00 02 00 00 00 00 09 00 01 87 00 00 08 18 06 27 01 00 00 18 06 27 09 00 00 00 00 00 78 16 
2018-07-10 10:17:12 931     2018/7/10 星期二 上午 10:17:12:接收     68 B2 10 18 06 02 00 02 00 00 00 00 00 1B 68 51 10 18 06 02 00 02 00 00 18 06 27 01 00 00 02 00 24 02 00 00 00 22 22 9D 16 00 00 00 00 22 22 B7 16 FF FF FF FF FF FF FF FF FF FF FF FF FF FF FF FF FF FF FF FF FF FF FF FF FF FF FF FF 23 68 51 10 00 00 18 03 29 00 00 18 04 18 19 00 00 12 07 00 00 00 00 00 00 00 00 01 23 00 00 00 22 22 DB 16 FF FF FF FF FF 96 16 
2018-07-10 10:17:12 935     2018/7/10 星期二 上午 10:17:12:接收     ；表地址101806020002；区域码0000；索引号:0；时间18年06月27日01时00分00秒；数据开关: 双采开关二:关； 双采开关一:开；双采开关1:2402000000； 模拟量二:关； 模拟量一:关； 485开关:关；GPRS信号强度:-110dbm；外部供电电压:3.4V；单片机电压:2.34V
2018-07-10 10:17:13 951     2018/7/10 星期二 上午 10:17:13:接收     68 B2 10 18 06 02 00 02 00 00 00 00 04 1B 68 51 10 18 06 02 00 02 00 00 18 06 27 05 00 00 02 00 24 02 00 00 00 22 22 A1 16 27 00 00 00 22 22 E0 16 FF FF FF FF FF FF FF FF FF FF FF FF FF FF FF FF FF FF FF FF FF FF FF FF FF FF FF FF 23 68 51 10 00 00 18 03 29 00 00 18 04 18 22 30 00 12 07 00 00 00 00 00 00 00 00 01 23 00 00 00 22 22 14 16 FF FF FF FF FF 64 16 
2018-07-10 10:17:13 955     2018/7/10 星期二 上午 10:17:13:接收     ；表地址101806020002；区域码0000；索引号:4；时间18年06月27日05时00分00秒；数据开关: 双采开关二:关； 双采开关一:开；双采开关1:2402000000； 模拟量二:关； 模拟量一:关； 485开关:关；GPRS信号强度:-110dbm；外部供电电压:3.4V；单片机电压:2.34V
2018-07-10 10:17:14 971     2018/7/10 星期二 上午 10:17:14:接收     68 94 30 18 06 30 00 02 00 00 00 00 22 07 00 00 00 00 A5 16 
2018-07-10 10:17:14 974     2018/7/10 星期二 上午 10:17:14:接收     设置终端采样与上传参数成功！
2018-07-10 10:17:16 090     2018/7/10 星期二 上午 10:17:16:接收     68 97 30 18 06 30 00 01 00 00 55 18 07 02 00 00 53 47 16 
2018-07-10 10:17:16 093     2018/7/10 星期二 上午 10:17:16:接收     设置时钟成功！
2018-07-10 10:19:13 706     2018/7/10 星期二 上午 10:19:13:接收     68 9E 10 18 05 20 10 11 00 00 23 34 36 30 31 31 31 31 31 36 39 30 31 35 39 32 23 38 36 38 37 34 34 30 33 32 32 36 37 32 38 32 23 FF 23 13 16 
2018-07-10 10:19:13 708     2018/7/10 星期二 上午 10:19:13:接收     CIMI数据:460111116901592,IMEI数据868744032267282
2018-07-10 10:19:14 721     2018/7/10 星期二 上午 10:19:14:接收     68 94 10 18 05 20 10 11 00 00 00 00 00 02 00 00 00 00 6C 16 
2018-07-10 10:19:14 722     2018/7/10 星期二 上午 10:19:14:接收     设置终端采样与上传参数成功！
2018-07-10 10:19:15 740     2018/7/10 星期二 上午 10:19:15:接收     68 FD 10 18 05 20 10 11 00 00 85 54 43 5F 53 54 56 31 30 31 DD 16 
2018-07-10 10:19:15 741     2018/7/10 星期二 上午 10:19:15:接收     终端地址101805201011厂商代码0000通讯模块上的电帧是:8554435F535456313031
2018-07-10 10:19:16 771     2018/7/10 星期二 上午 10:19:16:接收     68 92 10 18 05 20 10 23 00 00 7A 16 
2018-07-10 10:19:16 773     2018/7/10 星期二 上午 10:19:16:接收      终端地址：101805201023；厂家代码：0000
2018-07-10 10:19:17 791     2018/7/10 星期二 上午 10:19:17:接收     68 99 10 18 06 12 00 03 00 00 CB AB E9 31 12 12 88 12 48 06 8A 04 78 00 00 00 00 00 00 00 00 FF FF 00 00 FF FF 00 00 05 18 06 12 17 50 15 03 32 04 01 32 07 08 01 03 00 04 00 01 C5 CB A7 16 
2018-07-10 10:19:17 793     2018/7/10 星期二 上午 10:19:17:接收     终端地址：101806120003 厂商代码:0000
2018-07-10 10:19:17 809     2018/7/10 星期二 上午 10:19:17:接收     终端IP与端口：203.171.233.49 1212 SIM卡源:外置SIM
2018-07-10 10:19:17 811     2018/7/10 星期二 上午 10:19:17:接收       双采开关二:关； 双采开关一:开； 模拟量二:关； 模拟量一:关； 485开关:开； 485周期:4小时； 供电周期:6分钟充电8S；外部供电控制:10001010； 上传周期:24小时
2018-07-10 10:19:17 813     2018/7/10 星期二 上午 10:19:17:接收     双采表底数一:0000000 ；双采表底数二:0000000
2018-07-10 10:19:17 815     2018/7/10 星期二 上午 10:19:17:接收     通道一报警上限：65535 ；通道一报警下限：0 ；通道二报警上限：65535 ；通道二报警下限:0
2018-07-10 10:19:17 820     2018/7/10 星期二 上午 10:19:17:接收     终端时间：18年06月12日 17时50分15秒 ；时间源：GPRS自动校时
2018-07-10 10:19:17 823     2018/7/10 星期二 上午 10:19:17:接收     GPRS重复上传次数：3 ；等待延时：5000ms
2018-07-10 10:19:17 827     2018/7/10 星期二 上午 10:19:17:接收     波特率：2400 ；奇偶校验：偶校验 ；重复次数：0 ；数据等待时间：400 ；期待数据长度：7 ；下行数据长度：8 ；数据帧：010300040001C5CB
2018-07-10 10:19:18 810     2018/7/10 星期二 上午 10:19:18:接收     68 94 10 18 06 02 01 02 00 00 00 00 00 00 00 00 04 00 33 16 
2018-07-10 10:19:18 813     2018/7/10 星期二 上午 10:19:18:接收     设置终端采样与上传参数成功！
2018-07-10 10:19:19 831     2018/7/10 星期二 上午 10:19:19:接收     68 9A 10 18 06 02 01 02 00 00 35 16 
2018-07-10 10:19:19 834     2018/7/10 星期二 上午 10:19:19:接收     恢复出厂设置成功！
2018-07-10 10:19:20 851     2018/7/10 星期二 上午 10:19:20:接收     68 51 10 18 06 02 01 02 00 00 18 06 13 11 54 28 12 07 00 00 00 00 00 00 00 00 00 00 00 01 00 90 21 75 16 
2018-07-10 10:19:20 855     2018/7/10 星期二 上午 10:19:20:接收     表地址:101806020102；时间:18年06月13日11时54分28秒；LoRa返回标准数据:485数据长度:7 ； 双采开关二:关； 双采开关一:开；双采开关10000000000； 模拟量二:关； 模拟量一:关； 485开关:开；485数据:00000000000000；GPRS信号强度:-110dbm；外部供电电压:14.4V；单片机电压:2.33V
2018-07-10 10:19:21 871     2018/7/10 星期二 上午 10:19:21:接收     68 C1 10 18 06 02 01 02 00 00 55 55 00 00 06 16 
2018-07-10 10:19:21 874     2018/7/10 星期二 上午 10:19:21:接收     开阀成功
2018-07-10 10:19:22 890     2018/7/10 星期二 上午 10:19:22:接收     68 51 10 18 06 23 20 33 00 00 18 06 26 09 42 33 12 07 00 00 00 00 00 00 00 00 00 00 00 00 00 22 22 7C 16 
2018-07-10 10:19:22 893     2018/7/10 星期二 上午 10:19:22:接收     表地址:101806232033；时间:18年06月26日09时42分33秒；LoRa返回标准数据:485数据长度:7 ； 双采开关二:关； 双采开关一:开；双采开关10000000000； 模拟量二:关； 模拟量一:关； 485开关:开；485数据:00000000000000；GPRS信号强度:-110dbm；外部供电电压:3.4V；单片机电压:2.34V
2018-07-10 10:19:23 910     2018/7/10 星期二 上午 10:19:23:接收     68 B1 10 18 06 02 00 02 00 00 00 00 09 00 01 87 00 00 08 18 06 27 01 00 00 18 06 27 09 00 00 00 00 00 78 16 
2018-07-10 10:19:23 913     2018/7/10 星期二 上午 10:19:23:接收     查询备份信息记录条数:9,空余条数:391,末次记录索引号:8,首次记录日期时间:18年06月27日01时00分00秒,末次记录日期时间:18年06月27日09时00分00秒,待上传索引号:0
2018-07-10 10:19:25 031     2018/7/10 星期二 上午 10:19:25:接收     68 B2 10 18 06 02 00 02 00 00 00 00 00 1B 68 51 10 18 06 02 00 02 00 00 18 06 27 01 00 00 02 00 24 02 00 00 00 22 22 9D 16 00 00 00 00 22 22 B7 16 FF FF FF FF FF FF FF FF FF FF FF FF FF FF FF FF FF FF FF FF FF FF FF FF FF FF FF FF 23 68 51 10 00 00 18 03 29 00 00 18 04 18 19 00 00 12 07 00 00 00 00 00 00 00 00 01 23 00 00 00 22 22 DB 16 FF FF FF FF FF 96 16 
2018-07-10 10:19:25 035     2018/7/10 星期二 上午 10:19:25:接收     ；表地址101806020002；区域码0000；索引号:0；时间18年06月27日01时00分00秒；数据开关: 双采开关二:关； 双采开关一:开；双采开关1:2402000000； 模拟量二:关； 模拟量一:关； 485开关:关；GPRS信号强度:-110dbm；外部供电电压:3.4V；单片机电压:2.34V
2018-07-10 10:19:25 951     2018/7/10 星期二 上午 10:19:25:接收     68 B2 10 18 06 02 00 02 00 00 00 00 04 1B 68 51 10 18 06 02 00 02 00 00 18 06 27 05 00 00 02 00 24 02 00 00 00 22 22 A1 16 27 00 00 00 22 22 E0 16 FF FF FF FF FF FF FF FF FF FF FF FF FF FF FF FF FF FF FF FF FF FF FF FF FF FF FF FF 23 68 51 10 00 00 18 03 29 00 00 18 04 18 22 30 00 12 07 00 00 00 00 00 00 00 00 01 23 00 00 00 22 22 14 16 FF FF FF FF FF 64 16 
2018-07-10 10:19:25 955     2018/7/10 星期二 上午 10:19:25:接收     ；表地址101806020002；区域码0000；索引号:4；时间18年06月27日05时00分00秒；数据开关: 双采开关二:关； 双采开关一:开；双采开关1:2402000000； 模拟量二:关； 模拟量一:关； 485开关:关；GPRS信号强度:-110dbm；外部供电电压:3.4V；单片机电压:2.34V
2018-07-10 10:19:27 071     2018/7/10 星期二 上午 10:19:27:接收     68 94 30 18 06 30 00 02 00 00 00 00 22 07 00 00 00 00 A5 16 
2018-07-10 10:19:27 074     2018/7/10 星期二 上午 10:19:27:接收     设置终端采样与上传参数成功！
2018-07-10 10:19:27 990     2018/7/10 星期二 上午 10:19:27:接收     68 97 30 18 06 30 00 01 00 00 55 18 07 02 00 00 53 47 16 
2018-07-10 10:19:27 993     2018/7/10 星期二 上午 10:19:27:接收     设置时钟成功！
2018-07-10 10:37:02 762     2018/7/10 星期二 上午 10:37:02:接收     68 51 10 18 06 23 20 30 00 00 18 06 25 15 07 27 02 00 00 00 00 00 00 21 21 24 16 
2018-07-10 10:37:02 766     2018/7/10 星期二 上午 10:37:02:接收     表地址:101806232030；时间:18年06月25日15时07分27秒；LoRa返回标准数据:485数据长度:0 ； 双采开关二:关； 双采开关一:开；双采开关10000000000； 模拟量二:关； 模拟量一:关； 485开关:关GPRS信号强度:-110dbm；外部供电电压:3.3V；单片机电压:2.33V
2018-07-10 10:38:13 637     2018/7/10 星期二 上午 10:38:13:接收     68 93 10 12 34 56 78 90 00 00 3F 14 3C 88 00 48 0E 16 
2018-07-10 10:38:58 579     2018/7/10 星期二 上午 10:38:58:接收     68 93 10 12 34 56 78 90 00 00 1F 01 FF FF FF 01 CD 16 
2018-07-10 10:39:39 523     2018/7/10 星期二 上午 10:39:39:接收     68 93 10 12 34 56 78 90 00 00 1F 01 FF FF FF 01 CD 16 
2018-07-10 10:39:39 526     2018/7/10 星期二 上午 10:39:39:接收     表地址101234567890厂商代码0000设置终端采样与上传参数成功！
2018-07-10 10:48:54 110     2018/7/10 星期二 上午 10:48:54:接收     68 B0 30 18 06 30 00 01 00 00 4E 42 52 51 5F 43 4F 50 37 37 79 16 
2018-07-10 10:48:54 114     2018/7/10 星期二 上午 10:48:54:接收       表地址：301806300001厂商代码：0000；版本号：NBRQ_COP77
2018-07-10 10:49:21 816     2018/7/10 星期二 上午 10:49:21:接收     68 FD 30 18 06 30 00 02 00 00 85 54 43 5F 53 54 56 31 30 31 EF 16 
2018-07-10 10:50:20 837     2018/7/10 星期二 上午 10:50:20:接收     68 FD 30 18 06 30 00 02 00 00 85 54 43 5F 53 54 56 31 30 31 EF 16 
2018-07-10 10:52:09 067     2018/7/10 星期二 上午 10:52:09:接收     68 FD 30 18 06 30 00 02 00 00 85 54 43 5F 53 54 56 31 30 31 EF 16 
2018-07-10 10:52:26 896     2018/7/10 星期二 上午 10:52:26:接收     68 FD 30 18 06 30 00 02 00 00 85 54 43 5F 53 54 56 31 30 31 EF 16 
2018-07-10 10:57:05 864     2018/7/10 星期二 上午 10:57:05:接收     68 FD 30 18 06 30 00 02 00 00 85 54 43 5F 53 54 56 31 30 31 EF 16 
2018-07-10 10:57:46 880     2018/7/10 星期二 上午 10:57:46:接收     68 FD 30 18 06 30 00 02 00 00 85 54 43 5F 53 54 56 31 30 31 EF 16 
2018-07-10 10:58:37 611     2018/7/10 星期二 上午 10:58:37:接收     68 FD 30 18 06 30 00 02 00 00 85 54 43 5F 53 54 56 31 30 31 EF 16 
2018-07-10 11:00:51 102     2018/7/10 星期二 上午 11:00:51:接收     68 FD 30 18 06 30 00 02 00 00 85 54 43 5F 53 54 56 31 30 31 EF 16 
2018-07-10 11:00:53 786     2018/7/10 星期二 上午 11:00:53:接收     通讯模块上电返回的数据:终端地址：301806300002；厂商代码：0000；版本号:TC_STV101?
2018-07-10 11:01:28 036     2018/7/10 星期二 上午 11:01:28:接收     68 FD 30 18 06 30 00 02 00 00 85 54 43 5F 53 54 56 31 30 31 EF 16 
2018-07-10 11:01:32 795     2018/7/10 星期二 上午 11:01:32:接收     通讯模块上电返回的数据:终端地址：301806300002；厂商代码：0000；版本号:TC_STV101
2018-07-10 11:10:42 641     2018/7/10 星期二 上午 11:10:42:接收     68 51 30 18 06 30 00 02 00 00 18 06 30 15 36 44 12 07 00 00 00 00 00 00 00 00 00 17 80 00 00 94 20 7A 16 
2018-07-10 11:10:42 644     2018/7/10 星期二 上午 11:10:42:接收     LoRa返回标准数据:表地址:301806300002；时间:18年06月30日15时36分44秒485数据长度:7 ； 双采开关二:关； 双采开关一:开；双采开关一0； 模拟量二:关； 模拟量一:关； 485开关:开；485数据:00000000000000；；GPRS信号强度:-110dbm；外部供电电压:14.8V；单片机电压:2.32V
2018-07-10 11:19:19 422     2018/7/10 星期二 上午 11:19:19:接收     68 51 30 18 06 30 00 02 00 00 18 06 30 15 36 44 12 07 00 00 00 00 00 00 00 00 00 17 80 00 00 94 20 7A 16 
2018-07-10 11:19:19 426     2018/7/10 星期二 上午 11:19:19:接收     LoRa返回标准数据:表地址:301806300002；时间:18年06月30日15时36分44秒485数据长度:7 ； 双采开关二:关； 双采开关一:开；双采开关一：0； 模拟量二:关； 模拟量一:关； 485开关:开；485数据:00000000000000；；GPRS信号强度:-110dbm；外部供电电压:14.8V；单片机电压:2.32V
2018-07-10 11:45:14 393     2018/7/10 星期二 上午 11:45:14:接收     68 C1 30 18 06 30 00 02 00 00 55 55 00 00 53 16 
2018-07-10 11:45:34 506     2018/7/10 星期二 上午 11:45:34:接收     68 C1 30 18 06 30 00 02 00 00 55 55 00 00 53 16 
2018-07-10 11:48:40 818     2018/7/10 星期二 上午 11:48:40:接收     68 C1 30 18 06 30 00 02 00 00 55 55 00 00 53 16 
2018-07-10 11:48:40 822     2018/7/10 星期二 上午 11:48:40:接收     开阀指令：；表地址：301806300002；厂商代码：0000表状态:阀门状态:开测量状态:正常通讯状态:正常干簧管状态:正常低电状态:正常攻击状态:正常；执行结果控阀成功
2018-07-10 11:49:36 363     2018/7/10 星期二 上午 11:49:36:接收     68 C1 30 18 06 30 00 02 00 00 55 55 00 00 53 16 
2018-07-10 11:49:36 366     2018/7/10 星期二 上午 11:49:36:接收     开阀指令：；表地址：301806300002；厂商代码：0000表状态:阀门状态:开测量状态:正常通讯状态:正常干簧管状态:正常低电状态:正常攻击状态:正常；执行结果控阀成功
2018-07-10 11:50:59 702     2018/7/10 星期二 上午 11:50:59:接收     68 C1 30 18 06 30 00 02 00 00 55 55 00 00 53 16 
2018-07-10 11:50:59 705     2018/7/10 星期二 上午 11:50:59:接收     开阀指令：；表地址：301806300002；厂商代码：0000；表状态:阀门状态:开；测量状态:正常；通讯状态:正常；干簧管状态:正常；低电状态:正常；攻击状态:正常；；执行结果控阀成功；
2018-07-10 12:01:24 361     2018/7/10 星期二 下午 12:01:24:接收     68 B1 10 18 06 02 00 01 00 00 00 00 2A 00 01 66 00 00 29 18 07 01 12 30 00 18 06 04 15 00 00 00 00 00 9D 16 
2018-07-10 12:01:24 365     2018/7/10 星期二 下午 12:01:24:接收     查询备份信息记录条数:42,空余条数:358,末次记录索引号:41
,首次记录日期时间:18年07月01日12时30分00秒
,末次记录日期时间:18年06月04日15时00分00秒,待上传索引号:0
2018-07-10 12:02:01 441     2018/7/10 星期二 下午 12:02:01:接收     68 B1 10 18 06 02 00 01 00 00 00 00 2A 00 01 66 00 00 29 18 07 01 12 30 00 18 06 04 15 00 00 00 00 00 9D 16 
2018-07-10 12:02:01 443     2018/7/10 星期二 下午 12:02:01:接收     查询备份信息记录条数:42,空余条数:358,末次记录索引号:41
,首次记录日期时间:18年07月01日12时30分00秒
,末次记录日期时间:18年06月04日15时00分00秒,待上传索引号:0
2018-07-10 12:02:21 787     2018/7/10 星期二 下午 12:02:21:接收     68 B1 10 18 06 02 00 01 00 00 00 00 2A 00 01 66 00 00 29 18 07 01 12 30 00 18 06 04 15 00 00 00 00 00 9D 16 
2018-07-10 12:02:54 742     2018/7/10 星期二 下午 12:02:53:接收     查询备份信息记录条数:42,空余条数:358,末次记录索引号:41
,首次记录日期时间:18年07月01日12时30分00秒
,末次记录日期时间:18年06月04日15时00分00秒,待上传索引号:0
2018-07-10 13:35:12 307     2018/7/10 星期二 下午 01:35:12:接收     68 B1 10 18 06 23 20 30 00 00 00 00 0B 00 01 85 00 00 0A 18 06 25 10 00 00 18 06 25 15 07 27 00 00 00 2E 16 
2018-07-10 13:35:12 324     2018/7/10 星期二 下午 01:35:12:接收     查询备份信息记录条数:11,空余条数:389,末次记录索引号:10
,首次记录日期时间:18年06月25日10时00分00秒
,末次记录日期时间:18年06月25日15时07分27秒,待上传索引号:0
2018-07-10 13:36:01 348     2018/7/10 星期二 下午 01:36:01:接收     68 B1 10 18 06 23 20 30 00 00 00 00 0B 00 01 85 00 00 0A 18 06 25 10 00 00 18 06 25 15 07 27 00 00 00 2E 16 
2018-07-10 13:36:10 869     2018/7/10 星期二 下午 01:36:10:接收     查询备份信息记录条数:11,空余条数:389,末次记录索引号:10
,首次记录日期时间:18年06月25日10时00分00秒
,末次记录日期时间:18年06月25日15时07分27秒,待上传索引号:0
2018-07-10 13:36:31 891     2018/7/10 星期二 下午 01:36:31:接收     68 B1 10 18 06 23 20 30 00 00 00 00 0B 00 01 85 00 00 0A 18 06 25 10 00 00 18 06 25 15 07 27 00 00 00 2E 16 
2018-07-10 13:36:34 035     2018/7/10 星期二 下午 01:36:34:接收     查询备份信息记录条数:11,空余条数:389,末次记录索引号:10
,首次记录日期时间:18年06月25日10时00分00秒
,末次记录日期时间:18年06月25日15时07分27秒,待上传索引号:0
2018-07-10 13:38:34 418     2018/7/10 星期二 下午 01:38:34:接收     68 B1 10 18 06 23 20 30 00 00 00 00 0D 00 01 83 00 00 0C 18 06 25 10 00 00 18 06 25 15 37 01 00 00 00 3A 16 
2018-07-10 13:38:34 421     2018/7/10 星期二 下午 01:38:34:接收     查询备份信息记录条数:13,空余条数:387,末次记录索引号:12
,首次记录日期时间:18年06月25日10时00分00秒
,末次记录日期时间:18年06月25日15时37分01秒,待上传索引号:0
2018-07-10 13:38:41 570     2018/7/10 星期二 下午 01:38:41:接收     68 B1 10 18 06 23 20 30 00 00 00 00 0D 00 01 83 00 00 0C 18 06 25 10 00 00 18 06 25 15 37 01 00 00 11 3A 16 
2018-07-10 13:38:41 572     2018/7/10 星期二 下午 01:38:41:接收     查询备份信息记录条数:13,空余条数:387,末次记录索引号:12
,首次记录日期时间:18年06月25日10时00分00秒
,末次记录日期时间:18年06月25日15时37分01秒,待上传索引号:17
2018-07-10 13:38:49 279     2018/7/10 星期二 下午 01:38:49:接收     68 B1 10 18 06 23 20 30 00 00 00 00 0D 00 01 83 00 00 0C 18 06 25 10 00 00 18 06 25 15 37 01 11 00 11 3A 16 
2018-07-10 13:38:49 280     2018/7/10 星期二 下午 01:38:49:接收     查询备份信息记录条数:13,空余条数:387,末次记录索引号:12
,首次记录日期时间:18年06月25日10时00分00秒
,末次记录日期时间:18年06月25日15时37分01秒,待上传索引号:1114129
2018-07-10 13:38:54 550     2018/7/10 星期二 下午 01:38:54:接收     68 B1 10 18 06 23 20 30 00 00 00 00 0D 00 01 83 00 00 0C 18 06 25 10 00 00 18 06 25 15 37 01 11 11 11 3A 16 
2018-07-10 13:38:54 615     2018/7/10 星期二 下午 01:38:54:接收     查询备份信息记录条数:13,空余条数:387,末次记录索引号:12
,首次记录日期时间:18年06月25日10时00分00秒
,末次记录日期时间:18年06月25日15时37分01秒,待上传索引号:1118481
2018-07-10 13:39:02 847     2018/7/10 星期二 下午 01:39:02:接收     68 B1 10 18 06 23 20 30 00 00 00 00 0D 00 01 83 00 00 0C 18 06 25 10 11 11 18 06 25 15 37 01 11 11 11 3A 16 
2018-07-10 13:39:02 851     2018/7/10 星期二 下午 01:39:02:接收     查询备份信息记录条数:13,空余条数:387,末次记录索引号:12
,首次记录日期时间:18年06月25日10时11分11秒
,末次记录日期时间:18年06月25日15时37分01秒,待上传索引号:1118481
2018-07-10 13:39:18 159     2018/7/10 星期二 下午 01:39:18:接收     68 B1 10 18 06 23 20 30 11 11 11 11 0D 00 01 83 11 11 0C 18 06 25 10 11 11 18 06 25 15 37 01 11 11 11 3A 16 
2018-07-10 13:39:18 161     2018/7/10 星期二 下午 01:39:18:接收     查询备份信息记录条数:1118477,空余条数:387,末次记录索引号:1118476
,首次记录日期时间:18年06月25日10时11分11秒
,末次记录日期时间:18年06月25日15时37分01秒,待上传索引号:1118481
2018-07-10 13:39:26 910     2018/7/10 星期二 下午 01:39:26:接收     68 B1 10 18 06 23 20 30 11 11 11 11 0D 11 01 83 11 11 0C 18 06 25 10 11 11 18 06 25 15 37 01 11 11 11 3A 16 
2018-07-10 13:39:26 913     2018/7/10 星期二 下午 01:39:26:接收     查询备份信息记录条数:1118477,空余条数:1114499,末次记录索引号:1118476
,首次记录日期时间:18年06月25日10时11分11秒
,末次记录日期时间:18年06月25日15时37分01秒,待上传索引号:1118481
2018-07-10 13:39:29 678     2018/7/10 星期二 下午 01:39:29:接收     68 B1 10 18 06 23 20 30 11 11 11 11 0D 11 01 83 11 11 0C 18 06 25 10 11 11 18 06 25 15 37 01 11 11 11 3A 16 
2018-07-10 13:39:29 680     2018/7/10 星期二 下午 01:39:29:接收     查询备份信息记录条数:1118477,空余条数:1114499,末次记录索引号:1118476
,首次记录日期时间:18年06月25日10时11分11秒
,末次记录日期时间:18年06月25日15时37分01秒,待上传索引号:1118481
2018-07-10 13:41:28 915     2018/7/10 星期二 下午 01:41:28:接收     68 B1 10 18 06 23 20 30 00 00 00 00 0D 00 01 83 00 00 0C 18 06 25 10 00 00 18 06 25 15 37 01 00 00 00 3A 16 
2018-07-10 13:41:28 919     2018/7/10 星期二 下午 01:41:28:接收     查询备份信息记录条数:13,空余条数:387,末次记录索引号:12,首次记录日期时间:18年06月25日10时00分00秒,末次记录日期时间:18年06月25日15时37分01秒,待上传索引号:0
2018-07-10 13:42:28 519     2018/7/10 星期二 下午 01:42:28:接收     68 B2 10 18 06 02 00 02 00 00 00 00 00 1B 68 51 10 18 06 02 00 02 00 00 18 06 27 01 00 00 02 00 24 02 00 00 00 22 22 9D 16 00 00 00 00 22 22 B7 16 FF FF FF FF FF FF FF FF FF FF FF FF FF FF FF FF FF FF FF FF FF FF FF FF FF FF FF FF 23 68 51 10 00 00 18 03 29 00 00 18 04 18 19 00 00 12 07 00 00 00 00 00 00 00 00 01 23 00 00 00 22 22 DB 16 FF FF FF FF FF 96 16 FF 
2018-07-10 13:42:35 913     2018/7/10 星期二 下午 01:42:35:接收     68 B2 10 18 06 02 00 02 00 00 00 00 00 1B 68 51 10 18 06 02 00 02 00 00 18 06 27 01 00 00 02 00 24 02 00 00 00 22 22 9D 16 00 00 00 00 22 22 B7 16 FF FF FF FF FF FF FF FF FF FF FF FF FF FF FF FF FF FF FF FF FF FF FF FF FF FF FF FF 23 68 51 10 00 00 18 03 29 00 00 18 04 18 19 00 00 12 07 00 00 00 00 00 00 00 00 01 23 00 00 00 22 22 DB 16 FF FF FF FF FF 96 16 
2018-07-10 13:42:35 915     2018/7/10 星期二 下午 01:42:35:接收     请求数据：；表地址101806020002；区域码0000；索引号:0；时间18年06月27日01时00分00秒；数据开关: 双采开关二:关； 双采开关一:开；双采开关一:24020000阀门状态:开；测量状态:正常；通讯状态:正常；干簧管状态:正常；低电状态:正常；攻击状态:正常；； 模拟量二:关； 模拟量一:关； 485开关:关；GPRS信号强度:-110dbm；外部供电电压:3.4V；单片机电压:2.34V
2018-07-10 13:45:49 268     2018/7/10 星期二 下午 01:45:49:接收     68 99 10 18 06 07 00 01 00 00 75 9E 86 DB 90 20 88 02 01 00 00 00 00 00 06 96 02 00 00 00 00 FF FF 00 00 FF FF 00 00 08 18 06 27 00 30 26 03 1E 04 01 32 07 08 01 03 00 04 00 01 C5 CB 23 16 
2018-07-10 13:45:49 272     2018/7/10 星期二 下午 01:45:49:接收     终端地址：101806070001 厂商代码:0000
2018-07-10 13:45:49 273     2018/7/10 星期二 下午 01:45:49:接收     终端IP与端口：117.158.134.219 9020 SIM卡源:外置SIM
2018-07-10 13:46:41 753     2018/7/10 星期二 下午 01:46:41:接收     68 99 10 18 06 07 00 01 00 00 75 9E 86 DB 90 20 88 02 01 00 00 00 00 00 06 96 02 00 00 00 00 FF FF 00 00 FF FF 00 00 08 01 01 01 01 01 54 03 32 04 01 32 07 08 01 03 00 04 00 01 C5 CB F5 16 
2018-07-10 13:46:41 757     2018/7/10 星期二 下午 01:46:41:接收     终端地址：101806070001 厂商代码:0000
2018-07-10 13:46:41 759     2018/7/10 星期二 下午 01:46:41:接收     终端IP与端口：117.158.134.219 9020 SIM卡源:外置SIM
2018-07-10 13:49:10 961     2018/7/10 星期二 下午 01:49:10:接收       双采开关二:关； 双采开关一:开； 模拟量二:关； 模拟量一:关； 485开关:关； 485周期:5分钟； 供电周期:0分钟充电8S；外部供电控制:0； 上传周期:30分钟
2018-07-10 13:49:10 963     2018/7/10 星期二 下午 01:49:10:接收     双采表底数一:0006962 ；双采表底数二:0000000
2018-07-10 13:49:10 964     2018/7/10 星期二 下午 01:49:10:接收     通道一报警上限：65535 ；通道一报警下限：0 ；通道二报警上限：65535 ；通道二报警下限:0
2018-07-10 13:49:10 965     2018/7/10 星期二 下午 01:49:10:接收     终端时间：01年01月01日 01时01分54秒 ；时间源：设定时钟
2018-07-10 13:49:10 967     2018/7/10 星期二 下午 01:49:10:接收     GPRS重复上传次数：3 ；等待延时：5000ms
2018-07-10 13:49:10 990     2018/7/10 星期二 下午 01:49:10:接收     波特率：2400 ；奇偶校验：偶校验 ；重复次数：0 ；数据等待时间：400 ；期待数据长度：7 ；下行数据长度：8 ；数据帧：010300040001C5CB
2018-07-10 13:49:11 099     2018/7/10 星期二 下午 01:49:11:接收     68 99 10 18 03 04 05 06 00 00 CB AB E9 31 12 12 88 12 48 06 8A 04 78 00 00 00 00 00 00 00 00 FF FF 00 00 FF FF 00 00 05 18 06 29 10 56 20 03 32 04 01 32 07 08 01 03 00 04 00 01 C5 CB BF 16 68 99 10 18 06 23 20 34 00 00 00 00 86 DB 90 20 88 12 01 06 8A 04 04 00 00 00 00 00 00 00 00 FF FF 00 00 FF FF 00 00 05 18 06 25 15 27 04 03 32 04 01 32 07 08 01 03 00 04 00 01 C5 CB 82 16 
2018-07-10 13:49:11 100     2018/7/10 星期二 下午 01:49:11:接收     终端地址：101803040506 厂商代码:0000
2018-07-10 13:49:11 104     2018/7/10 星期二 下午 01:49:11:接收     终端IP与端口：203.171.233.49 1212 SIM卡源:外置SIM
2018-07-10 13:49:11 105     2018/7/10 星期二 下午 01:49:11:接收       双采开关二:关； 双采开关一:开； 模拟量二:关； 模拟量一:关； 485开关:开； 485周期:4小时； 供电周期:6分钟充电8S；外部供电控制:10001010； 上传周期:24小时
2018-07-10 13:49:11 109     2018/7/10 星期二 下午 01:49:11:接收     双采表底数一:0000000 ；双采表底数二:0000000
2018-07-10 13:49:11 111     2018/7/10 星期二 下午 01:49:11:接收     通道一报警上限：65535 ；通道一报警下限：0 ；通道二报警上限：65535 ；通道二报警下限:0
2018-07-10 13:49:11 114     2018/7/10 星期二 下午 01:49:11:接收     终端时间：18年06月29日 10时56分20秒 ；时间源：GPRS自动校时
2018-07-10 13:49:11 115     2018/7/10 星期二 下午 01:49:11:接收     GPRS重复上传次数：3 ；等待延时：5000ms
2018-07-10 13:49:11 117     2018/7/10 星期二 下午 01:49:11:接收     波特率：2400 ；奇偶校验：偶校验 ；重复次数：0 ；数据等待时间：400 ；期待数据长度：7 ；下行数据长度：8 ；数据帧：010300040001C5CB
2018-07-10 13:49:30 056     2018/7/10 星期二 下午 01:49:30:接收     68 99 10 18 06 23 20 34 00 00 00 00 86 DB 90 20 88 12 01 06 8A 04 04 00 00 00 00 00 00 00 00 FF FF 00 00 FF FF 00 00 05 18 06 25 15 27 04 03 32 04 01 32 07 08 01 03 00 04 00 01 C5 CB 82 16 
2018-07-10 13:49:30 058     2018/7/10 星期二 下午 01:49:30:接收     终端地址：101806232034 厂商代码:0000
2018-07-10 13:49:30 059     2018/7/10 星期二 下午 01:49:30:接收     终端IP与端口：0.0.134.219 9020 SIM卡源:外置SIM
2018-07-10 13:49:30 060     2018/7/10 星期二 下午 01:49:30:接收       双采开关二:关； 双采开关一:开； 模拟量二:关； 模拟量一:关； 485开关:开； 485周期:5分钟； 供电周期:6分钟充电8S；外部供电控制:10001010； 上传周期:2小时
2018-07-10 13:49:30 061     2018/7/10 星期二 下午 01:49:30:接收     双采表底数一:0000000 ；双采表底数二:0000000
2018-07-10 13:49:30 070     2018/7/10 星期二 下午 01:49:30:接收     通道一报警上限：65535 ；通道一报警下限：0 ；通道二报警上限：65535 ；通道二报警下限:0
2018-07-10 13:49:30 073     2018/7/10 星期二 下午 01:49:30:接收     终端时间：18年06月25日 15时27分04秒 ；时间源：GPRS自动校时
2018-07-10 13:49:30 074     2018/7/10 星期二 下午 01:49:30:接收     GPRS重复上传次数：3 ；等待延时：5000ms
2018-07-10 13:49:30 075     2018/7/10 星期二 下午 01:49:30:接收     波特率：2400 ；奇偶校验：偶校验 ；重复次数：0 ；数据等待时间：400 ；期待数据长度：7 ；下行数据长度：8 ；数据帧：010300040001C5CB
2018-07-10 13:50:37 476     2018/7/10 星期二 下午 01:50:37:接收     68 99 10 18 06 23 20 34 00 00 00 00 86 DB 90 20 88 12 01 06 8A 04 04 00 00 00 00 00 00 00 00 FF FF 00 00 FF FF 00 00 05 18 06 25 15 27 04 03 32 04 01 32 07 08 01 03 00 04 00 01 C5 CB 82 16 
2018-07-10 13:50:37 477     2018/7/10 星期二 下午 01:50:37:接收     终端地址：101806232034 厂商代码:0000
2018-07-10 13:50:37 480     2018/7/10 星期二 下午 01:50:37:接收     终端IP与端口：0.0.134.219 9020 SIM卡源:外置SIM
2018-07-10 13:54:41 227     2018/7/10 星期二 下午 01:54:41:接收       双采开关二:关； 双采开关一:开； 模拟量二:关； 模拟量一:关； 485开关:开； 485周期:5分钟； 供电周期:6分钟充电8S；外部供电控制:10001010； 上传周期:2小时
2018-07-10 13:54:41 233     2018/7/10 星期二 下午 01:54:41:接收     双采表底数一:0000000 ；双采表底数二:0000000
2018-07-10 13:54:41 236     2018/7/10 星期二 下午 01:54:41:接收     通道一报警上限：65535 ；通道一报警下限：0 ；通道二报警上限：65535 ；通道二报警下限:0
2018-07-10 13:54:41 244     2018/7/10 星期二 下午 01:54:41:接收     终端时间：18年06月25日 15时27分04秒 ；时间源：GPRS自动校时
2018-07-10 13:54:41 247     2018/7/10 星期二 下午 01:54:41:接收     GPRS重复上传次数：3 ；等待延时：5000ms
2018-07-10 13:54:41 249     2018/7/10 星期二 下午 01:54:41:接收     波特率：2400 ；奇偶校验：偶校验 ；重复次数：0 ；数据等待时间：400 ；期待数据长度：7 ；下行数据长度：8 ；数据帧：010300040001C5CB
2018-07-10 14:02:31 094     2018/7/10 星期二 下午 02:02:31:接收     68 99 10 18 06 23 20 34 00 00 75 9E 86 DB 90 20 88 12 01 06 8A 04 04 00 00 00 00 00 00 00 00 FF FF 00 00 FF FF 00 00 05 18 06 25 15 27 55 03 32 04 01 32 07 08 01 03 00 04 00 01 C5 CB E6 16 
2018-07-10 14:02:31 098     2018/7/10 星期二 下午 02:02:31:接收     终端地址：101806232034 厂商代码:0000
2018-07-10 14:02:31 099     2018/7/10 星期二 下午 02:02:31:接收     终端IP与端口：117.158.134.219 9020 SIM卡源:外置SIM
2018-07-10 14:02:36 334     2018/7/10 星期二 下午 02:02:36:接收       双采开关二:关； 双采开关一:开； 模拟量二:关； 模拟量一:关； 485开关:开； 485周期:5分钟； 供电周期:6分钟充电8S；外部供电控制:10001010； 上传周期:2小时
2018-07-10 14:02:36 336     2018/7/10 星期二 下午 02:02:36:接收     双采表底数一:0 ；双采表底数二:0
2018-07-10 14:02:36 337     2018/7/10 星期二 下午 02:02:36:接收     通道一报警上限：65535 ；通道一报警下限：0 ；通道二报警上限：65535 ；通道二报警下限:0
2018-07-10 14:02:36 338     2018/7/10 星期二 下午 02:02:36:接收     终端时间：18年06月25日 15时27分55秒 ；时间源：GPRS自动校时
2018-07-10 14:02:36 341     2018/7/10 星期二 下午 02:02:36:接收     GPRS重复上传次数：3 ；等待延时：5000ms
2018-07-10 14:02:36 343     2018/7/10 星期二 下午 02:02:36:接收     波特率：2400 ；奇偶校验：偶校验 ；重复次数：0 ；数据等待时间：400 ；期待数据长度：7 ；下行数据长度：8 ；数据帧：010300040001C5CB
2018-07-10 14:04:34 010     2018/7/10 星期二 下午 02:04:33:接收     68 B2 10 18 06 02 00 02 00 00 00 00 01 1B 68 51 10 18 06 02 00 02 00 00 18 06 27 02 00 00 02 00 24 02 00 00 00 22 22 9E 16 00 00 00 00 21 21 D7 16 FF FF FF FF FF FF FF FF FF FF FF FF FF FF FF FF FF FF FF FF FF FF FF FF FF FF FF FF 23 68 51 10 00 00 18 03 29 00 00 18 04 18 19 30 00 12 07 00 00 00 00 00 00 00 00 01 23 00 00 00 22 22 0B 16 FF FF FF FF FF 17 16 
2018-07-10 14:05:01 352     2018/7/10 星期二 下午 02:05:01:接收     68 B2 10 18 06 02 00 02 00 00 00 00 01 1B 68 51 10 18 06 02 00 02 00 00 18 06 27 02 00 00 02 00 24 02 00 00 00 22 22 9E 16 00 00 00 00 21 21 D7 16 FF FF FF FF FF FF FF FF FF FF FF FF FF FF FF FF FF FF FF FF FF FF FF FF FF FF FF FF 23 68 51 10 00 00 18 03 29 00 00 18 04 18 19 30 00 12 07 00 00 00 00 00 00 00 00 01 23 00 00 00 22 22 0B 16 FF FF FF FF FF 17 16 
2018-07-10 14:05:45 881     2018/7/10 星期二 下午 02:05:45:接收     68 B2 10 18 06 02 00 02 00 00 00 00 01 1B 68 51 10 18 06 02 00 02 00 00 18 06 27 02 00 00 02 00 24 02 00 00 00 22 22 9E 16 00 00 00 00 21 21 D7 16 FF FF FF FF FF FF FF FF FF FF FF FF FF FF FF FF FF FF FF FF FF FF FF FF FF FF FF FF 23 68 51 10 00 00 18 03 29 00 00 18 04 18 19 30 00 12 07 00 00 00 00 00 00 00 00 01 23 00 00 00 22 22 0B 16 FF FF FF FF FF 17 16 
2018-07-10 14:06:33 917     2018/7/10 星期二 下午 02:06:33:接收     68 B2 10 18 06 02 00 02 00 00 00 00 01 1B 68 51 10 18 06 02 00 02 00 00 18 06 27 02 00 00 02 00 24 02 00 00 00 22 22 9E 16 00 00 00 00 21 21 D7 16 FF FF FF FF FF FF FF FF FF FF FF FF FF FF FF FF FF FF FF FF FF FF FF FF FF FF FF FF 23 68 51 10 00 00 18 03 29 00 00 18 04 18 19 30 00 12 07 00 00 00 00 00 00 00 00 01 23 00 00 00 22 22 0B 16 FF FF FF FF FF 17 16 
2018-07-10 14:13:58 710     2018/7/10 星期二 下午 02:13:58:接收     68 B2 10 18 06 02 00 02 00 00 00 00 01 1B 68 51 10 18 06 02 00 02 00 00 18 06 27 02 00 00 02 00 24 02 00 00 00 22 22 9E 16 00 00 00 00 21 21 D7 16 FF FF FF FF FF FF FF FF FF FF FF FF FF FF FF FF FF FF FF FF FF FF FF FF FF FF FF FF 23 68 51 10 00 00 18 03 29 00 00 18 04 18 19 30 00 12 07 00 00 00 00 00 00 00 00 01 23 00 00 00 22 22 0B 16 FF FF FF FF FF 17 16 
2018-07-10 14:15:37 506     2018/7/10 星期二 下午 02:15:37:接收     68 B2 10 18 06 02 00 02 00 00 00 00 01 1B 68 51 10 18 06 02 00 02 00 00 18 06 27 02 00 00 02 00 24 02 00 00 00 22 22 9E 16 00 00 00 00 21 21 D7 16 FF FF FF FF FF FF FF FF FF FF FF FF FF FF FF FF FF FF FF FF FF FF FF FF FF FF FF FF 23 68 51 10 00 00 18 03 29 00 00 18 04 18 19 30 00 12 07 00 00 00 00 00 00 00 00 01 23 00 00 00 22 22 0B 16 FF FF FF FF FF 17 16 
2018-07-10 14:15:37 510     2018/7/10 星期二 下午 02:15:37:接收     请求数据：表地址101806020002；区域码0000；索引号:1；时间18年06月27日02时00分00秒；数据开关: 双采开关二:关； 双采开关一:开；双采开关一:24020000阀门状态:开；测量状态:正常；通讯状态:正常；干簧管状态:正常；低电状态:正常；攻击状态:正常；； 模拟量二:关； 模拟量一:关； 485开关:关；GPRS信号强度:-110dbm；外部供电电压:3.4V；单片机电压:2.34V
2018-07-10 14:16:44 630     2018/7/10 星期二 下午 02:16:44:接收     68 9E 10 18 05 20 10 11 00 00 23 34 36 30 31 31 31 31 31 36 39 30 31 35 39 32 23 38 36 38 37 34 34 30 33 32 32 36 37 32 38 32 23 FF 23 13 16 
2018-07-10 14:16:44 634     2018/7/10 星期二 下午 02:16:44:接收     表地址101805201011厂商代码0000CIMI数据:460111116901592,；IMEI数据：868744032267282
2018-07-10 14:16:45 645     2018/7/10 星期二 下午 02:16:45:接收     68 94 10 18 05 20 10 11 00 00 00 00 00 02 00 00 00 00 6C 16 
2018-07-10 14:16:45 646     2018/7/10 星期二 下午 02:16:45:接收     设置终端采样与上传参数成功！
2018-07-10 14:16:46 690     2018/7/10 星期二 下午 02:16:46:接收     68 FD 10 18 05 20 10 11 00 00 85 54 43 5F 53 54 56 31 30 31 DD 16 
2018-07-10 14:16:46 692     2018/7/10 星期二 下午 02:16:46:接收     通讯模块上电返回的数据:终端地址：101805201011；厂商代码：0000；版本号:TC_STV101
2018-07-10 14:16:47 784     2018/7/10 星期二 下午 02:16:47:接收     68 92 10 18 05 20 10 23 00 00 7A 16 
2018-07-10 14:16:47 785     2018/7/10 星期二 下午 02:16:47:接收      终端地址：101805201023；厂家代码：0000
2018-07-10 14:16:48 706     2018/7/10 星期二 下午 02:16:48:接收     68 99 10 18 06 12 00 03 00 00 CB AB E9 31 12 12 88 12 48 06 8A 04 78 00 00 00 00 00 00 00 00 FF FF 00 00 FF FF 00 00 05 18 06 12 17 50 15 03 32 04 01 32 07 08 01 03 00 04 00 01 C5 CB A7 16 
2018-07-10 14:16:48 707     2018/7/10 星期二 下午 02:16:48:接收     终端地址：101806120003 厂商代码:0000
2018-07-10 14:16:48 708     2018/7/10 星期二 下午 02:16:48:接收     终端IP与端口：203.171.233.49 1212 SIM卡源:外置SIM
2018-07-10 14:16:48 710     2018/7/10 星期二 下午 02:16:48:接收       双采开关二:关； 双采开关一:开； 模拟量二:关； 模拟量一:关； 485开关:开； 485周期:4小时； 供电周期:6分钟充电8S；外部供电控制:10001010； 上传周期:24小时
2018-07-10 14:16:48 711     2018/7/10 星期二 下午 02:16:48:接收     双采表底数一:0 ；双采表底数二:0
2018-07-10 14:16:48 713     2018/7/10 星期二 下午 02:16:48:接收     通道一报警上限：65535 ；通道一报警下限：0 ；通道二报警上限：65535 ；通道二报警下限:0
2018-07-10 14:16:48 716     2018/7/10 星期二 下午 02:16:48:接收     终端时间：18年06月12日 17时50分15秒 ；时间源：GPRS自动校时
2018-07-10 14:16:48 719     2018/7/10 星期二 下午 02:16:48:接收     GPRS重复上传次数：3 ；等待延时：5000ms
2018-07-10 14:16:48 721     2018/7/10 星期二 下午 02:16:48:接收     波特率：2400 ；奇偶校验：偶校验 ；重复次数：0 ；数据等待时间：400 ；期待数据长度：7 ；下行数据长度：8 ；数据帧：010300040001C5CB
2018-07-10 14:16:49 726     2018/7/10 星期二 下午 02:16:49:接收     68 94 10 18 06 02 01 02 00 00 00 00 00 00 00 00 04 00 33 16 
2018-07-10 14:16:49 728     2018/7/10 星期二 下午 02:16:49:接收     设置终端采样与上传参数成功！
2018-07-10 14:16:50 744     2018/7/10 星期二 下午 02:16:50:接收     68 9A 10 18 06 02 01 02 00 00 35 16 
2018-07-10 14:16:50 746     2018/7/10 星期二 下午 02:16:50:接收     恢复出厂设置成功！
2018-07-10 14:16:51 765     2018/7/10 星期二 下午 02:16:51:接收     68 51 10 18 06 02 01 02 00 00 18 06 13 11 54 28 12 07 00 00 00 00 00 00 00 00 00 00 00 01 00 90 21 75 16 
2018-07-10 14:16:51 767     2018/7/10 星期二 下午 02:16:51:接收     LoRa返回标准数据:表地址:101806020102；设备时钟:18年06月13日11时54分28秒485数据长度:7 ； 双采开关二:关； 双采开关一:开；双采开关一：0； 模拟量二:关； 模拟量一:关； 485开关:开；485数据:00000000000000；；GPRS信号强度:-110dbm；外部供电电压:14.4V；单片机电压:2.33V
2018-07-10 14:16:52 784     2018/7/10 星期二 下午 02:16:52:接收     68 C1 10 18 06 02 01 02 00 00 55 55 00 00 06 16 
2018-07-10 14:16:52 786     2018/7/10 星期二 下午 02:16:52:接收     开阀指令：表地址：101806020102；厂商代码：0000；表状态:阀门状态:开；测量状态:正常；通讯状态:正常；干簧管状态:正常；低电状态:正常；攻击状态:正常；；执行结果控阀成功；
2018-07-10 14:16:53 804     2018/7/10 星期二 下午 02:16:53:接收     68 51 10 18 06 23 20 33 00 00 18 06 26 09 42 33 12 07 00 00 00 00 00 00 00 00 00 00 00 00 00 22 22 7C 16 
2018-07-10 14:16:53 807     2018/7/10 星期二 下午 02:16:53:接收     LoRa返回标准数据:表地址:101806232033；设备时钟:18年06月26日09时42分33秒485数据长度:7 ； 双采开关二:关； 双采开关一:开；双采开关一：0； 模拟量二:关； 模拟量一:关； 485开关:开；485数据:00000000000000；；GPRS信号强度:-110dbm；外部供电电压:3.4V；单片机电压:2.34V
2018-07-10 14:16:54 824     2018/7/10 星期二 下午 02:16:54:接收     68 B1 10 18 06 02 00 02 00 00 00 00 09 00 01 87 00 00 08 18 06 27 01 00 00 18 06 27 09 00 00 00 00 00 78 16 
2018-07-10 14:16:54 826     2018/7/10 星期二 下午 02:16:54:接收     查询备份信息记录条数:9,空余条数:391,末次记录索引号:8,首次记录日期时间:18年06月27日01时00分00秒,末次记录日期时间:18年06月27日09时00分00秒,待上传索引号:0
2018-07-10 14:16:55 845     2018/7/10 星期二 下午 02:16:55:接收     68 B2 10 18 06 02 00 02 00 00 00 00 00 1B 68 51 10 18 06 02 00 02 00 00 18 06 27 01 00 00 02 00 24 02 00 00 00 22 22 9D 16 00 00 00 00 22 22 B7 16 FF FF FF FF FF FF FF FF FF FF FF FF FF FF FF FF FF FF FF FF FF FF FF FF FF FF FF FF 23 68 51 10 00 00 18 03 29 00 00 18 04 18 19 00 00 12 07 00 00 00 00 00 00 00 00 01 23 00 00 00 22 22 DB 16 FF FF FF FF FF 96 16 
2018-07-10 14:16:55 847     2018/7/10 星期二 下午 02:16:55:接收     请求数据：表地址101806020002；区域码0000；索引号:0；时间18年06月27日01时00分00秒；数据开关: 双采开关二:关； 双采开关一:开；双采开关一:24020000阀门状态:开；测量状态:正常；通讯状态:正常；干簧管状态:正常；低电状态:正常；攻击状态:正常；； 模拟量二:关； 模拟量一:关； 485开关:关；GPRS信号强度:-110dbm；外部供电电压:3.4V；单片机电压:2.34V
2018-07-10 14:16:56 865     2018/7/10 星期二 下午 02:16:56:接收     68 B2 10 18 06 02 00 02 00 00 00 00 04 1B 68 51 10 18 06 02 00 02 00 00 18 06 27 05 00 00 02 00 24 02 00 00 00 22 22 A1 16 27 00 00 00 22 22 E0 16 FF FF FF FF FF FF FF FF FF FF FF FF FF FF FF FF FF FF FF FF FF FF FF FF FF FF FF FF 23 68 51 10 00 00 18 03 29 00 00 18 04 18 22 30 00 12 07 00 00 00 00 00 00 00 00 01 23 00 00 00 22 22 14 16 FF FF FF FF FF 64 16 
2018-07-10 14:16:56 867     2018/7/10 星期二 下午 02:16:56:接收     请求数据：表地址101806020002；区域码0000；索引号:4；时间18年06月27日05时00分00秒；数据开关: 双采开关二:关； 双采开关一:开；双采开关一:24020000阀门状态:开；测量状态:正常；通讯状态:正常；干簧管状态:正常；低电状态:正常；攻击状态:正常；； 模拟量二:关； 模拟量一:关； 485开关:关；GPRS信号强度:-110dbm；外部供电电压:3.4V；单片机电压:2.34V
2018-07-10 14:16:57 886     2018/7/10 星期二 下午 02:16:57:接收     68 94 30 18 06 30 00 02 00 00 00 00 22 07 00 00 00 00 A5 16 
2018-07-10 14:16:57 888     2018/7/10 星期二 下午 02:16:57:接收     设置终端采样与上传参数成功！
2018-07-10 14:16:58 964     2018/7/10 星期二 下午 02:16:58:接收     68 97 30 18 06 30 00 01 00 00 55 18 07 02 00 00 53 47 16 
2018-07-10 14:16:58 966     2018/7/10 星期二 下午 02:16:58:接收     设置时钟成功！
2018-07-10 14:20:22 986     2018/7/10 星期二 下午 02:20:22:接收     68 C1 30 18 06 30 00 01 00 00 55 55 20 00 72 16 
2018-07-10 14:20:45 739     2018/7/10 星期二 下午 02:20:45:接收     68 C1 30 18 06 30 00 02 00 00 55 55 00 00 53 16 
2018-07-10 14:20:45 740     2018/7/10 星期二 下午 02:20:45:接收     开阀指令：表地址：301806300002；厂商代码：0000；表状态:阀门状态:开；测量状态:正常；通讯状态:正常；干簧管状态:正常；低电状态:正常；攻击状态:正常；；执行结果控阀成功；
2018-07-10 14:28:15 352     2018/7/10 星期二 下午 02:28:15:接收     68 C1 30 18 06 30 00 02 00 00 55 55 00 00 53 16 
2018-07-10 14:28:15 355     2018/7/10 星期二 下午 02:28:15:接收     开阀指令：表地址：301806300002；厂商代码：0000；表状态:阀门状态:开；测量状态:正常；通讯状态:正常；干簧管状态:正常；低电状态:正常；攻击状态:正常；执行结果控阀成功；
2018-07-10 14:28:17 889     2018/7/10 星期二 下午 02:28:17:接收     68 B2 10 18 06 02 00 02 00 00 00 00 0A 1B 68 51 10 18 06 02 00 02 00 00 18 06 26 23 00 00 02 00 24 02 00 00 00 22 22 BE 16 53 00 00 00 22 22 1D 16 FF FF FF FF FF FF FF FF FF FF FF FF FF FF FF FF FF FF FF FF FF FF FF FF FF FF FF FF 23 68 51 10 00 00 18 03 29 00 00 18 04 19 04 30 00 12 07 00 00 00 00 00 00 00 00 01 23 00 00 00 22 22 F7 16 FF FF FF FF FF D3 16 
2018-07-10 14:28:17 891     2018/7/10 星期二 下午 02:28:17:接收     请求数据：表地址101806020002；区域码0000；索引号:10；时间18年06月26日23时00分00秒；数据开关: 双采开关二:关； 双采开关一:开；双采开关一:24020000阀门状态:开；测量状态:正常；通讯状态:正常；干簧管状态:正常；低电状态:正常；攻击状态:正常；； 模拟量二:关； 模拟量一:关； 485开关:关；GPRS信号强度:-110dbm；外部供电电压:3.4V；单片机电压:2.34V
2018-07-10 14:28:56 159     2018/7/10 星期二 下午 02:28:56:接收     68 99 10 18 06 07 00 01 00 00 75 9E 86 DB 90 20 88 02 01 00 00 00 00 00 06 96 02 00 00 00 00 FF FF 00 00 FF FF 00 00 08 18 06 27 00 30 26 03 1E 04 01 32 07 08 01 03 00 04 00 01 C5 CB 23 16 
2018-07-10 14:28:56 161     2018/7/10 星期二 下午 02:28:56:接收     终端地址：101806070001 厂商代码:0000
2018-07-10 14:28:56 162     2018/7/10 星期二 下午 02:28:56:接收     终端IP与端口：117.158.134.219 9020 SIM卡源:外置SIM
2018-07-10 14:29:04 986     2018/7/10 星期二 下午 02:29:04:接收     68 99 10 18 06 07 00 01 00 00 75 9E 86 DB 90 20 88 02 01 00 00 00 00 00 06 96 02 00 00 00 00 FF FF 00 00 FF FF 00 00 08 18 06 27 00 30 26 03 1E 04 01 32 07 08 01 03 00 04 00 01 C5 CB 23 16 
2018-07-10 14:29:04 990     2018/7/10 星期二 下午 02:29:04:接收     终端地址：101806070001 厂商代码:0000
2018-07-10 14:29:04 992     2018/7/10 星期二 下午 02:29:04:接收     终端IP与端口：117.158.134.219 9020 SIM卡源:外置SIM
2018-07-10 14:30:31 156     2018/7/10 星期二 下午 02:30:31:接收     68 99 10 18 06 07 00 01 00 00 75 9E 86 DB 90 20 88 02 01 00 00 00 00 00 06 96 02 00 00 00 00 FF FF 00 00 FF FF 00 00 08 18 06 27 00 30 26 03 1E 04 01 32 07 08 01 03 00 04 00 01 C5 CB 23 16 
2018-07-10 14:30:31 160     2018/7/10 星期二 下午 02:30:31:接收     终端地址：101806070001 厂商代码:0000
2018-07-10 14:30:31 161     2018/7/10 星期二 下午 02:30:31:接收     终端IP与端口：117.158.134.219 9020 SIM卡源:外置SIM
2018-07-10 14:30:31 162     2018/7/10 星期二 下午 02:30:31:接收       双采开关二:关； 双采开关一:开； 模拟量二:关； 模拟量一:关； 485开关:关； 485周期:5分钟； 供电周期:0分钟充电8S；外部供电控制:未启用； 上传周期:30分钟
2018-07-10 14:30:31 164     2018/7/10 星期二 下午 02:30:31:接收     双采表底数一:6962 ；双采表底数二:0
2018-07-10 14:30:31 165     2018/7/10 星期二 下午 02:30:31:接收     通道一报警上限：65535 ；通道一报警下限：0 ；通道二报警上限：65535 ；通道二报警下限:0
2018-07-10 14:30:31 166     2018/7/10 星期二 下午 02:30:31:接收     终端时间：18年06月27日 00时30分26秒 ；时间源：设定时钟
2018-07-10 14:30:31 167     2018/7/10 星期二 下午 02:30:31:接收     GPRS重复上传次数：3 ；等待延时：3000ms
2018-07-10 14:30:31 169     2018/7/10 星期二 下午 02:30:31:接收     波特率：2400 ；奇偶校验：偶校验 ；重复次数：0 ；数据等待时间：400 ；期待数据长度：7 ；下行数据长度：8 ；数据帧：010300040001C5CB
2018-07-10 14:31:08 410     2018/7/10 星期二 下午 02:31:08:接收     68 99 10 18 07 02 00 02 00 00 CB AB E9 31 12 12 88 12 48 06 8A 04 78 00 00 00 00 00 00 00 00 FF FF 00 00 FF FF 00 00 05 01 01 01 02 40 32 03 32 04 01 32 07 08 01 03 00 04 00 01 C5 CB 62 16 
2018-07-10 14:31:08 412     2018/7/10 星期二 下午 02:31:08:接收     终端地址：101807020002 厂商代码:0000
2018-07-10 14:31:08 414     2018/7/10 星期二 下午 02:31:08:接收     终端IP与端口：203.171.233.49 1212 SIM卡源:外置SIM
2018-07-10 14:31:08 415     2018/7/10 星期二 下午 02:31:08:接收       双采开关二:关； 双采开关一:开； 模拟量二:关； 模拟量一:关； 485开关:开； 485周期:4小时； 供电周期:6分钟充电8S；外部供电控制:未启用； 上传周期:24小时
2018-07-10 14:31:08 420     2018/7/10 星期二 下午 02:31:08:接收     双采表底数一:0 ；双采表底数二:0
2018-07-10 14:31:08 423     2018/7/10 星期二 下午 02:31:08:接收     通道一报警上限：65535 ；通道一报警下限：0 ；通道二报警上限：65535 ；通道二报警下限:0
2018-07-10 14:31:08 425     2018/7/10 星期二 下午 02:31:08:接收     终端时间：01年01月01日 02时40分32秒 ；时间源：GPRS自动校时
2018-07-10 14:31:08 428     2018/7/10 星期二 下午 02:31:08:接收     GPRS重复上传次数：3 ；等待延时：5000ms
2018-07-10 14:31:08 430     2018/7/10 星期二 下午 02:31:08:接收     波特率：2400 ；奇偶校验：偶校验 ；重复次数：0 ；数据等待时间：400 ；期待数据长度：7 ；下行数据长度：8 ；数据帧：010300040001C5CB
2018-07-10 14:32:04 177     2018/7/10 星期二 下午 02:32:04:接收     68 99 10 18 07 02 00 02 00 00 CB AB E9 31 12 12 88 12 48 06 8A 04 78 00 00 00 00 00 00 00 00 FF FF 00 00 FF FF 00 00 05 01 01 01 02 40 32 03 32 04 01 32 07 08 01 03 00 04 00 01 C5 CB 62 16 
2018-07-10 14:32:04 180     2018/7/10 星期二 下午 02:32:04:接收     终端地址：101807020002 厂商代码:0000
2018-07-10 14:32:04 198     2018/7/10 星期二 下午 02:32:04:接收     终端IP与端口：203.171.233.49 1212 SIM卡源:外置SIM
2018-07-10 14:35:14 605     2018/7/10 星期二 下午 02:35:14:接收       双采开关二:关； 双采开关一:开； 模拟量二:关； 模拟量一:关； 485开关:开； 485周期:4小时； 供电周期:6分钟充电8S；外部供电控制:未启用； 上传周期:24小时
2018-07-10 14:35:14 609     2018/7/10 星期二 下午 02:35:14:接收     双采表底数一:0 ；双采表底数二:0
2018-07-10 14:35:14 611     2018/7/10 星期二 下午 02:35:14:接收     通道一报警上限：65535 ；通道一报警下限：0 ；通道二报警上限：65535 ；通道二报警下限:0
2018-07-10 14:35:14 616     2018/7/10 星期二 下午 02:35:14:接收     终端时间：01年01月01日 02时40分32秒 ；时间源：GPRS自动校时
2018-07-10 14:35:14 618     2018/7/10 星期二 下午 02:35:14:接收     GPRS重复上传次数：3 ；等待延时：5000ms
2018-07-10 14:35:14 620     2018/7/10 星期二 下午 02:35:14:接收     波特率：2400 ；奇偶校验：偶校验 ；重复次数：0 ；数据等待时间：400 ；期待数据长度：7 ；下行数据长度：8 ；数据帧：010300040001C5CB
2018-07-10 14:35:19 530     2018/7/10 星期二 下午 02:35:19:接收     68 99 10 18 07 02 00 04 00 00 CB AB E9 31 12 12 88 12 48 06 8A 04 78 00 00 00 00 00 00 00 00 FF FF 00 00 FF FF 00 00 05 18 07 02 13 55 28 03 32 04 01 32 07 08 01 03 00 04 00 01 C5 CB 9E 16 
2018-07-10 14:35:19 534     2018/7/10 星期二 下午 02:35:19:接收     终端地址：101807020004 厂商代码:0000
2018-07-10 14:35:19 535     2018/7/10 星期二 下午 02:35:19:接收     终端IP与端口：203.171.233.49 1212 SIM卡源:外置SIM
2018-07-10 14:36:08 007     2018/7/10 星期二 下午 02:36:08:接收       双采开关二:关； 双采开关一:开； 模拟量二:关； 模拟量一:关； 485开关:开； 485周期:4小时； 供电周期:6分钟充电8S；外部供电控制:未启用； 上传周期:24小时
2018-07-10 14:36:08 027     2018/7/10 星期二 下午 02:36:08:接收     双采表底数一:0 ；双采表底数二:0
2018-07-10 14:36:08 030     2018/7/10 星期二 下午 02:36:08:接收     通道一报警上限：65535 ；通道一报警下限：0 ；通道二报警上限：65535 ；通道二报警下限:0
2018-07-10 14:36:08 033     2018/7/10 星期二 下午 02:36:08:接收     终端时间：18年07月02日 13时55分28秒 ；时间源：GPRS自动校时
2018-07-10 14:36:08 036     2018/7/10 星期二 下午 02:36:08:接收     GPRS重复上传次数：3 ；等待延时：5000ms
2018-07-10 14:36:08 039     2018/7/10 星期二 下午 02:36:08:接收     波特率：2400 ；奇偶校验：偶校验 ；重复次数：0 ；数据等待时间：400 ；期待数据长度：7 ；下行数据长度：8 ；数据帧：010300040001C5CB
2018-07-10 14:36:14 259     2018/7/10 星期二 下午 02:36:14:接收     68 99 30 18 06 30 00 02 00 00 CB AB E9 31 12 12 88 12 48 06 8A 04 78 00 00 22 07 00 00 00 00 FF FF 00 00 FF FF 00 00 05 18 07 02 14 35 49 03 32 04 01 32 07 08 01 03 00 04 00 01 C5 CB 14 16 
2018-07-10 14:36:14 266     2018/7/10 星期二 下午 02:36:14:接收     终端地址：301806300002 厂商代码:0000
2018-07-10 14:36:14 269     2018/7/10 星期二 下午 02:36:14:接收     终端IP与端口：203.171.233.49 1212 SIM卡源:外置SIM
2018-07-10 14:42:40 493     2018/7/10 星期二 下午 02:42:40:接收       双采开关二:关； 双采开关一:开； 模拟量二:关； 模拟量一:关； 485开关:开； 485周期:4小时； 供电周期:6分钟充电8S；外部供电控制:启用；延时10100ms； 上传周期:24小时
2018-07-10 14:42:40 496     2018/7/10 星期二 下午 02:42:40:接收     双采表底数一:227 ；双采表底数二:0
2018-07-10 14:42:40 498     2018/7/10 星期二 下午 02:42:40:接收     通道一报警上限：65535 ；通道一报警下限：0 ；通道二报警上限：65535 ；通道二报警下限:0
2018-07-10 14:42:40 501     2018/7/10 星期二 下午 02:42:40:接收     终端时间：18年07月02日 14时35分49秒 ；时间源：GPRS自动校时
2018-07-10 14:42:40 503     2018/7/10 星期二 下午 02:42:40:接收     GPRS重复上传次数：3 ；等待延时：5000ms
2018-07-10 14:42:40 508     2018/7/10 星期二 下午 02:42:40:接收     波特率：2400 ；奇偶校验：偶校验 ；重复次数：0 ；数据等待时间：400 ；期待数据长度：7 ；下行数据长度：8 ；数据帧：010300040001C5CB
2018-07-10 14:43:03 217     2018/7/10 星期二 下午 02:43:03:接收     68 99 30 18 06 30 00 02 00 00 CB AB E9 31 12 12 88 12 48 06 8A 04 78 00 00 22 07 00 00 00 00 FF FF 00 00 FF FF 00 00 05 18 07 02 14 35 49 03 32 04 01 32 07 08 01 03 00 04 00 01 C5 CB 14 16 
2018-07-10 14:43:03 220     2018/7/10 星期二 下午 02:43:03:接收     终端地址：301806300002 厂商代码:0000
2018-07-10 14:43:03 222     2018/7/10 星期二 下午 02:43:03:接收     终端IP与端口：203.171.233.49 1212 SIM卡源:外置SIM
2018-07-10 14:43:15 298     2018/7/10 星期二 下午 02:43:15:接收       双采开关二:关； 双采开关一:开； 模拟量二:关； 模拟量一:关； 485开关:开； 485周期:4小时； 供电周期:6分钟充电8S；外部供电控制:启用；延时10100ms； 上传周期:24小时
2018-07-10 14:43:15 302     2018/7/10 星期二 下午 02:43:15:接收     双采表底数一:227 ；双采表底数二:0
2018-07-10 14:43:15 305     2018/7/10 星期二 下午 02:43:15:接收     通道一报警上限：65535 ；通道一报警下限：0 ；通道二报警上限：65535 ；通道二报警下限:0
2018-07-10 14:43:15 307     2018/7/10 星期二 下午 02:43:15:接收     终端时间：18年07月02日 14时35分49秒 ；时间源：GPRS自动校时
2018-07-10 14:43:15 313     2018/7/10 星期二 下午 02:43:15:接收     GPRS重复上传次数：3 ；等待延时：5000ms
2018-07-10 14:43:15 328     2018/7/10 星期二 下午 02:43:15:接收     波特率：2400 ；奇偶校验：偶校验 ；重复次数：0 ；数据等待时间：400 ；期待数据长度：7 ；下行数据长度：8 ；数据帧：010300040001C5CB
2018-07-10 14:44:19 857     2018/7/10 星期二 下午 02:44:19:接收     68 99 30 18 06 30 00 02 00 00 CB AB E9 31 12 12 88 12 48 06 8A 04 78 00 00 22 07 00 00 00 00 FF FF 00 00 FF FF 00 00 05 18 07 02 14 35 49 03 32 04 01 32 07 08 01 03 00 04 00 01 C5 CB 14 16 
2018-07-10 14:44:19 860     2018/7/10 星期二 下午 02:44:19:接收     终端地址：301806300002 厂商代码:0000
2018-07-10 14:44:19 862     2018/7/10 星期二 下午 02:44:19:接收     终端IP与端口：203.171.233.49 1212 SIM卡源:外置SIM
2018-07-10 14:44:22 287     2018/7/10 星期二 下午 02:44:22:接收       双采开关二:关； 双采开关一:开； 模拟量二:关； 模拟量一:关； 485开关:开； 485周期:4小时； 供电周期:6分钟充电8S；外部供电控制:启用；延时0ms； 上传周期:24小时
2018-07-10 14:44:22 290     2018/7/10 星期二 下午 02:44:22:接收     双采表底数一:227 ；双采表底数二:0
2018-07-10 14:44:22 291     2018/7/10 星期二 下午 02:44:22:接收     通道一报警上限：65535 ；通道一报警下限：0 ；通道二报警上限：65535 ；通道二报警下限:0
2018-07-10 14:44:22 292     2018/7/10 星期二 下午 02:44:22:接收     终端时间：18年07月02日 14时35分49秒 ；时间源：GPRS自动校时
2018-07-10 14:44:22 293     2018/7/10 星期二 下午 02:44:22:接收     GPRS重复上传次数：3 ；等待延时：5000ms
2018-07-10 14:44:22 294     2018/7/10 星期二 下午 02:44:22:接收     波特率：2400 ；奇偶校验：偶校验 ；重复次数：0 ；数据等待时间：400 ；期待数据长度：7 ；下行数据长度：8 ；数据帧：010300040001C5CB
2018-07-10 14:44:33 387     2018/7/10 星期二 下午 02:44:33:接收     68 99 30 18 06 30 00 02 00 00 CB AB E9 31 12 12 88 12 48 06 8A 04 78 00 00 22 07 00 00 00 00 FF FF 00 00 FF FF 00 00 05 18 07 02 14 35 49 03 32 04 01 32 07 08 01 03 00 04 00 01 C5 CB 14 16 
2018-07-10 14:44:33 389     2018/7/10 星期二 下午 02:44:33:接收     终端地址：301806300002 厂商代码:0000
2018-07-10 14:44:33 390     2018/7/10 星期二 下午 02:44:33:接收     终端IP与端口：203.171.233.49 1212 SIM卡源:外置SIM
2018-07-10 14:44:59 622     2018/7/10 星期二 下午 02:44:59:接收     68 99 30 18 06 30 00 02 00 00 CB AB E9 31 12 12 88 12 48 06 8A 04 78 00 00 22 07 00 00 00 00 FF FF 00 00 FF FF 00 00 05 18 07 02 14 35 49 03 32 04 01 32 07 08 01 03 00 04 00 01 C5 CB 14 16 
2018-07-10 14:44:59 626     2018/7/10 星期二 下午 02:44:59:接收     终端地址：301806300002 厂商代码:0000
2018-07-10 14:44:59 627     2018/7/10 星期二 下午 02:44:59:接收     终端IP与端口：203.171.233.49 1212 SIM卡源:外置SIM
2018-07-10 14:45:02 140     2018/7/10 星期二 下午 02:45:02:接收       双采开关二:关； 双采开关一:开； 模拟量二:关； 模拟量一:关； 485开关:开； 485周期:4小时； 供电周期:6分钟充电8S；外部供电控制:启用；延时160ms； 上传周期:24小时
2018-07-10 14:45:02 141     2018/7/10 星期二 下午 02:45:02:接收     双采表底数一:227 ；双采表底数二:0
2018-07-10 14:45:02 143     2018/7/10 星期二 下午 02:45:02:接收     通道一报警上限：65535 ；通道一报警下限：0 ；通道二报警上限：65535 ；通道二报警下限:0
2018-07-10 14:45:02 144     2018/7/10 星期二 下午 02:45:02:接收     终端时间：18年07月02日 14时35分49秒 ；时间源：GPRS自动校时
2018-07-10 14:45:02 145     2018/7/10 星期二 下午 02:45:02:接收     GPRS重复上传次数：3 ；等待延时：5000ms
2018-07-10 14:45:02 146     2018/7/10 星期二 下午 02:45:02:接收     波特率：2400 ；奇偶校验：偶校验 ；重复次数：0 ；数据等待时间：400 ；期待数据长度：7 ；下行数据长度：8 ；数据帧：010300040001C5CB
2018-07-10 14:45:56 424     2018/7/10 星期二 下午 02:45:56:接收     68 9E 10 18 05 20 10 11 00 00 23 34 36 30 31 31 31 31 31 36 39 30 31 35 39 32 23 38 36 38 37 34 34 30 33 32 32 36 37 32 38 32 23 FF 23 13 16 
2018-07-10 14:45:56 428     2018/7/10 星期二 下午 02:45:56:接收     表地址：101805201011厂商代码：0000CIMI数据:460111116901592,；IMEI数据：868744032267282
2018-07-10 14:45:57 402     2018/7/10 星期二 下午 02:45:57:接收     68 94 10 18 05 20 10 11 00 00 00 00 00 02 00 00 00 00 6C 16 
2018-07-10 14:45:57 404     2018/7/10 星期二 下午 02:45:57:接收     设置终端采样与上传参数成功！
2018-07-10 14:45:58 441     2018/7/10 星期二 下午 02:45:58:接收     68 FD 10 18 05 20 10 11 00 00 85 54 43 5F 53 54 56 31 30 31 DD 16 
2018-07-10 14:45:58 443     2018/7/10 星期二 下午 02:45:58:接收     通讯模块上电返回的数据:终端地址：101805201011；厂商代码：0000；版本号:TC_STV101
2018-07-10 14:45:59 461     2018/7/10 星期二 下午 02:45:59:接收     68 92 10 18 05 20 10 23 00 00 7A 16 
2018-07-10 14:45:59 463     2018/7/10 星期二 下午 02:45:59:接收      终端地址：101805201023；厂家代码：0000
2018-07-10 14:46:00 482     2018/7/10 星期二 下午 02:46:00:接收     68 99 10 18 06 12 00 03 00 00 CB AB E9 31 12 12 88 12 48 06 8A 04 78 00 00 00 00 00 00 00 00 FF FF 00 00 FF FF 00 00 05 18 06 12 17 50 15 03 32 04 01 32 07 08 01 03 00 04 00 01 C5 CB A7 16 
2018-07-10 14:46:00 483     2018/7/10 星期二 下午 02:46:00:接收     终端地址：101806120003 厂商代码:0000
2018-07-10 14:46:00 485     2018/7/10 星期二 下午 02:46:00:接收     终端IP与端口：203.171.233.49 1212 SIM卡源:外置SIM
2018-07-10 14:46:03 759     2018/7/10 星期二 下午 02:46:03:接收       双采开关二:关； 双采开关一:开； 模拟量二:关； 模拟量一:关； 485开关:开； 485周期:4小时； 供电周期:6分钟充电8S；外部供电控制:启用；延时160ms； 上传周期:24小时
2018-07-10 14:46:03 762     2018/7/10 星期二 下午 02:46:03:接收     双采表底数一:0 ；双采表底数二:0
2018-07-10 14:46:03 766     2018/7/10 星期二 下午 02:46:03:接收     通道一报警上限：65535 ；通道一报警下限：0 ；通道二报警上限：65535 ；通道二报警下限:0
2018-07-10 14:46:03 773     2018/7/10 星期二 下午 02:46:03:接收     终端时间：18年06月12日 17时50分15秒 ；时间源：GPRS自动校时
2018-07-10 14:46:03 776     2018/7/10 星期二 下午 02:46:03:接收     GPRS重复上传次数：3 ；等待延时：5000ms
2018-07-10 14:46:03 778     2018/7/10 星期二 下午 02:46:03:接收     波特率：2400 ；奇偶校验：偶校验 ；重复次数：0 ；数据等待时间：400 ；期待数据长度：7 ；下行数据长度：8 ；数据帧：010300040001C5CB
2018-07-10 14:46:03 881     2018/7/10 星期二 下午 02:46:03:接收     68 94 10 18 06 02 01 02 00 00 00 00 00 00 00 00 04 00 33 16 68 9A 10 18 06 02 01 02 00 00 35 16 68 51 10 18 06 02 01 02 00 00 18 06 13 11 54 28 12 07 00 00 00 00 00 00 00 00 00 00 00 01 00 90 21 75 16 
2018-07-10 14:46:04 591     2018/7/10 星期二 下午 02:46:04:接收     68 C1 10 18 06 02 01 02 00 00 55 55 00 00 06 16 
2018-07-10 14:46:04 593     2018/7/10 星期二 下午 02:46:04:接收     开阀指令：表地址：101806020102；厂商代码：0000；表状态:阀门状态:开；测量状态:正常；通讯状态:正常；干簧管状态:正常；低电状态:正常；攻击状态:正常；执行结果控阀成功；
2018-07-10 14:46:05 612     2018/7/10 星期二 下午 02:46:05:接收     68 51 10 18 06 23 20 33 00 00 18 06 26 09 42 33 12 07 00 00 00 00 00 00 00 00 00 00 00 00 00 22 22 7C 16 
2018-07-10 14:46:05 615     2018/7/10 星期二 下午 02:46:05:接收     LoRa返回标准数据:表地址:101806232033；设备时钟:18年06月26日09时42分33秒；485数据长度:7 ； 双采开关二:关； 双采开关一:开；双采开关一：0； 模拟量二:关； 模拟量一:关； 485开关:开；485数据:00000000000000；；GPRS信号强度:-110dbm；外部供电电压:3.4V；单片机电压:2.34V
2018-07-10 14:46:06 631     2018/7/10 星期二 下午 02:46:06:接收     68 B1 10 18 06 02 00 02 00 00 00 00 09 00 01 87 00 00 08 18 06 27 01 00 00 18 06 27 09 00 00 00 00 00 78 16 
2018-07-10 14:46:06 634     2018/7/10 星期二 下午 02:46:06:接收     查询备份信息记录条数:9,空余条数:391,末次记录索引号:8,首次记录日期时间:18年06月27日01时00分00秒,末次记录日期时间:18年06月27日09时00分00秒,待上传索引号:0
2018-07-10 14:46:07 652     2018/7/10 星期二 下午 02:46:07:接收     68 B2 10 18 06 02 00 02 00 00 00 00 00 1B 68 51 10 18 06 02 00 02 00 00 18 06 27 01 00 00 02 00 24 02 00 00 00 22 22 9D 16 00 00 00 00 22 22 B7 16 FF FF FF FF FF FF FF FF FF FF FF FF FF FF FF FF FF FF FF FF FF FF FF FF FF FF FF FF 23 68 51 10 00 00 18 03 29 00 00 18 04 18 19 00 00 12 07 00 00 00 00 00 00 00 00 01 23 00 00 00 22 22 DB 16 FF FF FF FF FF 96 16 
2018-07-10 14:46:07 654     2018/7/10 星期二 下午 02:46:07:接收     请求数据：表地址101806020002；区域码0000；索引号:0；时间18年06月27日01时00分00秒；数据开关: 双采开关二:关； 双采开关一:开；双采开关一:24020000阀门状态:开；测量状态:正常；通讯状态:正常；干簧管状态:正常；低电状态:正常；攻击状态:正常；； 模拟量二:关； 模拟量一:关； 485开关:关；GPRS信号强度:-110dbm；外部供电电压:3.4V；单片机电压:2.34V
2018-07-10 14:46:08 672     2018/7/10 星期二 下午 02:46:08:接收     68 B2 10 18 06 02 00 02 00 00 00 00 04 1B 68 51 10 18 06 02 00 02 00 00 18 06 27 05 00 00 02 00 24 02 00 00 00 22 22 A1 16 27 00 00 00 22 22 E0 16 FF FF FF FF FF FF FF FF FF FF FF FF FF FF FF FF FF FF FF FF FF FF FF FF FF FF FF FF 23 68 51 10 00 00 18 03 29 00 00 18 04 18 22 30 00 12 07 00 00 00 00 00 00 00 00 01 23 00 00 00 22 22 14 16 FF FF FF FF FF 64 16 
2018-07-10 14:46:08 674     2018/7/10 星期二 下午 02:46:08:接收     请求数据：表地址101806020002；区域码0000；索引号:4；时间18年06月27日05时00分00秒；数据开关: 双采开关二:关； 双采开关一:开；双采开关一:24020000阀门状态:开；测量状态:正常；通讯状态:正常；干簧管状态:正常；低电状态:正常；攻击状态:正常；； 模拟量二:关； 模拟量一:关； 485开关:关；GPRS信号强度:-110dbm；外部供电电压:3.4V；单片机电压:2.34V
2018-07-10 14:46:09 696     2018/7/10 星期二 下午 02:46:09:接收     68 94 30 18 06 30 00 02 00 00 00 00 22 07 00 00 00 00 A5 16 
2018-07-10 14:46:09 702     2018/7/10 星期二 下午 02:46:09:接收     设置终端采样与上传参数成功！
2018-07-10 14:46:10 711     2018/7/10 星期二 下午 02:46:10:接收     68 97 30 18 06 30 00 01 00 00 55 18 07 02 00 00 53 47 16 
2018-07-10 14:46:10 713     2018/7/10 星期二 下午 02:46:10:接收     设置时钟成功！
2018-07-10 14:48:34 781     2018/7/10 星期二 下午 02:48:34:接收     68 9E 10 18 05 20 10 11 00 00 23 34 36 30 31 31 31 31 31 36 39 30 31 35 39 32 23 38 36 38 37 34 34 30 33 32 32 36 37 32 38 32 23 FF 23 13 16 
2018-07-10 14:48:34 785     2018/7/10 星期二 下午 02:48:34:接收     表地址：101805201011厂商代码：0000CIMI数据:460111116901592,；IMEI数据：868744032267282
2018-07-10 14:48:35 951     2018/7/10 星期二 下午 02:48:35:接收     68 94 10 18 05 20 10 11 00 00 00 00 00 02 00 00 00 00 6C 16 
2018-07-10 14:48:35 952     2018/7/10 星期二 下午 02:48:35:接收     表地址：101805201011；厂商代码：0000；设置终端采样与上传参数成功！
2018-07-10 14:48:36 971     2018/7/10 星期二 下午 02:48:36:接收     68 FD 10 18 05 20 10 11 00 00 85 54 43 5F 53 54 56 31 30 31 DD 16 
2018-07-10 14:48:36 974     2018/7/10 星期二 下午 02:48:36:接收     通讯模块上电返回的数据:终端地址：101805201011；厂商代码：0000；版本号:TC_STV101
2018-07-10 14:48:37 992     2018/7/10 星期二 下午 02:48:37:接收     68 92 10 18 05 20 10 23 00 00 7A 16 
2018-07-10 14:48:37 995     2018/7/10 星期二 下午 02:48:37:接收      终端地址：101805201023；厂家代码：0000
2018-07-10 14:48:39 012     2018/7/10 星期二 下午 02:48:39:接收     68 99 10 18 06 12 00 03 00 00 CB AB E9 31 12 12 88 12 48 06 8A 04 78 00 00 00 00 00 00 00 00 FF FF 00 00 FF FF 00 00 05 18 06 12 17 50 15 03 32 04 01 32 07 08 01 03 00 04 00 01 C5 CB A7 16 
2018-07-10 14:48:39 013     2018/7/10 星期二 下午 02:48:39:接收     终端地址：101806120003 厂商代码:0000
2018-07-10 14:48:39 014     2018/7/10 星期二 下午 02:48:39:接收     终端IP与端口：203.171.233.49 1212 SIM卡源:外置SIM
2018-07-10 14:48:39 016     2018/7/10 星期二 下午 02:48:39:接收       双采开关二:关； 双采开关一:开； 模拟量二:关； 模拟量一:关； 485开关:开； 485周期:4小时； 供电周期:6分钟充电8S；外部供电控制:启用；延时160ms； 上传周期:24小时
2018-07-10 14:48:39 017     2018/7/10 星期二 下午 02:48:39:接收     双采表底数一:0 ；双采表底数二:0
2018-07-10 14:48:39 021     2018/7/10 星期二 下午 02:48:39:接收     通道一报警上限：65535 ；通道一报警下限：0 ；通道二报警上限：65535 ；通道二报警下限:0
2018-07-10 14:48:39 024     2018/7/10 星期二 下午 02:48:39:接收     终端时间：18年06月12日 17时50分15秒 ；时间源：GPRS自动校时
2018-07-10 14:48:39 027     2018/7/10 星期二 下午 02:48:39:接收     GPRS重复上传次数：3 ；等待延时：5000ms
2018-07-10 14:48:39 029     2018/7/10 星期二 下午 02:48:39:接收     波特率：2400 ；奇偶校验：偶校验 ；重复次数：0 ；数据等待时间：400 ；期待数据长度：7 ；下行数据长度：8 ；数据帧：010300040001C5CB
2018-07-10 14:48:40 031     2018/7/10 星期二 下午 02:48:40:接收     68 94 10 18 06 02 01 02 00 00 00 00 00 00 00 00 04 00 33 16 
2018-07-10 14:48:40 034     2018/7/10 星期二 下午 02:48:40:接收     表地址：101806020102；厂商代码：0000；设置终端采样与上传参数成功！
2018-07-10 14:48:41 051     2018/7/10 星期二 下午 02:48:41:接收     68 9A 10 18 06 02 01 02 00 00 35 16 
2018-07-10 14:48:41 053     2018/7/10 星期二 下午 02:48:41:接收     表地址：101806020102；厂商代码：0000；恢复出厂设置成功！
2018-07-10 14:48:42 072     2018/7/10 星期二 下午 02:48:42:接收     68 51 10 18 06 02 01 02 00 00 18 06 13 11 54 28 12 07 00 00 00 00 00 00 00 00 00 00 00 01 00 90 21 75 16 
2018-07-10 14:48:42 074     2018/7/10 星期二 下午 02:48:42:接收     LoRa返回标准数据:表地址:101806020102；设备时钟:18年06月13日11时54分28秒；485数据长度:7 ； 双采开关二:关； 双采开关一:开；双采开关一：0； 模拟量二:关； 模拟量一:关； 485开关:开；485数据:00000000000000；；GPRS信号强度:-110dbm；外部供电电压:14.4V；单片机电压:2.33V
2018-07-10 14:48:43 091     2018/7/10 星期二 下午 02:48:43:接收     68 C1 10 18 06 02 01 02 00 00 55 55 00 00 06 16 
2018-07-10 14:48:43 093     2018/7/10 星期二 下午 02:48:43:接收     开阀指令：表地址：101806020102；厂商代码：0000；表状态:阀门状态:开；测量状态:正常；通讯状态:正常；干簧管状态:正常；低电状态:正常；攻击状态:正常；执行结果控阀成功；
2018-07-10 14:48:44 112     2018/7/10 星期二 下午 02:48:44:接收     68 51 10 18 06 23 20 33 00 00 18 06 26 09 42 33 12 07 00 00 00 00 00 00 00 00 00 00 00 00 00 22 22 7C 16 
2018-07-10 14:48:44 114     2018/7/10 星期二 下午 02:48:44:接收     LoRa返回标准数据:表地址:101806232033；设备时钟:18年06月26日09时42分33秒；485数据长度:7 ； 双采开关二:关； 双采开关一:开；双采开关一：0； 模拟量二:关； 模拟量一:关； 485开关:开；485数据:00000000000000；；GPRS信号强度:-110dbm；外部供电电压:3.4V；单片机电压:2.34V
2018-07-10 14:48:45 132     2018/7/10 星期二 下午 02:48:45:接收     68 B1 10 18 06 02 00 02 00 00 00 00 09 00 01 87 00 00 08 18 06 27 01 00 00 18 06 27 09 00 00 00 00 00 78 16 
2018-07-10 14:48:45 135     2018/7/10 星期二 下午 02:48:45:接收     查询备份信息记录条数:9,空余条数:391,末次记录索引号:8,首次记录日期时间:18年06月27日01时00分00秒,末次记录日期时间:18年06月27日09时00分00秒,待上传索引号:0
2018-07-10 14:48:46 152     2018/7/10 星期二 下午 02:48:46:接收     68 B2 10 18 06 02 00 02 00 00 00 00 00 1B 68 51 10 18 06 02 00 02 00 00 18 06 27 01 00 00 02 00 24 02 00 00 00 22 22 9D 16 00 00 00 00 22 22 B7 16 FF FF FF FF FF FF FF FF FF FF FF FF FF FF FF FF FF FF FF FF FF FF FF FF FF FF FF FF 23 68 51 10 00 00 18 03 29 00 00 18 04 18 19 00 00 12 07 00 00 00 00 00 00 00 00 01 23 00 00 00 22 22 DB 16 FF FF FF FF FF 96 16 
2018-07-10 14:48:46 154     2018/7/10 星期二 下午 02:48:46:接收     请求数据：表地址101806020002；区域码0000；索引号:0；时间18年06月27日01时00分00秒；数据开关: 双采开关二:关； 双采开关一:开；双采开关一:24020000阀门状态:开；测量状态:正常；通讯状态:正常；干簧管状态:正常；低电状态:正常；攻击状态:正常；； 模拟量二:关； 模拟量一:关； 485开关:关；GPRS信号强度:-110dbm；外部供电电压:3.4V；单片机电压:2.34V
2018-07-10 14:48:47 172     2018/7/10 星期二 下午 02:48:47:接收     68 B2 10 18 06 02 00 02 00 00 00 00 04 1B 68 51 10 18 06 02 00 02 00 00 18 06 27 05 00 00 02 00 24 02 00 00 00 22 22 A1 16 27 00 00 00 22 22 E0 16 FF FF FF FF FF FF FF FF FF FF FF FF FF FF FF FF FF FF FF FF FF FF FF FF FF FF FF FF 23 68 51 10 00 00 18 03 29 00 00 18 04 18 22 30 00 12 07 00 00 00 00 00 00 00 00 01 23 00 00 00 22 22 14 16 FF FF FF FF FF 64 16 
2018-07-10 14:48:47 175     2018/7/10 星期二 下午 02:48:47:接收     请求数据：表地址101806020002；区域码0000；索引号:4；时间18年06月27日05时00分00秒；数据开关: 双采开关二:关； 双采开关一:开；双采开关一:24020000阀门状态:开；测量状态:正常；通讯状态:正常；干簧管状态:正常；低电状态:正常；攻击状态:正常；； 模拟量二:关； 模拟量一:关； 485开关:关；GPRS信号强度:-110dbm；外部供电电压:3.4V；单片机电压:2.34V
2018-07-10 14:48:48 192     2018/7/10 星期二 下午 02:48:48:接收     68 94 30 18 06 30 00 02 00 00 00 00 22 07 00 00 00 00 A5 16 
2018-07-10 14:48:48 194     2018/7/10 星期二 下午 02:48:48:接收     表地址：301806300002；厂商代码：0000；设置终端采样与上传参数成功！
2018-07-10 14:48:49 211     2018/7/10 星期二 下午 02:48:49:接收     68 97 30 18 06 30 00 01 00 00 55 18 07 02 00 00 53 47 16 
2018-07-10 14:48:49 213     2018/7/10 星期二 下午 02:48:49:接收     表地址：301806300001；厂商代码：0000；设置时钟成功！
2018-07-10 16:08:31 097     2018/7/10 星期二 下午 04:08:31:接收     68 9E 10 18 05 20 10 11 00 00 23 34 36 30 31 31 31 31 31 36 39 30 31 35 39 32 23 38 36 38 37 34 34 30 33 32 32 36 37 32 38 32 23 FF 23 13 16 
2018-07-10 16:08:31 104     2018/7/10 星期二 下午 04:08:31:接收     表地址：101805201011；厂商代码：0000；CIMI数据:460111116901592,；IMEI数据：868744032267282
2018-07-10 16:08:32 055     2018/7/10 星期二 下午 04:08:32:接收     68 94 10 18 05 20 10 11 00 00 00 00 00 02 00 00 00 00 6C 16 
2018-07-10 16:08:32 056     2018/7/10 星期二 下午 04:08:32:接收     表地址：101805201011；厂商代码：0000；设置终端采样与上传参数成功！
2018-07-10 16:08:33 075     2018/7/10 星期二 下午 04:08:33:接收     68 FD 10 18 05 20 10 11 00 00 85 54 43 5F 53 54 56 31 30 31 DD 16 
2018-07-10 16:08:33 077     2018/7/10 星期二 下午 04:08:33:接收     通讯模块上电返回的数据:终端地址：101805201011；厂商代码：0000；版本号:TC_STV101
2018-07-10 16:08:34 195     2018/7/10 星期二 下午 04:08:34:接收     68 92 10 18 05 20 10 23 00 00 7A 16 
2018-07-10 16:08:34 196     2018/7/10 星期二 下午 04:08:34:接收      终端地址：101805201023；厂家代码：0000
2018-07-10 16:08:35 217     2018/7/10 星期二 下午 04:08:35:接收     68 99 10 18 06 12 00 03 00 00 CB AB E9 31 12 12 88 12 48 06 8A 04 78 00 00 00 00 00 00 00 00 FF FF 00 00 FF FF 00 00 05 18 06 12 17 50 15 03 32 04 01 32 07 08 01 03 00 04 00 01 C5 CB A7 16 
2018-07-10 16:08:35 234     2018/7/10 星期二 下午 04:08:35:接收     终端地址：101806120003 厂商代码:0000
2018-07-10 16:08:35 236     2018/7/10 星期二 下午 04:08:35:接收     终端IP与端口：203.171.233.49 1212 SIM卡源:外置SIM
2018-07-10 16:08:35 237     2018/7/10 星期二 下午 04:08:35:接收       双采开关二:关； 双采开关一:开； 模拟量二:关； 模拟量一:关； 485开关:开； 485周期:4小时； 供电周期:6分钟充电8S；外部供电控制:启用；延时160ms； 上传周期:24小时
2018-07-10 16:08:35 238     2018/7/10 星期二 下午 04:08:35:接收     双采表底数一:0 ；双采表底数二:0
2018-07-10 16:08:35 242     2018/7/10 星期二 下午 04:08:35:接收     通道一报警上限：65535 ；通道一报警下限：0 ；通道二报警上限：65535 ；通道二报警下限:0
2018-07-10 16:08:35 245     2018/7/10 星期二 下午 04:08:35:接收     终端时间：18年06月12日 17时50分15秒 ；时间源：GPRS自动校时
2018-07-10 16:08:35 246     2018/7/10 星期二 下午 04:08:35:接收     GPRS重复上传次数：3 ；等待延时：5000ms
2018-07-10 16:08:35 248     2018/7/10 星期二 下午 04:08:35:接收     波特率：2400 ；奇偶校验：偶校验 ；重复次数：0 ；数据等待时间：400 ；期待数据长度：7 ；下行数据长度：8 ；数据帧：010300040001C5CB
2018-07-10 16:08:36 235     2018/7/10 星期二 下午 04:08:36:接收     68 94 10 18 06 02 01 02 00 00 00 00 00 00 00 00 04 00 33 16 
2018-07-10 16:08:36 237     2018/7/10 星期二 下午 04:08:36:接收     表地址：101806020102；厂商代码：0000；设置终端采样与上传参数成功！
2018-07-10 16:08:37 256     2018/7/10 星期二 下午 04:08:37:接收     68 9A 10 18 06 02 01 02 00 00 35 16 
2018-07-10 16:08:37 258     2018/7/10 星期二 下午 04:08:37:接收     表地址：101806020102；厂商代码：0000；恢复出厂设置成功！
2018-07-10 16:08:38 275     2018/7/10 星期二 下午 04:08:38:接收     68 51 10 18 06 02 01 02 00 00 18 06 13 11 54 28 12 07 00 00 00 00 00 00 00 00 00 00 00 01 00 90 21 75 16 
2018-07-10 16:08:38 277     2018/7/10 星期二 下午 04:08:38:接收     LoRa返回标准数据:表地址:101806020102；设备时钟:18年06月13日11时54分28秒；485数据长度:7 ； 双采开关二:关； 双采开关一:开；双采开关一：0； 模拟量二:关； 模拟量一:关； 485开关:开；485数据:00000000000000；；GPRS信号强度:-110dbm；外部供电电压:14.4V；单片机电压:2.33V
2018-07-10 16:08:39 295     2018/7/10 星期二 下午 04:08:39:接收     68 C1 10 18 06 02 01 02 00 00 55 55 00 00 06 16 
2018-07-10 16:08:39 306     2018/7/10 星期二 下午 04:08:39:接收     开阀指令：表地址：101806020102；厂商代码：0000；表状态:阀门状态:开；测量状态:正常；通讯状态:正常；干簧管状态:正常；低电状态:正常；攻击状态:正常；执行结果控阀成功；
2018-07-10 16:08:40 315     2018/7/10 星期二 下午 04:08:40:接收     68 51 10 18 06 23 20 33 00 00 18 06 26 09 42 33 12 07 00 00 00 00 00 00 00 00 00 00 00 00 00 22 22 7C 16 
2018-07-10 16:08:40 317     2018/7/10 星期二 下午 04:08:40:接收     LoRa返回标准数据:表地址:101806232033；设备时钟:18年06月26日09时42分33秒；485数据长度:7 ； 双采开关二:关； 双采开关一:开；双采开关一：0； 模拟量二:关； 模拟量一:关； 485开关:开；485数据:00000000000000；；GPRS信号强度:-110dbm；外部供电电压:3.4V；单片机电压:2.34V
2018-07-10 16:08:41 435     2018/7/10 星期二 下午 04:08:41:接收     68 B1 10 18 06 02 00 02 00 00 00 00 09 00 01 87 00 00 08 18 06 27 01 00 00 18 06 27 09 00 00 00 00 00 78 16 
2018-07-10 16:08:41 437     2018/7/10 星期二 下午 04:08:41:接收     查询备份信息记录条数:9,空余条数:391,末次记录索引号:8,首次记录日期时间:18年06月27日01时00分00秒,末次记录日期时间:18年06月27日09时00分00秒,待上传索引号:0
2018-07-10 16:08:42 357     2018/7/10 星期二 下午 04:08:42:接收     68 B2 10 18 06 02 00 02 00 00 00 00 00 1B 68 51 10 18 06 02 00 02 00 00 18 06 27 01 00 00 02 00 24 02 00 00 00 22 22 9D 16 00 00 00 00 22 22 B7 16 FF FF FF FF FF FF FF FF FF FF FF FF FF FF FF FF FF FF FF FF FF FF FF FF FF FF FF FF 23 68 51 10 00 00 18 03 29 00 00 18 04 18 19 00 00 12 07 00 00 00 00 00 00 00 00 01 23 00 00 00 22 22 DB 16 FF FF FF FF FF 96 16 
2018-07-10 16:08:42 359     2018/7/10 星期二 下午 04:08:42:接收     请求数据：表地址101806020002；区域码0000；索引号:0；时间18年06月27日01时00分00秒；数据开关: 双采开关二:关； 双采开关一:开；双采开关一:24020000阀门状态:开；测量状态:正常；通讯状态:正常；干簧管状态:正常；低电状态:正常；攻击状态:正常；； 模拟量二:关； 模拟量一:关； 485开关:关；GPRS信号强度:-110dbm；外部供电电压:3.4V；单片机电压:2.34V
2018-07-10 16:08:43 377     2018/7/10 星期二 下午 04:08:43:接收     68 B2 10 18 06 02 00 02 00 00 00 00 04 1B 68 51 10 18 06 02 00 02 00 00 18 06 27 05 00 00 02 00 24 02 00 00 00 22 22 A1 16 27 00 00 00 22 22 E0 16 FF FF FF FF FF FF FF FF FF FF FF FF FF FF FF FF FF FF FF FF FF FF FF FF FF FF FF FF 23 68 51 10 00 00 18 03 29 00 00 18 04 18 22 30 00 12 07 00 00 00 00 00 00 00 00 01 23 00 00 00 22 22 14 16 FF FF FF FF FF 64 16 
2018-07-10 16:08:43 457     2018/7/10 星期二 下午 04:08:43:接收     请求数据：表地址101806020002；区域码0000；索引号:4；时间18年06月27日05时00分00秒；数据开关: 双采开关二:关； 双采开关一:开；双采开关一:24020000阀门状态:开；测量状态:正常；通讯状态:正常；干簧管状态:正常；低电状态:正常；攻击状态:正常；； 模拟量二:关； 模拟量一:关； 485开关:关；GPRS信号强度:-110dbm；外部供电电压:3.4V；单片机电压:2.34V
2018-07-10 16:08:44 406     2018/7/10 星期二 下午 04:08:44:接收     68 94 30 18 06 30 00 02 00 00 00 00 22 07 00 00 00 00 A5 16 
2018-07-10 16:08:44 408     2018/7/10 星期二 下午 04:08:44:接收     表地址：301806300002；厂商代码：0000；设置终端采样与上传参数成功！
2018-07-10 16:08:45 425     2018/7/10 星期二 下午 04:08:45:接收     68 97 30 18 06 30 00 01 00 00 55 18 07 02 00 00 53 47 16 
2018-07-10 16:08:45 429     2018/7/10 星期二 下午 04:08:45:接收     表地址：301806300001；厂商代码：0000；设置时钟成功！
2018-07-10 16:19:12 881     2018/7/10 星期二 下午 04:19:12:发送     发送设置终端IP与端口命令
2018-07-10 16:19:12 897     2018/7/10 星期二 下午 04:19:12:发送     68810000000000000000000000057879553416
2018-07-10 16:19:33 216     2018/7/10 星期二 下午 04:19:33:接收     命令超时...
2018-07-10 16:21:52 038     2018/7/10 星期二 下午 04:21:52:接收     68 B0 10 18 07 03 96 93 00 00 57 4D 5F 49 4F 54 30 30 30 33 5F 30 37 30 32 37 84 16 
2018-07-10 16:21:52 042     2018/7/10 星期二 下午 04:21:52:接收       表地址：101807039693；厂商代码：0000；版本号：WM_IOT0003_07
2018-07-10 16:22:39 779     2018/7/10 星期二 下午 04:22:39:接收     68 B0 30 18 06 30 00 01 00 00 4E 42 52 51 5F 43 4F 50 37 37 5F 30 37 30 32 37 D8 16 
2018-07-10 16:22:39 782     2018/7/10 星期二 下午 04:22:39:接收       表地址：301806300001；厂商代码：0000；版本号：NBRQ_COP77_07
2018-07-10 16:23:13 691     2018/7/10 星期二 下午 04:23:13:接收     68 B0 10 12 34 56 78 90 00 00 57 4D 5F 49 4F 54 30 30 33 00 4E 16 
2018-07-10 16:23:13 708     2018/7/10 星期二 下午 04:23:13:接收       表地址：101234567890；厂商代码：0000；版本号：WM_IOT003 
2018-07-10 16:25:08 336     2018/7/10 星期二 下午 04:25:08:发送     发送 000000000000 获取版本号！
2018-07-10 16:25:08 339     2018/7/10 星期二 下午 04:25:08:发送     68A100000000000000000916
2018-07-10 16:25:14 191     2018/7/10 星期二 下午 04:25:14:发送     发送 000000000000 获取版本号！
2018-07-10 16:25:14 194     2018/7/10 星期二 下午 04:25:14:发送     68A300000000000000000B16
2018-07-10 16:25:14 815     2018/7/10 星期二 下午 04:25:14:发送     发送 000000000000 获取版本号！
2018-07-10 16:25:14 820     2018/7/10 星期二 下午 04:25:14:发送     68A100000000000000000916
2018-07-10 16:25:16 811     2018/7/10 星期二 下午 04:25:16:发送     发送 000000000000 读取终端设置参数命令
2018-07-10 16:25:16 815     2018/7/10 星期二 下午 04:25:16:发送     68A900000000000000001116
2018-07-10 16:25:21 963     2018/7/10 星期二 下午 04:25:21:发送     发送 000000000000 清除备份数据命令
2018-07-10 16:25:21 965     2018/7/10 星期二 下午 04:25:21:发送     688B0000000000000000F316
2018-07-10 16:25:37 844     2018/7/10 星期二 下午 04:25:37:发送     发送 000000000000 获取版本号！
2018-07-10 16:25:37 854     2018/7/10 星期二 下午 04:25:37:发送     68A000000000000000000816
2018-07-10 16:25:58 727     2018/7/10 星期二 下午 04:25:58:接收     命令超时...
2018-07-10 16:32:48 570     2018/7/10 星期二 下午 04:32:48:接收     68 99 10 18 05 20 10 11 00 00 CB AB E9 31 12 12 88 12 48 06 8A 04 78 00 00 00 00 00 00 00 00 FF FF 00 00 FF FF 00 00 05 18 06 12 17 21 30 03 32 04 01 32 07 08 01 03 00 04 00 01 C5 CB BE 16 
2018-07-10 16:32:48 574     2018/7/10 星期二 下午 04:32:48:接收     终端地址：101805201011 厂商代码:0000
2018-07-10 16:32:48 575     2018/7/10 星期二 下午 04:32:48:接收     终端IP与端口：203.171.233.49 1212 SIM卡源:外置SIM
2018-07-10 16:32:48 577     2018/7/10 星期二 下午 04:32:48:接收       双采开关二:关； 双采开关一:开； 模拟量二:关； 模拟量一:关； 485开关:开； 485周期:4小时； 供电周期:6分钟充电8S；外部供电控制:启用；延时10100ms； 上传周期:24小时
2018-07-10 16:32:48 578     2018/7/10 星期二 下午 04:32:48:接收     双采表底数一:0 ；双采表底数二:0
2018-07-10 16:32:48 579     2018/7/10 星期二 下午 04:32:48:接收     通道一报警上限：65535 ；通道一报警下限：0 ；通道二报警上限：65535 ；通道二报警下限:0
2018-07-10 16:32:48 580     2018/7/10 星期二 下午 04:32:48:接收     终端时间：18年06月12日 17时21分30秒 ；时间源：GPRS自动校时
2018-07-10 16:32:48 582     2018/7/10 星期二 下午 04:32:48:接收     GPRS重复上传次数：3 ；等待延时：5000ms
2018-07-10 16:32:48 583     2018/7/10 星期二 下午 04:32:48:接收     波特率：2400 ；奇偶校验：偶校验 ；重复次数：0 ；数据等待时间：400 ；期待数据长度：7 ；下行数据长度：8 ；数据帧：010300040001C5CB
2018-07-10 16:33:59 668     2018/7/10 星期二 下午 04:33:59:接收     68 99 10 18 05 20 10 11 00 00 CB AB E9 31 12 12 88 12 48 06 8A 04 78 00 00 00 00 00 00 00 00 FF FF 00 00 FF FF 00 00 05 18 06 12 17 21 30 03 32 04 01 32 07 08 01 03 00 04 00 01 C5 CB BE 16 
2018-07-10 16:33:59 671     2018/7/10 星期二 下午 04:33:59:接收     终端地址：101805201011 厂商代码:0000
2018-07-10 16:33:59 672     2018/7/10 星期二 下午 04:33:59:接收     终端IP与端口：203.171.233.49 1212 SIM卡源:外置SIM
2018-07-10 16:33:59 674     2018/7/10 星期二 下午 04:33:59:接收       双采开关二:关； 双采开关一:开； 模拟量二:关； 模拟量一:关； 485开关:开； 485周期:4小时； 供电周期:6分钟充电8S；外部供电控制:启用；延时10100ms； 上传周期:24小时
2018-07-10 16:33:59 677     2018/7/10 星期二 下午 04:33:59:接收     双采表底数一:0 ；双采表底数二:0
2018-07-10 16:33:59 679     2018/7/10 星期二 下午 04:33:59:接收     通道一报警上限：65535 ；通道一报警下限：0 ；通道二报警上限：65535 ；通道二报警下限:0
2018-07-10 16:33:59 680     2018/7/10 星期二 下午 04:33:59:接收     终端时间：18年06月12日 17时21分30秒 ；时间源：GPRS自动校时
2018-07-10 16:33:59 681     2018/7/10 星期二 下午 04:33:59:接收     GPRS重复上传次数：3 ；等待延时：5000ms
2018-07-10 16:33:59 683     2018/7/10 星期二 下午 04:33:59:接收     波特率：2400 ；奇偶校验：偶校验 ；重复次数：0 ；数据等待时间：400 ；期待数据长度：7 ；下行数据长度：8 ；数据帧：010300040001C5CB
2018-07-10 16:34:10 853     2018/7/10 星期二 下午 04:34:10:接收     68 99 10 18 05 20 10 11 00 00 CB AB E9 31 12 12 88 12 48 06 8A 04 78 00 00 00 00 00 00 00 00 FF FF 00 00 FF FF 00 00 05 18 06 12 17 21 30 03 32 04 01 32 07 08 01 03 00 04 00 01 C5 CB BE 16 
2018-07-10 16:34:10 856     2018/7/10 星期二 下午 04:34:10:接收     终端地址：101805201011 厂商代码:0000
2018-07-10 16:34:10 858     2018/7/10 星期二 下午 04:34:10:接收     终端IP与端口：203.171.233.49 1212 SIM卡源:外置SIM
2018-07-10 16:35:42 162     2018/7/10 星期二 下午 04:35:42:接收     68 99 10 18 05 20 10 11 00 00 CB AB E9 31 12 12 88 12 48 06 8A 04 78 00 00 00 00 00 00 00 00 FF FF 00 00 FF FF 00 00 05 18 06 12 17 21 30 03 32 04 01 32 07 08 01 03 00 04 00 01 C5 CB BE 16 
2018-07-10 16:35:42 165     2018/7/10 星期二 下午 04:35:42:接收     终端地址：101805201011 厂商代码:0000
2018-07-10 16:35:42 167     2018/7/10 星期二 下午 04:35:42:接收     终端IP与端口：203.171.233.49 1212 SIM卡源:外置SIM
2018-07-10 16:36:14 004     2018/7/10 星期二 下午 04:36:13:接收     68 99 10 18 05 20 10 11 00 00 CB AB E9 31 12 12 88 12 48 06 8A 04 78 00 00 00 00 00 00 00 00 FF FF 00 00 FF FF 00 00 05 18 06 12 17 21 30 03 32 04 01 32 07 08 01 03 00 04 00 01 C5 CB BE 16 
2018-07-10 16:36:14 007     2018/7/10 星期二 下午 04:36:14:接收     终端地址：101805201011 厂商代码:0000
2018-07-10 16:36:14 009     2018/7/10 星期二 下午 04:36:14:接收     终端IP与端口：203.171.233.49 1212 SIM卡源:外置SIM
2018-07-10 16:37:25 315     2018/7/10 星期二 下午 04:37:25:接收     68 99 10 18 05 20 10 11 00 00 CB AB E9 31 12 12 88 12 48 06 8A 04 78 00 00 00 00 00 00 00 00 FF FF 00 00 FF FF 00 00 05 18 06 12 17 21 30 03 32 04 01 32 07 08 01 03 00 04 00 01 C5 CB BE 16 
2018-07-10 16:37:25 319     2018/7/10 星期二 下午 04:37:25:接收     终端地址：101805201011 厂商代码:0000
2018-07-10 16:37:25 321     2018/7/10 星期二 下午 04:37:25:接收     终端IP与端口：203.171.233.49 1212 SIM卡源:外置SIM
2018-07-10 16:37:38 251     2018/7/10 星期二 下午 04:37:38:接收       双采开关二:关； 双采开关一:开； 模拟量二:关； 模拟量一:关； 485开关:开； 485周期:4小时； 供电周期:6分钟充电8S；外部供电控制:启用；延时10100ms； 上传周期:24小时
2018-07-10 16:37:38 253     2018/7/10 星期二 下午 04:37:38:接收     双采表底数一:0 ；双采表底数二:0
2018-07-10 16:37:38 255     2018/7/10 星期二 下午 04:37:38:接收     通道一报警上限：65535 ；通道一报警下限：0 ；通道二报警上限：65535 ；通道二报警下限:0
2018-07-10 16:37:38 256     2018/7/10 星期二 下午 04:37:38:接收     终端时间：18年06月12日 17时21分30秒 ；时间源：GPRS自动校时
2018-07-10 16:37:38 258     2018/7/10 星期二 下午 04:37:38:接收     GPRS重复上传次数：3 ；等待延时：5000ms
2018-07-10 16:37:38 260     2018/7/10 星期二 下午 04:37:38:接收     波特率：2400 ；奇偶校验：偶校验 ；重复次数：0 ；数据等待时间：400 ；期待数据长度：7 ；下行数据长度：8 ；数据帧：010300040001C5CB
2018-07-10 16:37:41 664     2018/7/10 星期二 下午 04:37:41:接收     68 99 10 18 05 20 10 11 00 00 CB AB E9 31 12 12 88 12 48 06 8A 04 78 00 00 00 00 00 00 00 00 FF FF 00 00 FF FF 00 00 05 18 06 12 17 21 30 03 32 04 01 32 07 08 01 03 00 04 00 01 C5 CB BE 16 
2018-07-10 16:37:41 666     2018/7/10 星期二 下午 04:37:41:接收     终端地址：101805201011 厂商代码:0000
2018-07-10 16:37:41 668     2018/7/10 星期二 下午 04:37:41:接收     终端IP与端口：203.171.233.49 1212 SIM卡源:外置SIM
2018-07-10 16:38:21 836     2018/7/10 星期二 下午 04:38:21:接收     68 99 10 18 05 20 10 11 00 00 CB AB E9 31 12 12 88 12 48 06 8A 04 78 00 00 00 00 00 00 00 00 FF FF 00 00 FF FF 00 00 05 18 06 12 17 21 30 03 32 04 01 32 07 08 01 03 00 04 00 01 C5 CB BE 16 
2018-07-10 16:38:21 839     2018/7/10 星期二 下午 04:38:21:接收     终端地址：101805201011 厂商代码:0000
2018-07-10 16:38:21 840     2018/7/10 星期二 下午 04:38:21:接收     终端IP与端口：203.171.233.49 1212 SIM卡源:外置SIM
2018-07-10 16:39:14 805     2018/7/10 星期二 下午 04:39:14:接收     68 99 10 18 05 20 10 11 00 00 CB AB E9 31 12 12 88 12 48 06 8A 04 78 00 00 00 00 00 00 00 00 FF FF 00 00 FF FF 00 00 05 18 06 12 17 21 30 03 32 04 01 32 07 08 01 03 00 04 00 01 C5 CB BE 16 
2018-07-10 16:39:14 808     2018/7/10 星期二 下午 04:39:14:接收     终端地址：101805201011 厂商代码:0000
2018-07-10 16:39:14 809     2018/7/10 星期二 下午 04:39:14:接收     终端IP与端口：203.171.233.49 1212 SIM卡源:外置SIM
2018-07-10 16:39:42 868     2018/7/10 星期二 下午 04:39:42:接收     68 99 10 18 05 20 10 11 00 00 CB AB E9 31 12 12 88 12 48 06 8A 04 78 00 00 00 00 00 00 00 00 FF FF 00 00 FF FF 00 00 05 18 06 12 17 21 30 03 32 04 01 32 07 08 01 03 00 04 00 01 C5 CB BE 16 
2018-07-10 16:39:42 871     2018/7/10 星期二 下午 04:39:42:接收     终端地址：101805201011 厂商代码:0000
2018-07-10 16:39:42 872     2018/7/10 星期二 下午 04:39:42:接收     终端IP与端口：203.171.233.49 1212 SIM卡源:外置SIM
2018-07-10 16:39:42 874     2018/7/10 星期二 下午 04:39:42:接收       双采开关二:关； 双采开关一:开； 模拟量二:关； 模拟量一:关； 485开关:开； 485周期:4小时； 供电周期:6分钟充电8S；外部供电控制:启用；延时10100ms； 上传周期:24小时
2018-07-10 16:39:42 875     2018/7/10 星期二 下午 04:39:42:接收     双采表底数一:0 ；双采表底数二:0
2018-07-10 16:39:42 876     2018/7/10 星期二 下午 04:39:42:接收     通道一报警上限：65535 ；通道一报警下限：0 ；通道二报警上限：65535 ；通道二报警下限:0
2018-07-10 16:39:42 877     2018/7/10 星期二 下午 04:39:42:接收     终端时间：18年06月12日 17时21分30秒 ；时间源：GPRS自动校时
2018-07-10 16:39:42 893     2018/7/10 星期二 下午 04:39:42:接收     GPRS重复上传次数：3 ；等待延时：5000ms
2018-07-10 16:39:42 894     2018/7/10 星期二 下午 04:39:42:接收     波特率：2400 ；奇偶校验：偶校验 ；重复次数：0 ；数据等待时间：400 ；期待数据长度：7 ；下行数据长度：8 ；数据帧：010300040001C5CB
2018-07-10 16:40:34 651     2018/7/10 星期二 下午 04:40:34:接收     68 99 10 18 05 20 10 11 00 00 CB AB E9 31 12 12 88 12 48 06 8A 04 78 00 00 00 00 00 00 00 00 FF FF 00 00 FF FF 00 00 05 18 06 12 17 21 30 03 32 04 01 32 07 08 01 03 00 04 00 01 C5 CB BE 16 
2018-07-10 16:40:34 655     2018/7/10 星期二 下午 04:40:34:接收     终端地址：101805201011 厂商代码:0000
2018-07-10 16:40:34 657     2018/7/10 星期二 下午 04:40:34:接收     终端IP与端口：203.171.233.49 1212 SIM卡源:外置SIM
2018-07-10 16:40:34 659     2018/7/10 星期二 下午 04:40:34:接收       双采开关二:关； 双采开关一:开； 模拟量二:关； 模拟量一:关； 485开关:开； 485周期:4小时； 供电周期:6分钟充电8S；外部供电控制:启用；延时10100ms； 上传周期:24小时
2018-07-10 16:40:34 662     2018/7/10 星期二 下午 04:40:34:接收     双采表底数一:0 ；双采表底数二:0
2018-07-10 16:40:34 663     2018/7/10 星期二 下午 04:40:34:接收     通道一报警上限：65535 ；通道一报警下限：0 ；通道二报警上限：65535 ；通道二报警下限:0
2018-07-10 16:40:34 666     2018/7/10 星期二 下午 04:40:34:接收     终端时间：18年06月12日 17时21分30秒 ；时间源：GPRS自动校时
2018-07-10 16:40:34 667     2018/7/10 星期二 下午 04:40:34:接收     GPRS重复上传次数：3 ；等待延时：5000ms
2018-07-10 16:40:34 669     2018/7/10 星期二 下午 04:40:34:接收     波特率：2400 ；奇偶校验：偶校验 ；重复次数：0 ；数据等待时间：400 ；期待数据长度：7 ；下行数据长度：8 ；数据帧：010300040001C5CB
2018-07-10 16:41:12 692     2018/7/10 星期二 下午 04:41:12:接收     68 99 10 18 05 20 10 11 00 00 CB AB E9 31 12 12 88 12 48 06 8A 04 78 00 00 00 00 00 00 00 00 FF FF 00 00 FF FF 00 00 05 18 06 12 17 21 30 03 32 04 01 32 07 08 01 03 00 04 00 01 C5 CB BE 16 
2018-07-10 16:41:12 695     2018/7/10 星期二 下午 04:41:12:接收     终端地址：101805201011 厂商代码:0000
2018-07-10 16:41:12 697     2018/7/10 星期二 下午 04:41:12:接收     终端IP与端口：203.171.233.49 1212 SIM卡源:外置SIM
2018-07-10 16:41:12 699     2018/7/10 星期二 下午 04:41:12:接收       双采开关二:关； 双采开关一:开； 模拟量二:关； 模拟量一:关； 485开关:开； 485周期:4小时； 供电周期:6分钟充电8S；外部供电控制:启用；延时41120ms； 上传周期:24小时
2018-07-10 16:41:12 702     2018/7/10 星期二 下午 04:41:12:接收     双采表底数一:0 ；双采表底数二:0
2018-07-10 16:41:12 703     2018/7/10 星期二 下午 04:41:12:接收     通道一报警上限：65535 ；通道一报警下限：0 ；通道二报警上限：65535 ；通道二报警下限:0
2018-07-10 16:41:12 705     2018/7/10 星期二 下午 04:41:12:接收     终端时间：18年06月12日 17时21分30秒 ；时间源：GPRS自动校时
2018-07-10 16:41:12 707     2018/7/10 星期二 下午 04:41:12:接收     GPRS重复上传次数：3 ；等待延时：5000ms
2018-07-10 16:41:12 709     2018/7/10 星期二 下午 04:41:12:接收     波特率：2400 ；奇偶校验：偶校验 ；重复次数：0 ；数据等待时间：400 ；期待数据长度：7 ；下行数据长度：8 ；数据帧：010300040001C5CB
2018-07-10 16:41:36 117     2018/7/10 星期二 下午 04:41:36:接收     68 99 10 18 05 20 10 11 00 00 CB AB E9 31 12 12 88 12 48 06 8A 04 78 00 00 00 00 00 00 00 00 FF FF 00 00 FF FF 00 00 05 18 06 12 17 21 30 03 32 04 01 32 07 08 01 03 00 04 00 01 C5 CB BE 16 
2018-07-10 16:41:36 120     2018/7/10 星期二 下午 04:41:36:接收     终端地址：101805201011 厂商代码:0000
2018-07-10 16:41:36 121     2018/7/10 星期二 下午 04:41:36:接收     终端IP与端口：203.171.233.49 1212 SIM卡源:外置SIM
2018-07-10 16:41:36 123     2018/7/10 星期二 下午 04:41:36:接收       双采开关二:关； 双采开关一:开； 模拟量二:关； 模拟量一:关； 485开关:开； 485周期:4小时； 供电周期:6分钟充电8S；外部供电控制:启用；延时41120ms； 上传周期:24小时
2018-07-10 16:41:36 125     2018/7/10 星期二 下午 04:41:36:接收     双采表底数一:0 ；双采表底数二:0
2018-07-10 16:41:36 126     2018/7/10 星期二 下午 04:41:36:接收     通道一报警上限：65535 ；通道一报警下限：0 ；通道二报警上限：65535 ；通道二报警下限:0
2018-07-10 16:41:36 127     2018/7/10 星期二 下午 04:41:36:接收     终端时间：18年06月12日 17时21分30秒 ；时间源：GPRS自动校时
2018-07-10 16:41:36 129     2018/7/10 星期二 下午 04:41:36:接收     GPRS重复上传次数：3 ；等待延时：5000ms
2018-07-10 16:41:36 130     2018/7/10 星期二 下午 04:41:36:接收     波特率：2400 ；奇偶校验：偶校验 ；重复次数：0 ；数据等待时间：400 ；期待数据长度：7 ；下行数据长度：8 ；数据帧：010300040001C5CB
2018-07-10 16:41:49 067     2018/7/10 星期二 下午 04:41:49:接收     68 99 10 18 05 20 10 11 00 00 CB AB E9 31 12 12 88 12 48 06 8A 04 78 00 00 00 00 00 00 00 00 FF FF 00 00 FF FF 00 00 05 18 06 12 17 21 30 03 32 04 01 32 07 08 01 03 00 04 00 01 C5 CB BE 16 
2018-07-10 16:41:49 070     2018/7/10 星期二 下午 04:41:49:接收     终端地址：101805201011 厂商代码:0000
2018-07-10 16:41:49 071     2018/7/10 星期二 下午 04:41:49:接收     终端IP与端口：203.171.233.49 1212 SIM卡源:外置SIM
2018-07-10 16:41:49 073     2018/7/10 星期二 下午 04:41:49:接收       双采开关二:关； 双采开关一:开； 模拟量二:关； 模拟量一:关； 485开关:开； 485周期:4小时； 供电周期:6分钟充电8S；外部供电控制:启用；延时10100ms； 上传周期:24小时
2018-07-10 16:41:49 074     2018/7/10 星期二 下午 04:41:49:接收     双采表底数一:0 ；双采表底数二:0
2018-07-10 16:41:49 075     2018/7/10 星期二 下午 04:41:49:接收     通道一报警上限：65535 ；通道一报警下限：0 ；通道二报警上限：65535 ；通道二报警下限:0
2018-07-10 16:41:49 077     2018/7/10 星期二 下午 04:41:49:接收     终端时间：18年06月12日 17时21分30秒 ；时间源：GPRS自动校时
2018-07-10 16:41:49 078     2018/7/10 星期二 下午 04:41:49:接收     GPRS重复上传次数：3 ；等待延时：5000ms
2018-07-10 16:41:49 080     2018/7/10 星期二 下午 04:41:49:接收     波特率：2400 ；奇偶校验：偶校验 ；重复次数：0 ；数据等待时间：400 ；期待数据长度：7 ；下行数据长度：8 ；数据帧：010300040001C5CB
2018-07-10 16:42:02 869     2018/7/10 星期二 下午 04:42:02:接收     68 99 10 18 05 20 10 11 00 00 CB AB E9 31 12 12 88 12 48 06 8A 04 78 00 00 00 00 00 00 00 00 FF FF 00 00 FF FF 00 00 05 18 06 12 17 21 30 03 32 04 01 32 07 08 01 03 00 04 00 01 C5 CB BE 16 
2018-07-10 16:42:02 872     2018/7/10 星期二 下午 04:42:02:接收     终端地址：101805201011 厂商代码:0000
2018-07-10 16:42:02 873     2018/7/10 星期二 下午 04:42:02:接收     终端IP与端口：203.171.233.49 1212 SIM卡源:外置SIM
2018-07-10 16:42:02 875     2018/7/10 星期二 下午 04:42:02:接收       双采开关二:关； 双采开关一:开； 模拟量二:关； 模拟量一:关； 485开关:开； 485周期:4小时； 供电周期:6分钟充电8S；外部供电控制:启用；延时1010ms； 上传周期:24小时
2018-07-10 16:42:02 876     2018/7/10 星期二 下午 04:42:02:接收     双采表底数一:0 ；双采表底数二:0
2018-07-10 16:42:02 877     2018/7/10 星期二 下午 04:42:02:接收     通道一报警上限：65535 ；通道一报警下限：0 ；通道二报警上限：65535 ；通道二报警下限:0
2018-07-10 16:42:02 879     2018/7/10 星期二 下午 04:42:02:接收     终端时间：18年06月12日 17时21分30秒 ；时间源：GPRS自动校时
2018-07-10 16:42:02 880     2018/7/10 星期二 下午 04:42:02:接收     GPRS重复上传次数：3 ；等待延时：5000ms
2018-07-10 16:42:02 881     2018/7/10 星期二 下午 04:42:02:接收     波特率：2400 ；奇偶校验：偶校验 ；重复次数：0 ；数据等待时间：400 ；期待数据长度：7 ；下行数据长度：8 ；数据帧：010300040001C5CB
2018-07-10 16:46:22 822     2018/7/10 星期二 下午 04:46:22:接收     68 99 10 18 05 20 10 11 00 00 CB AB E9 31 12 12 88 12 48 06 8A 04 78 00 00 00 00 00 00 00 00 FF FF 00 00 FF FF 00 00 05 18 06 12 17 21 30 03 32 04 01 32 07 08 01 03 00 04 00 01 C5 CB BE 16 
2018-07-10 16:46:22 826     2018/7/10 星期二 下午 04:46:22:接收     终端地址：101805201011 厂商代码:0000
2018-07-10 16:46:22 827     2018/7/10 星期二 下午 04:46:22:接收     终端IP与端口：203.171.233.49 1212 SIM卡源:外置SIM
2018-07-10 16:46:22 829     2018/7/10 星期二 下午 04:46:22:接收       双采开关二:关； 双采开关一:开； 模拟量二:关； 模拟量一:关； 485开关:开； 485周期:4小时； 供电周期:6分钟充电8S；外部供电控制:启用；延时100ms； 上传周期:24小时
2018-07-10 16:46:22 831     2018/7/10 星期二 下午 04:46:22:接收     双采表底数一:0 ；双采表底数二:0
2018-07-10 16:46:22 832     2018/7/10 星期二 下午 04:46:22:接收     通道一报警上限：65535 ；通道一报警下限：0 ；通道二报警上限：65535 ；通道二报警下限:0
2018-07-10 16:46:22 833     2018/7/10 星期二 下午 04:46:22:接收     终端时间：18年06月12日 17时21分30秒 ；时间源：GPRS自动校时
2018-07-10 16:46:22 835     2018/7/10 星期二 下午 04:46:22:接收     GPRS重复上传次数：3 ；等待延时：5000ms
2018-07-10 16:46:22 850     2018/7/10 星期二 下午 04:46:22:接收     波特率：2400 ；奇偶校验：偶校验 ；重复次数：0 ；数据等待时间：400 ；期待数据长度：7 ；下行数据长度：8 ；数据帧：010300040001C5CB
2018-07-10 17:40:58 393     2018/7/10 星期二 下午 05:40:58:接收     68 B0 10 18 06 02 01 02 00 00 4E 42 68 61 5F 43 4F 50 37 37 53 16 
2018-07-10 17:41:58 742     2018/7/10 星期二 下午 05:41:58:接收     68 B0 10 18 06 02 01 02 00 00 4E 42 68 61 5F 43 4F 50 37 37 53 16 
2018-07-10 17:41:58 746     2018/7/10 星期二 下午 05:41:58:接收       表地址：101806020102；厂商代码：0000；版本号： NBha_COP7
2018-07-10 17:42:19 152     2018/7/10 星期二 下午 05:42:19:接收     68 B0 10 18 06 02 01 02 00 00 4E 42 68 61 5F 43 4F 50 37 37 53 16 
2018-07-10 17:42:58 857     2018/7/10 星期二 下午 05:42:58:接收       表地址：101806020102；厂商代码：0000；版本号：NBha_COP77
2018-07-10 17:43:42 046     2018/7/10 星期二 下午 05:43:42:接收     68 B0 10 18 06 23 20 30 00 00 47 4E 5F 49 4F 54 30 30 31 38 62 16 
2018-07-10 17:43:50 454     2018/7/10 星期二 下午 05:43:50:接收       表地址：101806232030；厂商代码：0000；版本号：GN_IOT0018
2018-07-10 17:45:39 722     2018/7/10 星期二 下午 05:45:39:接收     68 B0 30 18 06 30 00 02 00 00 4E 42 52 51 5F 43 4F 50 37 37 5F 30 36 33 30 30 D2 16 
2018-07-10 17:46:42 136     2018/7/10 星期二 下午 05:46:42:接收     68 B0 30 18 06 30 00 02 00 00 4E 42 52 51 5F 43 4F 50 37 37 5F 30 36 33 30 30 D2 16 
2018-07-10 17:46:44 225     2018/7/10 星期二 下午 05:46:44:接收       表地址：301806300002；厂商代码：0000；版本号：NBRQ_COP77_06300
2018-07-10 17:47:03 667     2018/7/10 星期二 下午 05:47:03:接收     68 B0 30 18 06 30 00 02 00 00 4E 42 52 51 5F 43 4F 50 37 37 5F 30 36 33 30 30 D2 16 
2018-07-10 17:47:04 894     2018/7/10 星期二 下午 05:47:04:接收       表地址：301806300002；厂商代码：0000；版本号：NBRQ_COP77_06300
2018-07-10 17:53:32 051     2018/7/10 星期二 下午 05:53:32:接收     68 B0 10 18 06 02 01 02 00 00 4E 42 68 61 5F 43 4F 50 37 37 53 16 
2018-07-10 17:53:32 055     2018/7/10 星期二 下午 05:53:32:接收       表地址：101806020102；厂商代码：0000；版本号：NBha_COP77
