2019-09-17 14:06:19 914     2019/9/17 14:06:19:发送     11 11 11 11 11 11 11 77 16 
2019-09-17 14:06:20 065     2019/9/17 14:06:20:发送     11 11 11 11 11 11 11 77 16 
2019-09-17 14:06:20 199     2019/9/17 14:06:20:发送     11 11 11 11 11 11 11 77 16 
2019-09-17 14:06:20 357     2019/9/17 14:06:20:发送     11 11 11 11 11 11 11 77 16 
2019-09-17 14:06:20 517     2019/9/17 14:06:20:发送     11 11 11 11 11 11 11 77 16 
2019-09-17 16:25:27 397     2019/9/17 16:25:27:发送     11 11 11 33 66 CC 98 30 60 C0 16 

2019-09-17 16:25:27 721     2019/9/17 16:25:27:发送     11 11 11 33 66 CC 98 30 60 C0 16 

2019-09-17 16:25:27 863     2019/9/17 16:25:27:发送     11 11 11 33 66 CC 98 30 60 C0 16 

2019-09-17 16:25:28 031     2019/9/17 16:25:28:发送     11 11 11 33 66 CC 98 30 60 C0 16 

2019-09-17 16:25:28 199     2019/9/17 16:25:28:发送     11 11 11 33 66 CC 98 30 60 C0 16 

2019-09-17 16:25:28 359     2019/9/17 16:25:28:发送     11 11 11 33 66 CC 98 30 60 C0 16 

2019-09-17 16:25:28 535     2019/9/17 16:25:28:发送     11 11 11 33 66 CC 98 30 60 C0 16 

2019-09-17 16:32:39 780     2019/9/17 16:32:39:发送     11 11 22 44 88 10 20 16 
2019-09-17 16:32:39 954     2019/9/17 16:32:39:发送     11 11 22 44 88 10 20 16 
2019-09-17 16:32:40 079     2019/9/17 16:32:40:发送     11 11 22 44 88 10 20 16 
2019-09-17 16:32:40 231     2019/9/17 16:32:40:发送     11 11 22 44 88 10 20 16 
2019-09-17 16:33:25 620     2019/9/17 16:33:25:发送     11 11 22 44 88 16 
2019-09-17 16:33:25 786     2019/9/17 16:33:25:发送     11 11 22 44 88 16 
2019-09-17 16:33:25 919     2019/9/17 16:33:25:发送     11 11 22 44 88 16 
2019-09-17 16:33:26 096     2019/9/17 16:33:26:发送     11 11 22 44 88 16 
2019-09-17 16:35:02 989     2019/9/17 16:35:02:发送     11 11 11 11 11 11 11 77 16 
2019-09-17 16:35:03 386     2019/9/17 16:35:03:发送     11 11 11 11 11 11 11 77 16 
2019-09-17 16:35:03 511     2019/9/17 16:35:03:发送     11 11 11 11 11 11 11 77 16 
2019-09-17 16:36:24 173     2019/9/17 16:36:24:发送     11 11 22 44 88 10 16 
2019-09-17 16:36:24 322     2019/9/17 16:36:24:发送     11 11 22 44 88 10 16 
2019-09-17 16:36:24 463     2019/9/17 16:36:24:发送     11 11 22 44 88 10 16 
2019-09-17 16:36:24 616     2019/9/17 16:36:24:发送     11 11 22 44 88 10 16 
2019-09-17 16:37:52 228     2019/9/17 16:37:52:发送     11 11 
2019-09-17 16:37:52 394     2019/9/17 16:37:52:发送     11 11 
2019-09-17 16:37:57 752     2019/9/17 16:37:57:发送     11 11 
2019-09-17 16:37:57 903     2019/9/17 16:37:57:接收     11 11 
2019-09-17 16:37:57 909     2019/9/17 16:37:57:接收     校验和验证失败！
2019-09-17 16:37:57 915     2019/9/17 16:37:57:发送     11 11 
2019-09-17 16:37:58 015     2019/9/17 16:37:58:接收     11 11 
2019-09-17 16:37:58 020     2019/9/17 16:37:58:接收     校验和验证失败！
2019-09-17 16:38:05 911     2019/9/17 16:38:05:发送     11 11 
2019-09-17 16:38:06 014     2019/9/17 16:38:06:接收     11 11 
2019-09-17 16:38:06 019     2019/9/17 16:38:06:接收     校验和验证失败！
2019-09-17 16:38:06 087     2019/9/17 16:38:06:发送     11 11 
2019-09-17 16:38:06 187     2019/9/17 16:38:06:接收     11 11 
2019-09-17 16:38:06 193     2019/9/17 16:38:06:接收     校验和验证失败！
2019-09-17 16:38:07 863     2019/9/17 16:38:07:发送     11 11 
2019-09-17 16:38:07 964     2019/9/17 16:38:07:接收     11 11 
2019-09-17 16:38:07 969     2019/9/17 16:38:07:接收     校验和验证失败！
2019-09-17 16:38:08 024     2019/9/17 16:38:08:发送     11 11 
2019-09-17 16:38:08 125     2019/9/17 16:38:08:接收     11 11 
2019-09-17 16:38:08 130     2019/9/17 16:38:08:接收     校验和验证失败！
2019-09-17 16:38:08 159     2019/9/17 16:38:08:发送     11 11 
2019-09-17 16:38:08 260     2019/9/17 16:38:08:接收     11 11 
2019-09-17 16:38:08 265     2019/9/17 16:38:08:接收     校验和验证失败！
2019-09-17 16:43:39 550     2019/9/17 16:43:39:发送     6811000011111111111111000000F016
2019-09-17 16:43:48 608     2019/9/17 16:43:48:发送     6811000011111111111111000000F016
2019-09-17 16:43:49 612     2019/9/17 16:43:49:发送     6811000011111111111111000000F016
2019-09-17 16:43:50 612     2019/9/17 16:43:50:发送     6811000011111111111111000000F016
2019-09-17 16:43:55 766     2019/9/17 16:43:55:接收     68 11 00 00 11 11 11 11 11 11 11 00 00 00 F0 16 
2019-09-17 16:43:56 762     2019/9/17 16:43:56:接收     68 11 00 00 11 11 11 11 11 11 11 00 00 00 F0 16 
2019-09-17 16:43:57 764     2019/9/17 16:43:57:接收     68 11 00 00 11 11 11 11 11 11 11 00 00 00 F0 16 
2019-09-17 16:43:58 764     2019/9/17 16:43:58:接收     68 11 00 00 11 11 11 11 11 11 11 00 00 00 F0 16 
2019-09-17 16:43:59 659     2019/9/17 16:43:59:发送     6811000011111111111111000000F016
2019-09-17 16:43:59 789     2019/9/17 16:43:59:接收     68 11 00 00 11 11 11 11 11 11 11 00 00 00 F0 16 
2019-09-17 16:44:00 666     2019/9/17 16:44:00:发送     6811000011111111111111000000F016
2019-09-17 16:44:00 793     2019/9/17 16:44:00:接收     68 11 00 00 11 11 11 11 11 11 11 00 00 00 F0 16 
2019-09-17 16:44:01 707     2019/9/17 16:44:01:发送     6811000011111111111111000000F016
2019-09-17 16:44:01 808     2019/9/17 16:44:01:接收     68 11 00 00 11 11 11 11 11 11 11 00 00 00 F0 16 
2019-09-17 16:44:02 809     2019/9/17 16:44:02:接收     68 11 00 00 11 11 11 11 11 11 11 00 00 00 F0 16 
2019-09-17 16:44:03 812     2019/9/17 16:44:03:接收     68 11 00 00 11 11 11 11 11 11 11 00 00 00 F0 16 
2019-09-17 16:44:04 814     2019/9/17 16:44:04:接收     68 11 00 00 11 11 11 11 11 11 11 00 00 00 F0 16 
2019-09-17 16:44:05 809     2019/9/17 16:44:05:接收     68 11 00 00 11 11 11 11 11 11 11 00 00 00 F0 16 
2019-09-17 16:44:06 813     2019/9/17 16:44:06:接收     68 11 00 00 11 11 11 11 11 11 11 00 00 00 F0 16 
2019-09-17 16:44:07 816     2019/9/17 16:44:07:接收     68 11 00 00 11 11 11 11 11 11 11 00 00 00 F0 16 
2019-09-17 16:44:08 809     2019/9/17 16:44:08:接收     68 11 00 00 11 11 11 11 11 11 11 00 00 00 F0 16 
2019-09-17 16:44:09 814     2019/9/17 16:44:09:接收     68 11 00 00 11 11 11 11 11 11 11 00 00 00 F0 16 
2019-09-17 16:44:10 812     2019/9/17 16:44:10:接收     68 11 00 00 11 11 11 11 11 11 11 00 00 00 F0 16 
2019-09-17 16:44:11 808     2019/9/17 16:44:11:接收     68 11 00 00 11 11 11 11 11 11 11 00 00 00 F0 16 
2019-09-17 16:44:12 811     2019/9/17 16:44:12:接收     68 11 00 00 11 11 11 11 11 11 11 00 00 00 F0 16 
2019-09-17 16:44:13 808     2019/9/17 16:44:13:接收     68 11 00 00 11 11 11 11 11 11 11 00 00 00 F0 16 
2019-09-17 16:44:14 808     2019/9/17 16:44:14:接收     68 11 00 00 11 11 11 11 11 11 11 00 00 00 F0 16 
2019-09-17 16:44:21 388     2019/9/17 16:44:21:接收     68 11 00 00 11 11 11 11 11 11 11 00 00 00 F0 16 
2019-09-17 16:44:22 386     2019/9/17 16:44:22:接收     68 11 00 00 11 11 11 11 11 11 11 00 00 00 F0 16 
2019-09-17 16:44:23 387     2019/9/17 16:44:23:接收     68 11 00 00 11 11 11 11 11 11 11 00 00 00 F0 16 
2019-09-17 16:44:24 389     2019/9/17 16:44:24:接收     68 11 00 00 11 11 11 11 11 11 11 00 00 00 F0 16 
2019-09-17 16:44:25 386     2019/9/17 16:44:25:接收     68 11 00 00 11 11 11 11 11 11 11 00 00 00 F0 16 
2019-09-17 16:44:26 387     2019/9/17 16:44:26:接收     68 11 00 00 11 11 11 11 11 11 11 00 00 00 F0 16 
2019-09-17 16:44:27 391     2019/9/17 16:44:27:接收     68 11 00 00 11 11 11 11 11 11 11 00 00 00 F0 16 
2019-09-17 16:44:28 385     2019/9/17 16:44:28:接收     68 11 00 00 11 11 11 11 11 11 11 00 00 00 F0 16 
2019-09-17 16:44:29 386     2019/9/17 16:44:29:接收     68 11 00 00 11 11 11 11 11 11 11 00 00 00 F0 16 
2019-09-17 16:44:30 388     2019/9/17 16:44:30:接收     68 11 00 00 11 11 11 11 11 11 11 00 00 00 F0 16 
2019-09-17 16:44:31 394     2019/9/17 16:44:31:接收     68 11 00 00 11 11 11 11 11 11 11 00 00 00 F0 16 
2019-09-17 16:44:32 385     2019/9/17 16:44:32:接收     68 11 00 00 11 11 11 11 11 11 11 00 00 00 F0 16 
2019-09-17 16:44:33 389     2019/9/17 16:44:33:接收     68 11 00 00 11 11 11 11 11 11 11 00 00 00 F0 16 
2019-09-17 16:44:34 388     2019/9/17 16:44:34:接收     68 11 00 00 11 11 11 11 11 11 11 00 00 00 F0 16 
2019-09-17 16:44:44 408     2019/9/17 16:44:44:接收     68 11 00 00 11 11 11 11 11 11 11 00 00 00 F0 16 
2019-09-17 16:44:45 433     2019/9/17 16:44:45:接收     68 11 00 00 11 11 11 11 11 11 11 00 00 00 F0 16 
2019-09-17 16:44:46 403     2019/9/17 16:44:46:接收     68 11 00 00 11 11 11 11 11 11 11 00 00 00 F0 16 
2019-09-17 16:44:47 407     2019/9/17 16:44:47:接收     68 11 00 00 11 11 11 11 11 11 11 00 00 00 F0 16 
2019-09-17 16:44:48 411     2019/9/17 16:44:48:接收     68 11 00 00 11 11 11 11 11 11 11 00 00 00 F0 16 
2019-09-17 16:44:49 402     2019/9/17 16:44:49:接收     68 11 00 00 11 11 11 11 11 11 11 00 00 00 F0 16 
2019-09-17 16:44:50 406     2019/9/17 16:44:50:接收     68 11 00 00 11 11 11 11 11 11 11 00 00 00 F0 16 
2019-09-17 16:44:51 411     2019/9/17 16:44:51:接收     68 11 00 00 11 11 11 11 11 11 11 00 00 00 F0 16 
2019-09-17 16:44:52 402     2019/9/17 16:44:52:接收     68 11 00 00 11 11 11 11 11 11 11 00 00 00 F0 16 
2019-09-17 16:44:53 409     2019/9/17 16:44:53:接收     68 11 00 00 11 11 11 11 11 11 11 00 00 00 F0 16 
2019-09-17 16:44:54 404     2019/9/17 16:44:54:接收     68 11 00 00 11 11 11 11 11 11 11 00 00 00 F0 16 
2019-09-17 16:44:55 402     2019/9/17 16:44:55:接收     68 11 00 00 11 11 11 11 11 11 11 00 00 00 F0 16 
2019-09-17 16:44:56 407     2019/9/17 16:44:56:接收     68 11 00 00 11 11 11 11 11 11 11 00 00 00 F0 16 
2019-09-17 16:44:57 404     2019/9/17 16:44:57:接收     68 11 00 00 11 11 11 11 11 11 11 00 00 00 F0 16 
2019-09-17 16:44:58 402     2019/9/17 16:44:58:接收     68 11 00 00 11 11 11 11 11 11 11 00 00 00 F0 16 
2019-09-17 16:44:59 406     2019/9/17 16:44:59:接收     68 11 00 00 11 11 11 11 11 11 11 00 00 00 F0 16 
2019-09-17 16:45:00 412     2019/9/17 16:45:00:接收     68 11 00 00 11 11 11 11 11 11 11 00 00 00 F0 16 
2019-09-17 16:45:01 403     2019/9/17 16:45:01:接收     68 11 00 00 11 11 11 11 11 11 11 00 00 00 F0 16 
2019-09-17 16:45:02 407     2019/9/17 16:45:02:接收     68 11 00 00 11 11 11 11 11 11 11 00 00 00 F0 16 
2019-09-17 16:45:03 405     2019/9/17 16:45:03:接收     68 11 00 00 11 11 11 11 11 11 11 00 00 00 F0 16 
2019-09-17 16:45:04 402     2019/9/17 16:45:04:接收     68 11 00 00 11 11 11 11 11 11 11 00 00 00 F0 16 
2019-09-17 16:45:05 403     2019/9/17 16:45:05:接收     68 11 00 00 11 11 11 11 11 11 11 00 00 00 F0 16 
2019-09-17 16:45:06 404     2019/9/17 16:45:06:接收     68 11 00 00 11 11 11 11 11 11 11 00 00 00 F0 16 
2019-09-17 16:45:07 402     2019/9/17 16:45:07:接收     68 11 00 00 11 11 11 11 11 11 11 00 00 00 F0 16 
2019-09-17 16:45:08 407     2019/9/17 16:45:08:接收     68 11 00 00 11 11 11 11 11 11 11 00 00 00 F0 16 
2019-09-17 16:45:09 410     2019/9/17 16:45:09:接收     68 11 00 00 11 11 11 11 11 11 11 00 00 00 F0 16 
2019-09-17 16:45:10 403     2019/9/17 16:45:10:接收     68 11 00 00 11 11 11 11 11 11 11 00 00 00 F0 16 
2019-09-17 16:45:11 406     2019/9/17 16:45:11:接收     68 11 00 00 11 11 11 11 11 11 11 00 00 00 F0 16 
2019-09-17 16:45:12 411     2019/9/17 16:45:12:接收     68 11 00 00 11 11 11 11 11 11 11 00 00 00 F0 16 
2019-09-17 16:45:13 403     2019/9/17 16:45:13:接收     68 11 00 00 11 11 11 11 11 11 11 00 00 00 F0 16 
2019-09-17 16:45:14 407     2019/9/17 16:45:14:接收     68 11 00 00 11 11 11 11 11 11 11 00 00 00 F0 16 
2019-09-17 16:45:15 404     2019/9/17 16:45:15:接收     68 11 00 00 11 11 11 11 11 11 11 00 00 00 F0 16 
2019-09-17 16:45:16 403     2019/9/17 16:45:16:接收     68 11 00 00 11 11 11 11 11 11 11 00 00 00 F0 16 
2019-09-17 16:45:17 407     2019/9/17 16:45:17:接收     68 11 00 00 11 11 11 11 11 11 11 00 00 00 F0 16 
2019-09-17 16:45:18 408     2019/9/17 16:45:18:接收     68 11 00 00 11 11 11 11 11 11 11 00 00 00 F0 16 
2019-09-17 16:45:19 402     2019/9/17 16:45:19:接收     68 11 00 00 11 11 11 11 11 11 11 00 00 00 F0 16 
2019-09-17 16:45:20 408     2019/9/17 16:45:20:接收     68 11 00 00 11 11 11 11 11 11 11 00 00 00 F0 16 
2019-09-17 16:45:21 402     2019/9/17 16:45:21:接收     68 11 00 00 11 11 11 11 11 11 11 00 00 00 F0 16 
2019-09-17 16:45:22 401     2019/9/17 16:45:22:接收     68 11 00 00 11 11 11 11 11 11 11 00 00 00 F0 16 
2019-09-17 16:45:23 431     2019/9/17 16:45:23:接收     68 11 00 00 11 11 11 11 11 11 11 00 00 00 F0 16 
2019-09-17 16:45:24 402     2019/9/17 16:45:24:接收     68 11 00 00 11 11 11 11 11 11 11 00 00 00 F0 16 
2019-09-17 16:45:25 403     2019/9/17 16:45:25:接收     68 11 00 00 11 11 11 11 11 11 11 00 00 00 F0 16 
2019-09-17 16:45:26 408     2019/9/17 16:45:26:接收     68 11 00 00 11 11 11 11 11 11 11 00 00 00 F0 16 
2019-09-17 16:45:27 405     2019/9/17 16:45:27:接收     68 11 00 00 11 11 11 11 11 11 11 00 00 00 F0 16 
2019-09-17 16:45:28 430     2019/9/17 16:45:28:接收     68 11 00 00 11 11 11 11 11 11 11 00 00 00 F0 16 
2019-09-17 16:45:29 433     2019/9/17 16:45:29:接收     68 11 00 00 11 11 11 11 11 11 11 00 00 00 F0 16 
2019-09-17 16:45:30 458     2019/9/17 16:45:30:接收     68 11 00 00 11 11 11 11 11 11 11 00 00 00 F0 16 
2019-09-17 16:45:31 449     2019/9/17 16:45:31:接收     68 11 00 00 11 11 11 11 11 11 11 00 00 00 F0 16 
2019-09-17 16:45:32 451     2019/9/17 16:45:32:接收     68 11 00 00 11 11 11 11 11 11 11 00 00 00 F0 16 
2019-09-17 16:45:33 452     2019/9/17 16:45:33:接收     68 11 00 00 11 11 11 11 11 11 11 00 00 00 F0 16 
2019-09-17 16:45:34 448     2019/9/17 16:45:34:接收     68 11 00 00 11 11 11 11 11 11 11 00 00 00 F0 16 
2019-09-17 16:45:35 453     2019/9/17 16:45:35:接收     68 11 00 00 11 11 11 11 11 11 11 00 00 00 F0 16 
2019-09-17 16:45:36 451     2019/9/17 16:45:36:接收     68 11 00 00 11 11 11 11 11 11 11 00 00 00 F0 16 
2019-09-17 16:45:37 449     2019/9/17 16:45:37:接收     68 11 00 00 11 11 11 11 11 11 11 00 00 00 F0 16 
2019-09-17 16:45:38 454     2019/9/17 16:45:38:接收     68 11 00 00 11 11 11 11 11 11 11 00 00 00 F0 16 
2019-09-17 16:45:39 450     2019/9/17 16:45:39:接收     68 11 00 00 11 11 11 11 11 11 11 00 00 00 F0 16 
2019-09-17 16:45:40 449     2019/9/17 16:45:40:接收     68 11 00 00 11 11 11 11 11 11 11 00 00 00 F0 16 
2019-09-17 16:45:41 453     2019/9/17 16:45:41:接收     68 11 00 00 11 11 11 11 11 11 11 00 00 00 F0 16 
2019-09-17 16:45:42 451     2019/9/17 16:45:42:接收     68 11 00 00 11 11 11 11 11 11 11 00 00 00 F0 16 
2019-09-17 16:45:43 457     2019/9/17 16:45:43:接收     68 11 00 00 11 11 11 11 11 11 11 00 00 00 F0 16 
2019-09-17 16:45:44 455     2019/9/17 16:45:44:接收     68 11 00 00 11 11 11 11 11 11 11 00 00 00 F0 16 
2019-09-17 16:45:45 448     2019/9/17 16:45:45:接收     68 11 00 00 11 11 11 11 11 11 11 00 00 00 F0 16 
2019-09-17 16:45:46 449     2019/9/17 16:45:46:接收     68 11 00 00 11 11 11 11 11 11 11 00 00 00 F0 16 
2019-09-17 16:45:47 453     2019/9/17 16:45:47:接收     68 11 00 00 11 11 11 11 11 11 11 00 00 00 F0 16 
2019-09-17 16:45:48 452     2019/9/17 16:45:48:接收     68 11 00 00 11 11 11 11 11 11 11 00 00 00 F0 16 
2019-09-17 16:45:49 449     2019/9/17 16:45:49:接收     68 11 00 00 11 11 11 11 11 11 11 00 00 00 F0 16 
2019-09-17 16:45:50 454     2019/9/17 16:45:50:接收     68 11 00 00 11 11 11 11 11 11 11 00 00 00 F0 16 
2019-09-17 16:45:51 460     2019/9/17 16:45:51:接收     68 11 00 00 11 11 11 11 11 11 11 00 00 00 F0 16 
2019-09-17 16:45:52 449     2019/9/17 16:45:52:接收     68 11 00 00 11 11 11 11 11 11 11 00 00 00 F0 16 
2019-09-17 16:45:53 454     2019/9/17 16:45:53:接收     68 11 00 00 11 11 11 11 11 11 11 00 00 00 F0 16 
2019-09-17 16:45:54 483     2019/9/17 16:45:54:接收     68 11 00 00 11 11 11 11 11 11 11 00 00 00 F0 16 
2019-09-17 16:45:55 449     2019/9/17 16:45:55:接收     68 11 00 00 11 11 11 11 11 11 11 00 00 00 F0 16 
2019-09-17 16:45:56 448     2019/9/17 16:45:56:接收     68 11 00 00 11 11 11 11 11 11 11 00 00 00 F0 16 
2019-09-17 16:45:57 452     2019/9/17 16:45:57:接收     68 11 00 00 11 11 11 11 11 11 11 00 00 00 F0 16 
2019-09-17 16:45:58 449     2019/9/17 16:45:58:接收     68 11 00 00 11 11 11 11 11 11 11 00 00 00 F0 16 
2019-09-17 16:45:59 454     2019/9/17 16:45:59:接收     68 11 00 00 11 11 11 11 11 11 11 00 00 00 F0 16 
2019-09-17 16:46:00 457     2019/9/17 16:46:00:接收     68 11 00 00 11 11 11 11 11 11 11 00 00 00 F0 16 
2019-09-17 16:46:01 449     2019/9/17 16:46:01:接收     68 11 00 00 11 11 11 11 11 11 11 00 00 00 F0 16 
2019-09-17 16:46:02 452     2019/9/17 16:46:02:接收     68 11 00 00 11 11 11 11 11 11 11 00 00 00 F0 16 
2019-09-17 16:46:03 449     2019/9/17 16:46:03:接收     68 11 00 00 11 11 11 11 11 11 11 00 00 00 F0 16 
2019-09-17 16:46:04 449     2019/9/17 16:46:04:接收     68 11 00 00 11 11 11 11 11 11 11 00 00 00 F0 16 
2019-09-17 16:46:05 453     2019/9/17 16:46:05:接收     68 11 00 00 11 11 11 11 11 11 11 00 00 00 F0 16 
2019-09-17 16:46:06 448     2019/9/17 16:46:06:接收     68 11 00 00 11 11 11 11 11 11 11 00 00 00 F0 16 
2019-09-17 16:46:07 448     2019/9/17 16:46:07:接收     68 11 00 00 11 11 11 11 11 11 11 00 00 00 F0 16 
2019-09-17 16:46:08 455     2019/9/17 16:46:08:接收     68 11 00 00 11 11 11 11 11 11 11 00 00 00 F0 16 
2019-09-17 16:46:09 449     2019/9/17 16:46:09:接收     68 11 00 00 11 11 11 11 11 11 11 00 00 00 F0 16 
2019-09-17 16:46:10 448     2019/9/17 16:46:10:接收     68 11 00 00 11 11 11 11 11 11 11 00 00 00 F0 16 
2019-09-17 16:46:11 480     2019/9/17 16:46:11:接收     68 11 00 00 11 11 11 11 11 11 11 00 00 00 F0 16 
2019-09-17 16:46:12 452     2019/9/17 16:46:12:接收     68 11 00 00 11 11 11 11 11 11 11 00 00 00 F0 16 
2019-09-17 16:46:13 449     2019/9/17 16:46:13:接收     68 11 00 00 11 11 11 11 11 11 11 00 00 00 F0 16 
2019-09-17 16:46:14 454     2019/9/17 16:46:14:接收     68 11 00 00 11 11 11 11 11 11 11 00 00 00 F0 16 
2019-09-17 16:46:15 448     2019/9/17 16:46:15:接收     68 11 00 00 11 11 11 11 11 11 11 00 00 00 F0 16 
2019-09-17 16:46:16 448     2019/9/17 16:46:16:接收     68 11 00 00 11 11 11 11 11 11 11 00 00 00 F0 16 
2019-09-17 16:46:17 451     2019/9/17 16:46:17:接收     68 11 00 00 11 11 11 11 11 11 11 00 00 00 F0 16 
2019-09-17 16:46:18 449     2019/9/17 16:46:18:接收     68 11 00 00 11 11 11 11 11 11 11 00 00 00 F0 16 
2019-09-17 16:46:19 449     2019/9/17 16:46:19:接收     68 11 00 00 11 11 11 11 11 11 11 00 00 00 F0 16 
2019-09-17 16:46:20 455     2019/9/17 16:46:20:接收     68 11 00 00 11 11 11 11 11 11 11 00 00 00 F0 16 
2019-09-17 16:46:21 450     2019/9/17 16:46:21:接收     68 11 00 00 11 11 11 11 11 11 11 00 00 00 F0 16 
2019-09-17 16:46:22 449     2019/9/17 16:46:22:接收     68 11 00 00 11 11 11 11 11 11 11 00 00 00 F0 16 
2019-09-17 16:46:23 452     2019/9/17 16:46:23:接收     68 11 00 00 11 11 11 11 11 11 11 00 00 00 F0 16 
2019-09-17 16:46:24 448     2019/9/17 16:46:24:接收     68 11 00 00 11 11 11 11 11 11 11 00 00 00 F0 16 
2019-09-17 16:46:25 449     2019/9/17 16:46:25:接收     68 11 00 00 11 11 11 11 11 11 11 00 00 00 F0 16 
2019-09-17 16:46:26 453     2019/9/17 16:46:26:接收     68 11 00 00 11 11 11 11 11 11 11 00 00 00 F0 16 
2019-09-17 16:46:27 450     2019/9/17 16:46:27:接收     68 11 00 00 11 11 11 11 11 11 11 00 00 00 F0 16 
2019-09-17 16:46:28 449     2019/9/17 16:46:28:接收     68 11 00 00 11 11 11 11 11 11 11 00 00 00 F0 16 
2019-09-17 16:46:29 453     2019/9/17 16:46:29:接收     68 11 00 00 11 11 11 11 11 11 11 00 00 00 F0 16 
2019-09-17 16:46:30 458     2019/9/17 16:46:30:接收     68 11 00 00 11 11 11 11 11 11 11 00 00 00 F0 16 
2019-09-17 16:46:31 448     2019/9/17 16:46:31:接收     68 11 00 00 11 11 11 11 11 11 11 00 00 00 F0 16 
2019-09-17 16:46:32 452     2019/9/17 16:46:32:接收     68 11 00 00 11 11 11 11 11 11 11 00 00 00 F0 16 
2019-09-17 16:46:33 450     2019/9/17 16:46:33:接收     68 11 00 00 11 11 11 11 11 11 11 00 00 00 F0 16 
2019-09-17 16:46:34 449     2019/9/17 16:46:34:接收     68 11 00 00 11 11 11 11 11 11 11 00 00 00 F0 16 
2019-09-17 16:46:35 454     2019/9/17 16:46:35:接收     68 11 00 00 11 11 11 11 11 11 11 00 00 00 F0 16 
2019-09-17 16:46:36 449     2019/9/17 16:46:36:接收     68 11 00 00 11 11 11 11 11 11 11 00 00 00 F0 16 
2019-09-17 16:46:37 448     2019/9/17 16:46:37:接收     68 11 00 00 11 11 11 11 11 11 11 00 00 00 F0 16 
2019-09-17 16:46:38 453     2019/9/17 16:46:38:接收     68 11 00 00 11 11 11 11 11 11 11 00 00 00 F0 16 
2019-09-17 16:46:39 479     2019/9/17 16:46:39:接收     68 11 00 00 11 11 11 11 11 11 11 00 00 00 F0 16 
2019-09-17 16:46:40 448     2019/9/17 16:46:40:接收     68 11 00 00 11 11 11 11 11 11 11 00 00 00 F0 16 
2019-09-17 16:46:41 454     2019/9/17 16:46:41:接收     68 11 00 00 11 11 11 11 11 11 11 00 00 00 F0 16 
2019-09-17 16:46:42 450     2019/9/17 16:46:42:接收     68 11 00 00 11 11 11 11 11 11 11 00 00 00 F0 16 
2019-09-17 16:46:43 449     2019/9/17 16:46:43:接收     68 11 00 00 11 11 11 11 11 11 11 00 00 00 F0 16 
2019-09-17 16:46:44 450     2019/9/17 16:46:44:接收     68 11 00 00 11 11 11 11 11 11 11 00 00 00 F0 16 
2019-09-17 16:46:45 449     2019/9/17 16:46:45:接收     68 11 00 00 11 11 11 11 11 11 11 00 00 00 F0 16 
2019-09-17 16:46:46 449     2019/9/17 16:46:46:接收     68 11 00 00 11 11 11 11 11 11 11 00 00 00 F0 16 
2019-09-17 16:46:47 452     2019/9/17 16:46:47:接收     68 11 00 00 11 11 11 11 11 11 11 00 00 00 F0 16 
2019-09-17 16:46:48 456     2019/9/17 16:46:48:接收     68 11 00 00 11 11 11 11 11 11 11 00 00 00 F0 16 
2019-09-17 16:46:49 449     2019/9/17 16:46:49:接收     68 11 00 00 11 11 11 11 11 11 11 00 00 00 F0 16 
2019-09-17 16:46:50 453     2019/9/17 16:46:50:接收     68 11 00 00 11 11 11 11 11 11 11 00 00 00 F0 16 
2019-09-17 16:46:51 450     2019/9/17 16:46:51:接收     68 11 00 00 11 11 11 11 11 11 11 00 00 00 F0 16 
2019-09-17 16:46:52 450     2019/9/17 16:46:52:接收     68 11 00 00 11 11 11 11 11 11 11 00 00 00 F0 16 
2019-09-17 16:46:53 453     2019/9/17 16:46:53:接收     68 11 00 00 11 11 11 11 11 11 11 00 00 00 F0 16 
2019-09-17 16:46:54 451     2019/9/17 16:46:54:接收     68 11 00 00 11 11 11 11 11 11 11 00 00 00 F0 16 
2019-09-17 16:46:55 449     2019/9/17 16:46:55:接收     68 11 00 00 11 11 11 11 11 11 11 00 00 00 F0 16 
2019-09-17 16:46:56 453     2019/9/17 16:46:56:接收     68 11 00 00 11 11 11 11 11 11 11 00 00 00 F0 16 
2019-09-17 16:46:57 448     2019/9/17 16:46:57:接收     68 11 00 00 11 11 11 11 11 11 11 00 00 00 F0 16 
2019-09-17 16:46:58 448     2019/9/17 16:46:58:接收     68 11 00 00 11 11 11 11 11 11 11 00 00 00 F0 16 
2019-09-17 16:46:59 454     2019/9/17 16:46:59:接收     68 11 00 00 11 11 11 11 11 11 11 00 00 00 F0 16 
2019-09-17 16:47:00 452     2019/9/17 16:47:00:接收     68 11 00 00 11 11 11 11 11 11 11 00 00 00 F0 16 
2019-09-17 16:47:01 448     2019/9/17 16:47:01:接收     68 11 00 00 11 11 11 11 11 11 11 00 00 00 F0 16 
2019-09-17 16:47:02 451     2019/9/17 16:47:02:接收     68 11 00 00 11 11 11 11 11 11 11 00 00 00 F0 16 
2019-09-17 16:47:03 449     2019/9/17 16:47:03:接收     68 11 00 00 11 11 11 11 11 11 11 00 00 00 F0 16 
2019-09-17 16:47:04 449     2019/9/17 16:47:04:接收     68 11 00 00 11 11 11 11 11 11 11 00 00 00 F0 16 
2019-09-17 16:47:05 452     2019/9/17 16:47:05:接收     68 11 00 00 11 11 11 11 11 11 11 00 00 00 F0 16 
2019-09-17 16:47:06 448     2019/9/17 16:47:06:接收     68 11 00 00 11 11 11 11 11 11 11 00 00 00 F0 16 
2019-09-17 16:47:07 475     2019/9/17 16:47:07:接收     68 11 00 00 11 11 11 11 11 11 11 00 00 00 F0 16 
2019-09-17 16:47:08 454     2019/9/17 16:47:08:接收     68 11 00 00 11 11 11 11 11 11 11 00 00 00 F0 16 
2019-09-17 16:47:09 449     2019/9/17 16:47:09:接收     68 11 00 00 11 11 11 11 11 11 11 00 00 00 F0 16 
2019-09-17 16:47:10 448     2019/9/17 16:47:10:接收     68 11 00 00 11 11 11 11 11 11 11 00 00 00 F0 16 
2019-09-17 16:47:11 454     2019/9/17 16:47:11:接收     68 11 00 00 11 11 11 11 11 11 11 00 00 00 F0 16 
2019-09-17 16:47:12 449     2019/9/17 16:47:12:接收     68 11 00 00 11 11 11 11 11 11 11 00 00 00 F0 16 
2019-09-17 16:47:13 448     2019/9/17 16:47:13:接收     68 11 00 00 11 11 11 11 11 11 11 00 00 00 F0 16 
2019-09-17 16:47:14 452     2019/9/17 16:47:14:接收     68 11 00 00 11 11 11 11 11 11 11 00 00 00 F0 16 
2019-09-17 16:47:15 449     2019/9/17 16:47:15:接收     68 11 00 00 11 11 11 11 11 11 11 00 00 00 F0 16 
2019-09-17 16:47:16 449     2019/9/17 16:47:16:接收     68 11 00 00 11 11 11 11 11 11 11 00 00 00 F0 16 
2019-09-17 16:47:17 453     2019/9/17 16:47:17:接收     68 11 00 00 11 11 11 11 11 11 11 00 00 00 F0 16 
2019-09-17 16:47:18 457     2019/9/17 16:47:18:接收     68 11 00 00 11 11 11 11 11 11 11 00 00 00 F0 16 
2019-09-17 16:47:19 448     2019/9/17 16:47:19:接收     68 11 00 00 11 11 11 11 11 11 11 00 00 00 F0 16 
2019-09-17 16:47:20 452     2019/9/17 16:47:20:接收     68 11 00 00 11 11 11 11 11 11 11 00 00 00 F0 16 
2019-09-17 16:47:21 450     2019/9/17 16:47:21:接收     68 11 00 00 11 11 11 11 11 11 11 00 00 00 F0 16 
2019-09-17 16:47:22 449     2019/9/17 16:47:22:接收     68 11 00 00 11 11 11 11 11 11 11 00 00 00 F0 16 
2019-09-17 16:47:23 455     2019/9/17 16:47:23:接收     68 11 00 00 11 11 11 11 11 11 11 00 00 00 F0 16 
2019-09-17 16:47:24 456     2019/9/17 16:47:24:接收     68 11 00 00 11 11 11 11 11 11 11 00 00 00 F0 16 
2019-09-17 16:47:25 449     2019/9/17 16:47:25:接收     68 11 00 00 11 11 11 11 11 11 11 00 00 00 F0 16 
2019-09-17 16:47:26 455     2019/9/17 16:47:26:接收     68 11 00 00 11 11 11 11 11 11 11 00 00 00 F0 16 
2019-09-17 16:47:27 449     2019/9/17 16:47:27:接收     68 11 00 00 11 11 11 11 11 11 11 00 00 00 F0 16 
2019-09-17 16:47:28 449     2019/9/17 16:47:28:接收     68 11 00 00 11 11 11 11 11 11 11 00 00 00 F0 16 
2019-09-17 16:47:29 454     2019/9/17 16:47:29:接收     68 11 00 00 11 11 11 11 11 11 11 00 00 00 F0 16 
2019-09-17 16:47:30 475     2019/9/17 16:47:30:接收     68 11 00 00 11 11 11 11 11 11 11 00 00 00 F0 16 
2019-09-17 16:47:31 475     2019/9/17 16:47:31:接收     68 11 00 00 11 11 11 11 11 11 11 00 00 00 F0 16 
2019-09-17 16:47:32 498     2019/9/17 16:47:32:接收     68 11 00 00 11 11 11 11 11 11 11 00 00 00 F0 16 
2019-09-17 16:47:33 496     2019/9/17 16:47:33:接收     68 11 00 00 11 11 11 11 11 11 11 00 00 00 F0 16 
2019-09-17 16:47:34 496     2019/9/17 16:47:34:接收     68 11 00 00 11 11 11 11 11 11 11 00 00 00 F0 16 
2019-09-17 16:47:35 501     2019/9/17 16:47:35:接收     68 11 00 00 11 11 11 11 11 11 11 00 00 00 F0 16 
2019-09-17 16:47:36 496     2019/9/17 16:47:36:接收     68 11 00 00 11 11 11 11 11 11 11 00 00 00 F0 16 
2019-09-17 16:47:37 496     2019/9/17 16:47:37:接收     68 11 00 00 11 11 11 11 11 11 11 00 00 00 F0 16 
2019-09-17 16:47:38 500     2019/9/17 16:47:38:接收     68 11 00 00 11 11 11 11 11 11 11 00 00 00 F0 16 
2019-09-17 16:47:39 498     2019/9/17 16:47:39:接收     68 11 00 00 11 11 11 11 11 11 11 00 00 00 F0 16 
2019-09-17 16:47:40 496     2019/9/17 16:47:40:接收     68 11 00 00 11 11 11 11 11 11 11 00 00 00 F0 16 
2019-09-17 16:47:41 501     2019/9/17 16:47:41:接收     68 11 00 00 11 11 11 11 11 11 11 00 00 00 F0 16 
2019-09-17 16:47:42 496     2019/9/17 16:47:42:接收     68 11 00 00 11 11 11 11 11 11 11 00 00 00 F0 16 
2019-09-17 16:47:43 497     2019/9/17 16:47:43:接收     68 11 00 00 11 11 11 11 11 11 11 00 00 00 F0 16 
2019-09-17 16:47:44 500     2019/9/17 16:47:44:接收     68 11 00 00 11 11 11 11 11 11 11 00 00 00 F0 16 
2019-09-17 16:47:45 502     2019/9/17 16:47:45:接收     68 11 00 00 11 11 11 11 11 11 11 00 00 00 F0 16 
2019-09-17 16:47:46 502     2019/9/17 16:47:46:接收     68 11 00 00 11 11 11 11 11 11 11 00 00 00 F0 16 
2019-09-17 16:47:47 495     2019/9/17 16:47:47:接收     68 11 00 00 11 11 11 11 11 11 11 00 00 00 F0 16 
2019-09-17 16:47:48 495     2019/9/17 16:47:48:接收     68 11 00 00 11 11 11 11 11 11 11 00 00 00 F0 16 
2019-09-17 16:47:49 497     2019/9/17 16:47:49:接收     68 11 00 00 11 11 11 11 11 11 11 00 00 00 F0 16 
2019-09-17 16:47:50 502     2019/9/17 16:47:50:接收     68 11 00 00 11 11 11 11 11 11 11 00 00 00 F0 16 
2019-09-17 16:47:51 497     2019/9/17 16:47:51:接收     68 11 00 00 11 11 11 11 11 11 11 00 00 00 F0 16 
2019-09-17 16:47:52 496     2019/9/17 16:47:52:接收     68 11 00 00 11 11 11 11 11 11 11 00 00 00 F0 16 
2019-09-17 16:47:53 495     2019/9/17 16:47:53:接收     68 11 00 00 11 11 11 11 11 11 11 00 00 00 F0 16 
2019-09-17 16:47:54 496     2019/9/17 16:47:54:接收     68 11 00 00 11 11 11 11 11 11 11 00 00 00 F0 16 
2019-09-17 16:47:55 523     2019/9/17 16:47:55:接收     68 11 00 00 11 11 11 11 11 11 11 00 00 00 F0 16 
2019-09-17 16:47:56 495     2019/9/17 16:47:56:接收     68 11 00 00 11 11 11 11 11 11 11 00 00 00 F0 16 
2019-09-17 16:47:57 496     2019/9/17 16:47:57:接收     68 11 00 00 11 11 11 11 11 11 11 00 00 00 F0 16 
2019-09-17 16:47:58 542     2019/9/17 16:47:58:接收     68 11 00 00 11 11 11 11 11 11 11 00 00 00 F0 16 
2019-09-17 16:47:59 550     2019/9/17 16:47:59:接收     68 11 00 00 11 11 11 11 11 11 11 00 00 00 F0 16 
2019-09-17 16:48:00 542     2019/9/17 16:48:00:接收     68 11 00 00 11 11 11 11 11 11 11 00 00 00 F0 16 
2019-09-17 16:48:01 544     2019/9/17 16:48:01:接收     68 11 00 00 11 11 11 11 11 11 11 00 00 00 F0 16 
2019-09-17 16:48:02 549     2019/9/17 16:48:02:接收     68 11 00 00 11 11 11 11 11 11 11 00 00 00 F0 16 
2019-09-17 16:48:03 542     2019/9/17 16:48:03:接收     68 11 00 00 11 11 11 11 11 11 11 00 00 00 F0 16 
2019-09-17 16:48:04 543     2019/9/17 16:48:04:接收     68 11 00 00 11 11 11 11 11 11 11 00 00 00 F0 16 
2019-09-17 16:48:05 546     2019/9/17 16:48:05:接收     68 11 00 00 11 11 11 11 11 11 11 00 00 00 F0 16 
2019-09-17 16:48:06 545     2019/9/17 16:48:06:接收     68 11 00 00 11 11 11 11 11 11 11 00 00 00 F0 16 
2019-09-17 16:48:07 543     2019/9/17 16:48:07:接收     68 11 00 00 11 11 11 11 11 11 11 00 00 00 F0 16 
2019-09-17 16:48:08 546     2019/9/17 16:48:08:接收     68 11 00 00 11 11 11 11 11 11 11 00 00 00 F0 16 
2019-09-17 16:48:09 544     2019/9/17 16:48:09:接收     68 11 00 00 11 11 11 11 11 11 11 00 00 00 F0 16 
2019-09-17 16:48:10 543     2019/9/17 16:48:10:接收     68 11 00 00 11 11 11 11 11 11 11 00 00 00 F0 16 
2019-09-17 16:48:11 546     2019/9/17 16:48:11:接收     68 11 00 00 11 11 11 11 11 11 11 00 00 00 F0 16 
2019-09-17 16:48:12 543     2019/9/17 16:48:12:接收     68 11 00 00 11 11 11 11 11 11 11 00 00 00 F0 16 
2019-09-17 16:48:13 542     2019/9/17 16:48:13:接收     68 11 00 00 11 11 11 11 11 11 11 00 00 00 F0 16 
2019-09-17 16:48:14 567     2019/9/17 16:48:14:接收     68 11 00 00 11 11 11 11 11 11 11 00 00 00 F0 16 
2019-09-17 16:48:15 545     2019/9/17 16:48:15:接收     68 11 00 00 11 11 11 11 11 11 11 00 00 00 F0 16 
2019-09-17 16:48:16 544     2019/9/17 16:48:16:接收     68 11 00 00 11 11 11 11 11 11 11 00 00 00 F0 16 
2019-09-17 16:48:17 548     2019/9/17 16:48:17:接收     68 11 00 00 11 11 11 11 11 11 11 00 00 00 F0 16 
2019-09-17 16:48:18 574     2019/9/17 16:48:18:接收     68 11 00 00 11 11 11 11 11 11 11 00 00 00 F0 16 
2019-09-17 16:48:19 543     2019/9/17 16:48:19:接收     68 11 00 00 11 11 11 11 11 11 11 00 00 00 F0 16 
2019-09-17 16:48:20 549     2019/9/17 16:48:20:接收     68 11 00 00 11 11 11 11 11 11 11 00 00 00 F0 16 
2019-09-17 16:48:21 598     2019/9/17 16:48:21:接收     68 11 00 00 11 11 11 11 11 11 11 00 00 00 F0 16 
2019-09-17 16:48:22 591     2019/9/17 16:48:22:接收     68 11 00 00 11 11 11 11 11 11 11 00 00 00 F0 16 
2019-09-17 16:48:23 590     2019/9/17 16:48:23:接收     68 11 00 00 11 11 11 11 11 11 11 00 00 00 F0 16 
2019-09-17 16:48:24 589     2019/9/17 16:48:24:接收     68 11 00 00 11 11 11 11 11 11 11 00 00 00 F0 16 
2019-09-17 16:48:25 589     2019/9/17 16:48:25:接收     68 11 00 00 11 11 11 11 11 11 11 00 00 00 F0 16 
2019-09-17 16:48:26 594     2019/9/17 16:48:26:接收     68 11 00 00 11 11 11 11 11 11 11 00 00 00 F0 16 
2019-09-17 16:48:27 595     2019/9/17 16:48:27:接收     68 11 00 00 11 11 11 11 11 11 11 00 00 00 F0 16 
2019-09-17 16:48:28 588     2019/9/17 16:48:28:接收     68 11 00 00 11 11 11 11 11 11 11 00 00 00 F0 16 
2019-09-17 16:48:29 589     2019/9/17 16:48:29:接收     68 11 00 00 11 11 11 11 11 11 11 00 00 00 F0 16 
2019-09-17 16:48:30 598     2019/9/17 16:48:30:接收     68 11 00 00 11 11 11 11 11 11 11 00 00 00 F0 16 
2019-09-17 16:48:31 589     2019/9/17 16:48:31:接收     68 11 00 00 11 11 11 11 11 11 11 00 00 00 F0 16 
2019-09-17 16:48:32 591     2019/9/17 16:48:32:接收     68 11 00 00 11 11 11 11 11 11 11 00 00 00 F0 16 
2019-09-17 16:48:33 590     2019/9/17 16:48:33:接收     68 11 00 00 11 11 11 11 11 11 11 00 00 00 F0 16 
2019-09-17 16:48:34 590     2019/9/17 16:48:34:接收     68 11 00 00 11 11 11 11 11 11 11 00 00 00 F0 16 
2019-09-17 16:48:35 596     2019/9/17 16:48:35:接收     68 11 00 00 11 11 11 11 11 11 11 00 00 00 F0 16 
2019-09-17 16:48:36 593     2019/9/17 16:48:36:接收     68 11 00 00 11 11 11 11 11 11 11 00 00 00 F0 16 
2019-09-17 16:48:37 590     2019/9/17 16:48:37:接收     68 11 00 00 11 11 11 11 11 11 11 00 00 00 F0 16 
2019-09-17 16:48:38 593     2019/9/17 16:48:38:接收     68 11 00 00 11 11 11 11 11 11 11 00 00 00 F0 16 
2019-09-17 16:48:39 589     2019/9/17 16:48:39:接收     68 11 00 00 11 11 11 11 11 11 11 00 00 00 F0 16 
2019-09-17 16:48:40 590     2019/9/17 16:48:40:接收     68 11 00 00 11 11 11 11 11 11 11 00 00 00 F0 16 
2019-09-17 16:48:41 594     2019/9/17 16:48:41:接收     68 11 00 00 11 11 11 11 11 11 11 00 00 00 F0 16 
2019-09-17 16:48:42 596     2019/9/17 16:48:42:接收     68 11 00 00 11 11 11 11 11 11 11 00 00 00 F0 16 
2019-09-17 16:48:43 589     2019/9/17 16:48:43:接收     68 11 00 00 11 11 11 11 11 11 11 00 00 00 F0 16 
2019-09-17 16:48:44 593     2019/9/17 16:48:44:接收     68 11 00 00 11 11 11 11 11 11 11 00 00 00 F0 16 
2019-09-17 16:48:45 623     2019/9/17 16:48:45:接收     68 11 00 00 11 11 11 11 11 11 11 00 00 00 F0 16 
2019-09-17 16:48:46 589     2019/9/17 16:48:46:接收     68 11 00 00 11 11 11 11 11 11 11 00 00 00 F0 16 
2019-09-17 16:48:47 590     2019/9/17 16:48:47:接收     68 11 00 00 11 11 11 11 11 11 11 00 00 00 F0 16 
2019-09-17 16:48:48 589     2019/9/17 16:48:48:接收     68 11 00 00 11 11 11 11 11 11 11 00 00 00 F0 16 
2019-09-17 16:48:49 590     2019/9/17 16:48:49:接收     68 11 00 00 11 11 11 11 11 11 11 00 00 00 F0 16 
2019-09-17 16:48:50 592     2019/9/17 16:48:50:接收     68 11 00 00 11 11 11 11 11 11 11 00 00 00 F0 16 
2019-09-17 16:48:51 596     2019/9/17 16:48:51:接收     68 11 00 00 11 11 11 11 11 11 11 00 00 00 F0 16 
2019-09-17 16:48:52 589     2019/9/17 16:48:52:接收     68 11 00 00 11 11 11 11 11 11 11 00 00 00 F0 16 
2019-09-17 16:48:53 595     2019/9/17 16:48:53:接收     68 11 00 00 11 11 11 11 11 11 11 00 00 00 F0 16 
2019-09-17 16:48:54 595     2019/9/17 16:48:54:接收     68 11 00 00 11 11 11 11 11 11 11 00 00 00 F0 16 
2019-09-17 16:48:55 591     2019/9/17 16:48:55:接收     68 11 00 00 11 11 11 11 11 11 11 00 00 00 F0 16 
2019-09-17 16:48:56 590     2019/9/17 16:48:56:接收     68 11 00 00 11 11 11 11 11 11 11 00 00 00 F0 16 
2019-09-17 17:30:21 682     2019/9/17 17:30:21:发送     
2019-09-17 17:30:24 700     2019/9/17 17:30:24:发送     
2019-09-17 17:30:27 734     2019/9/17 17:30:27:发送     1111
2019-09-17 17:30:30 766     2019/9/17 17:30:30:发送     1111
2019-09-17 17:30:33 776     2019/9/17 17:30:33:发送     1111
2019-09-17 17:30:36 775     2019/9/17 17:30:36:发送     1111
2019-09-17 17:30:39 774     2019/9/17 17:30:39:发送     1111
2019-09-17 17:30:42 775     2019/9/17 17:30:42:发送     1111
