2019-09-18 11:36:16 896     2019/9/18 11:36:16:发送     12 34 55 
2019-09-18 11:36:17 930     2019/9/18 11:36:17:发送     88 88 
2019-09-18 11:36:18 983     2019/9/18 11:36:18:接收     12 34 55 
2019-09-18 11:36:18 988     2019/9/18 11:36:18:接收     校验和验证失败！
2019-09-18 11:36:19 092     2019/9/18 11:36:19:接收     88 88 
2019-09-18 11:36:19 096     2019/9/18 11:36:19:接收     校验和验证失败！
2019-09-18 11:36:30 807     2019/9/18 11:36:30:发送     12 34 55 
2019-09-18 11:36:35 839     2019/9/18 11:36:35:发送     88 88 
2019-09-18 11:36:36 890     2019/9/18 11:36:36:接收     12 34 55 
2019-09-18 11:36:36 895     2019/9/18 11:36:36:接收     校验和验证失败！
2019-09-18 11:36:37 000     2019/9/18 11:36:37:接收     88 88 
2019-09-18 11:36:37 004     2019/9/18 11:36:37:接收     校验和验证失败！
2019-09-18 11:37:28 009     2019/9/18 11:37:28:发送     55 55 
2019-09-18 11:37:50 304     2019/9/18 11:37:50:发送     12 
2019-09-18 11:37:51 335     2019/9/18 11:37:51:发送     12 
2019-09-18 11:37:52 340     2019/9/18 11:37:52:发送     12 
2019-09-18 11:37:53 345     2019/9/18 11:37:53:发送     13 
2019-09-18 11:37:54 351     2019/9/18 11:37:54:发送     23 
2019-09-18 11:37:55 356     2019/9/18 11:37:55:发送     23 
2019-09-18 11:37:56 361     2019/9/18 11:37:56:发送     12 
2019-09-18 11:37:57 367     2019/9/18 11:37:57:发送     12 
2019-09-18 11:37:58 372     2019/9/18 11:37:58:发送     12 
2019-09-18 11:37:59 377     2019/9/18 11:37:59:发送     12 
2019-09-18 11:38:00 381     2019/9/18 11:38:00:发送     12 
2019-09-18 11:38:01 386     2019/9/18 11:38:01:发送     31 
2019-09-18 11:38:02 391     2019/9/18 11:38:02:发送     24 
2019-09-18 11:38:03 396     2019/9/18 11:38:03:发送     12 
2019-09-18 11:38:04 400     2019/9/18 11:38:04:发送     12 
2019-09-18 11:38:05 432     2019/9/18 11:38:05:发送     24 
2019-09-18 11:38:06 464     2019/9/18 11:38:06:发送     12 
2019-09-18 11:38:07 468     2019/9/18 11:38:07:发送     12 
2019-09-18 11:38:08 516     2019/9/18 11:38:08:发送     24 
2019-09-18 11:38:09 522     2019/9/18 11:38:09:发送     12 
2019-09-18 11:38:10 528     2019/9/18 11:38:10:发送     24 
2019-09-18 11:38:11 533     2019/9/18 11:38:11:发送     12 
2019-09-18 11:38:12 540     2019/9/18 11:38:12:发送     12 
2019-09-18 11:38:13 546     2019/9/18 11:38:13:发送     12 
2019-09-18 11:38:14 552     2019/9/18 11:38:14:发送     12 
2019-09-18 11:38:15 558     2019/9/18 11:38:15:发送     12 
2019-09-18 11:38:16 564     2019/9/18 11:38:16:发送     14 
2019-09-18 11:38:17 570     2019/9/18 11:38:17:发送     21 
2019-09-18 11:38:18 576     2019/9/18 11:38:18:发送     24 
2019-09-18 11:38:19 582     2019/9/18 11:38:19:发送     41 
2019-09-18 11:38:20 614     2019/9/18 11:38:20:发送     12 
2019-09-18 11:38:21 647     2019/9/18 11:38:21:发送     41 
2019-09-18 11:38:22 653     2019/9/18 11:38:22:发送     41 
2019-09-18 11:38:23 659     2019/9/18 11:38:23:发送     24 12 
2019-09-18 11:38:24 664     2019/9/18 11:38:24:发送     12 
2019-09-18 11:38:25 670     2019/9/18 11:38:25:发送     12 
2019-09-18 11:41:46 626     2019/9/18 11:41:46:发送     12 
2019-09-18 11:47:39 469     2019/9/18 11:47:39:接收     12 
2019-09-18 11:47:43 434     2019/9/18 11:47:43:接收     12 12 13 
2019-09-18 11:47:44 714     2019/9/18 11:47:44:接收     23 23 
2019-09-18 11:47:44 718     2019/9/18 11:47:44:接收     校验和验证失败！
2019-09-18 11:47:45 644     2019/9/18 11:47:45:接收     12 
2019-09-18 11:47:46 946     2019/9/18 11:47:46:接收     12 
2019-09-18 11:47:48 050     2019/9/18 11:47:48:接收     12 
2019-09-18 11:47:49 426     2019/9/18 11:47:49:接收     12 
2019-09-18 11:47:51 289     2019/9/18 11:47:51:接收     12 31 
2019-09-18 11:47:51 293     2019/9/18 11:47:51:接收     校验和验证失败！
2019-09-18 11:47:51 750     2019/9/18 11:47:51:接收     24 
2019-09-18 11:47:52 776     2019/9/18 11:47:52:接收     12 
2019-09-18 11:47:53 802     2019/9/18 11:47:53:接收     12 
2019-09-18 11:47:54 828     2019/9/18 11:47:54:接收     24 
2019-09-18 11:47:55 853     2019/9/18 11:47:55:接收     12 
2019-09-18 11:47:58 218     2019/9/18 11:47:58:接收     12 24 
2019-09-18 11:47:58 223     2019/9/18 11:47:58:接收     校验和验证失败！
2019-09-18 11:47:58 880     2019/9/18 11:47:58:接收     12 
2019-09-18 11:47:59 939     2019/9/18 11:47:59:接收     24 
2019-09-18 11:48:01 274     2019/9/18 11:48:01:接收     12 
2019-09-18 11:48:03 498     2019/9/18 11:48:03:接收     12 12 
2019-09-18 11:48:03 503     2019/9/18 11:48:03:接收     校验和验证失败！
2019-09-18 11:48:03 968     2019/9/18 11:48:03:接收     12 
2019-09-18 11:48:05 395     2019/9/18 11:48:05:接收     12 
2019-09-18 11:48:06 955     2019/9/18 11:48:06:接收     14 
2019-09-18 11:48:08 265     2019/9/18 11:48:08:接收     21 24 
2019-09-18 11:48:08 271     2019/9/18 11:48:08:接收     校验和验证失败！
2019-09-18 11:48:09 108     2019/9/18 11:48:09:接收     41 
2019-09-18 11:48:11 227     2019/9/18 11:48:11:接收     12 41 
2019-09-18 11:48:11 232     2019/9/18 11:48:11:接收     校验和验证失败！
2019-09-18 11:48:12 135     2019/9/18 11:48:12:接收     41 
2019-09-18 11:48:13 160     2019/9/18 11:48:13:接收     24 12 
2019-09-18 11:48:13 165     2019/9/18 11:48:13:接收     校验和验证失败！
2019-09-18 13:47:29 448     2019/9/18 13:47:29:接收     11 11 
2019-09-18 13:47:29 454     2019/9/18 13:47:29:接收     校验和验证失败！
2019-09-18 13:47:34 426     2019/9/18 13:47:34:接收     12 
2019-09-18 13:47:36 458     2019/9/18 13:47:36:接收     12 
2019-09-18 13:47:40 780     2019/9/18 13:47:40:接收     12 13 
2019-09-18 13:47:40 784     2019/9/18 13:47:40:接收     校验和验证失败！
2019-09-18 13:47:42 487     2019/9/18 13:47:42:接收     23 
2019-09-18 13:47:44 538     2019/9/18 13:47:44:接收     23 
2019-09-18 13:47:46 284     2019/9/18 13:47:46:接收     12 
2019-09-18 13:52:35 907     2019/9/18 13:52:35:接收     12 
2019-09-18 13:52:39 181     2019/9/18 13:52:39:接收     12 
2019-09-18 13:52:40 685     2019/9/18 13:52:40:接收     12 
2019-09-18 13:52:42 008     2019/9/18 13:52:42:接收     12 
2019-09-18 13:52:44 008     2019/9/18 13:52:44:接收     14 
2019-09-18 13:52:45 073     2019/9/18 13:52:45:接收     21 
2019-09-18 13:52:46 470     2019/9/18 13:52:46:接收     24 
2019-09-18 14:19:37 294     2019/9/18 14:19:37:发送     12 34 
2019-09-18 14:20:38 470     2019/9/18 14:20:38:发送     12 
2019-09-18 14:20:40 503     2019/9/18 14:20:40:发送     12 
2019-09-18 14:20:42 534     2019/9/18 14:20:42:发送     12 
2019-09-18 14:20:44 566     2019/9/18 14:20:44:发送     13 
2019-09-18 14:20:46 572     2019/9/18 14:20:46:发送     23 
2019-09-18 14:20:48 579     2019/9/18 14:20:48:发送     23 
2019-09-18 14:20:49 584     2019/9/18 14:20:49:发送     12 
2019-09-18 14:20:53 644     2019/9/18 14:20:53:发送     12 
2019-09-18 14:20:55 676     2019/9/18 14:20:55:发送     12 
2019-09-18 14:20:57 682     2019/9/18 14:20:57:发送     12 
2019-09-18 14:20:59 687     2019/9/18 14:20:59:发送     12 
2019-09-18 14:21:00 694     2019/9/18 14:21:00:发送     31 
2019-09-18 14:32:47 530     2019/9/18 14:32:47:发送     23 41 
2019-09-18 14:32:48 126     2019/9/18 14:32:48:发送     23 41 
2019-09-18 14:32:48 420     2019/9/18 14:32:48:发送     23 41 
2019-09-18 14:32:49 012     2019/9/18 14:32:49:发送     23 41 
2019-09-18 14:32:53 220     2019/9/18 14:32:53:发送     25 83 69 
2019-09-18 14:32:53 724     2019/9/18 14:32:53:发送     25 83 69 
2019-09-18 14:32:54 084     2019/9/18 14:32:54:发送     25 83 69 
2019-09-18 14:32:55 765     2019/9/18 14:32:55:发送     25 83 69 
2019-09-18 14:32:56 100     2019/9/18 14:32:56:发送     25 83 69 
2019-09-18 15:00:25 595     2019/9/18 15:00:25:发送     发送读取数据帧成功！
2019-09-18 15:00:25 601     2019/9/18 15:00:25:发送     68 11 00 00 11 11 11 11 11 11 11 03 03 90 1F 00 A5 16 
2019-09-18 15:00:31 337     2019/9/18 15:00:31:发送     发送读取数据帧成功！
2019-09-18 15:00:31 387     2019/9/18 15:00:31:发送     68 11 00 00 11 11 11 11 11 11 11 03 03 90 1F 00 A5 16 
2019-09-18 15:00:31 994     2019/9/18 15:00:31:接收     68 11 00 00 11 11 11 11 11 11 11 03 03 90 1F 00 A5 16 
2019-09-18 15:00:32 661     2019/9/18 15:00:32:发送     发送读取数据帧成功！
2019-09-18 15:00:32 665     2019/9/18 15:00:32:发送     68 11 00 00 11 11 11 11 11 11 11 03 03 90 1F 00 A5 16 
2019-09-18 15:00:33 270     2019/9/18 15:00:33:接收     68 11 00 00 11 11 11 11 11 11 11 03 03 90 1F 00 A5 16 
2019-09-18 15:00:36 541     2019/9/18 15:00:36:发送     发送读取数据帧成功！
2019-09-18 15:00:36 547     2019/9/18 15:00:36:发送     68 11 00 00 11 11 11 11 11 11 11 03 03 90 1F 00 A5 16 
2019-09-18 15:00:37 153     2019/9/18 15:00:37:接收     68 11 00 00 11 11 11 11 11 11 11 03 03 90 1F 00 A5 16 
2019-09-18 15:00:39 727     2019/9/18 15:00:39:接收     68 11 00 00 11 11 11 11 11 11 11 03 03 90 1F 00 A5 16 
2019-09-18 15:00:40 702     2019/9/18 15:00:40:接收     68 11 00 00 11 11 11 11 11 11 11 03 03 90 1F 00 A5 16 
2019-09-18 15:00:42 534     2019/9/18 15:00:42:接收     68 11 00 00 11 11 11 11 11 11 11 03 03 90 1F 00 A5 16 
2019-09-18 15:00:44 519     2019/9/18 15:00:44:接收     68 11 00 00 11 11 11 11 11 11 11 03 03 90 1F 00 A5 16 
2019-09-18 15:00:45 527     2019/9/18 15:00:45:接收     68 11 00 00 11 11 11 11 11 11 11 03 03 90 1F 00 A5 16 
2019-09-18 15:00:56 495     2019/9/18 15:00:56:接收     68 22 22 22 22 22 22 22 22 53 1A 0B 74 00 11 11 11 11 11 11 11 11 00 01 23 00 00 00 00 00 00 00 00 00 00 00 00 10 16 
2019-09-18 15:00:59 023     2019/9/18 15:00:59:接收     68 22 22 22 22 22 22 22 22 53 1A 0B 74 00 11 11 11 11 11 11 11 11 00 01 23 00 00 00 00 00 00 00 00 00 00 00 00 10 16 
2019-09-18 15:01:02 871     2019/9/18 15:01:02:发送     发送设置数据帧成功！
2019-09-18 15:01:02 880     2019/9/18 15:01:02:发送     68 22 22 22 22 22 22 22 22 53 1A 0B 74 00 11 11 11 11 11 11 11 11 00 01 23 00 00 00 00 00 00 00 00 00 00 00 00 10 16 
2019-09-18 15:01:03 486     2019/9/18 15:01:03:接收     68 22 22 22 22 22 22 22 22 53 1A 0B 74 00 11 11 11 11 11 11 11 11 00 01 23 00 00 00 00 00 00 00 00 00 00 00 00 10 16 
2019-09-18 15:01:05 030     2019/9/18 15:01:05:发送     发送设置数据帧成功！
2019-09-18 15:01:05 036     2019/9/18 15:01:05:发送     68 22 22 22 22 22 22 22 22 53 1A 0B 74 00 11 11 11 11 11 11 11 11 00 01 23 00 00 00 00 00 00 00 00 00 00 00 00 10 16 
2019-09-18 15:01:05 641     2019/9/18 15:01:05:接收     68 22 22 22 22 22 22 22 22 53 1A 0B 74 00 11 11 11 11 11 11 11 11 00 01 23 00 00 00 00 00 00 00 00 00 00 00 00 10 16 
2019-09-18 15:01:08 582     2019/9/18 15:01:08:发送     发送读取时间帧成功！
2019-09-18 15:01:08 590     2019/9/18 15:01:08:发送     68 11 00 00 11 11 11 11 11 11 11 36 35 2F 00 8A 16 
2019-09-18 15:01:09 197     2019/9/18 15:01:09:接收     68 11 00 00 11 11 11 11 11 11 11 36 35 2F 00 8A 16 
2019-09-18 15:01:09 341     2019/9/18 15:01:09:发送     发送设置时间帧成功！
2019-09-18 15:01:09 347     2019/9/18 15:01:09:发送     68 11 00 00 11 11 11 11 11 11 11 35 34 1F 00 19 09 18 15 00 14 DB 16 
2019-09-18 15:01:09 953     2019/9/18 15:01:09:接收     68 11 00 00 11 11 11 11 11 11 11 35 34 1F 00 19 09 18 15 00 14 DB 16 
2019-09-18 15:01:11 614     2019/9/18 15:01:11:发送     发送读取时间帧成功！
2019-09-18 15:01:11 620     2019/9/18 15:01:11:发送     68 11 00 00 11 11 11 11 11 11 11 36 35 2F 00 8A 16 
2019-09-18 15:01:12 228     2019/9/18 15:01:12:接收     68 11 00 00 11 11 11 11 11 11 11 36 35 2F 00 8A 16 
2019-09-18 15:01:12 813     2019/9/18 15:01:12:发送     发送设置时间帧成功！
2019-09-18 15:01:12 819     2019/9/18 15:01:12:发送     68 11 00 00 11 11 11 11 11 11 11 35 34 1F 00 19 09 18 15 00 14 DB 16 
2019-09-18 15:01:13 427     2019/9/18 15:01:13:接收     68 11 00 00 11 11 11 11 11 11 11 35 34 1F 00 19 09 18 15 00 14 DB 16 
2019-09-18 15:01:15 845     2019/9/18 15:01:15:发送     发送读取时间帧成功！
2019-09-18 15:01:15 851     2019/9/18 15:01:15:发送     68 11 00 00 11 11 11 11 11 11 11 36 35 2F 00 8A 16 
2019-09-18 15:01:16 457     2019/9/18 15:01:16:接收     68 11 00 00 11 11 11 11 11 11 11 36 35 2F 00 8A 16 
2019-09-18 15:01:16 981     2019/9/18 15:01:16:发送     发送设置时间帧成功！
2019-09-18 15:01:16 986     2019/9/18 15:01:16:发送     68 11 00 00 11 11 11 11 11 11 11 35 34 1F 00 19 09 18 15 00 14 DB 16 
2019-09-18 15:01:17 595     2019/9/18 15:01:17:接收     68 11 00 00 11 11 11 11 11 11 11 35 34 1F 00 19 09 18 15 00 14 DB 16 
2019-09-18 15:01:37 601     2019/9/18 15:01:37:接收     命令超时...
2019-09-18 15:01:37 609     2019/9/18 15:01:37:接收     命令超时...
2019-09-18 15:03:32 355     2019/9/18 15:03:32:发送     11 11 11 
2019-09-18 15:03:32 483     2019/9/18 15:03:32:接收     11 11 11 
2019-09-18 15:05:10 870     2019/9/18 15:05:10:发送     11 
2019-09-18 15:05:10 999     2019/9/18 15:05:10:接收     11 
2019-09-18 15:05:26 311     2019/9/18 15:05:26:发送     11 
2019-09-18 15:05:41 133     2019/9/18 15:05:41:接收     11 
2019-09-18 15:06:59 758     2019/9/18 15:06:59:发送     12 
2019-09-18 15:06:59 860     2019/9/18 15:06:59:接收     12 
2019-09-18 15:06:59 895     2019/9/18 15:06:59:发送     12 
2019-09-18 15:06:59 997     2019/9/18 15:06:59:接收     12 
2019-09-18 15:07:00 053     2019/9/18 15:07:00:发送     12 
2019-09-18 15:07:00 154     2019/9/18 15:07:00:接收     12 
2019-09-18 15:07:00 221     2019/9/18 15:07:00:发送     12 
2019-09-18 15:07:00 322     2019/9/18 15:07:00:接收     12 
2019-09-18 15:07:00 389     2019/9/18 15:07:00:发送     12 
2019-09-18 15:07:00 490     2019/9/18 15:07:00:接收     12 
2019-09-18 15:07:00 557     2019/9/18 15:07:00:发送     12 
2019-09-18 15:07:00 659     2019/9/18 15:07:00:接收     12 
2019-09-18 15:07:00 725     2019/9/18 15:07:00:发送     12 
2019-09-18 15:07:00 826     2019/9/18 15:07:00:接收     12 
2019-09-18 15:07:00 885     2019/9/18 15:07:00:发送     12 
2019-09-18 15:07:00 986     2019/9/18 15:07:00:接收     12 
2019-09-18 15:07:01 078     2019/9/18 15:07:01:发送     12 
2019-09-18 15:07:01 178     2019/9/18 15:07:01:接收     12 
2019-09-18 15:07:02 125     2019/9/18 15:07:02:发送     12 
2019-09-18 15:07:02 227     2019/9/18 15:07:02:接收     12 
2019-09-18 15:07:02 293     2019/9/18 15:07:02:发送     12 
2019-09-18 15:07:02 395     2019/9/18 15:07:02:接收     12 
2019-09-18 15:07:02 501     2019/9/18 15:07:02:发送     12 
2019-09-18 15:07:02 602     2019/9/18 15:07:02:接收     12 
2019-09-18 15:07:24 767     2019/9/18 15:07:24:发送     12 55 
2019-09-18 15:07:24 896     2019/9/18 15:07:24:接收     12 55 
2019-09-18 15:07:25 269     2019/9/18 15:07:25:发送     12 55 
2019-09-18 15:07:25 370     2019/9/18 15:07:25:接收     12 55 
2019-09-18 15:07:25 661     2019/9/18 15:07:25:发送     12 55 
2019-09-18 15:07:25 762     2019/9/18 15:07:25:接收     12 55 
2019-09-18 15:07:37 884     2019/9/18 15:07:37:发送     98 98 98 98 98 98 98 98 92 
2019-09-18 15:07:37 963     2019/9/18 15:07:37:接收     98 98 98 98 98 98 98 98 92 
2019-09-18 15:07:37 969     2019/9/18 15:07:37:接收     校验和验证失败！
2019-09-18 15:07:39 117     2019/9/18 15:07:39:发送     98 98 98 98 98 98 98 98 92 
2019-09-18 15:07:39 217     2019/9/18 15:07:39:接收     98 98 98 98 98 98 98 98 92 
2019-09-18 15:07:39 225     2019/9/18 15:07:39:接收     校验和验证失败！
2019-09-18 15:07:41 614     2019/9/18 15:07:41:发送     98 98 98 98 98 98 98 98 92 
2019-09-18 15:07:41 716     2019/9/18 15:07:41:接收     98 98 98 98 98 98 98 98 92 
2019-09-18 15:07:41 723     2019/9/18 15:07:41:接收     校验和验证失败！
2019-09-18 15:07:44 373     2019/9/18 15:07:44:发送     98 98 98 98 98 98 98 98 92 
2019-09-18 15:07:44 475     2019/9/18 15:07:44:接收     98 98 98 98 98 98 98 98 92 
2019-09-18 15:07:44 482     2019/9/18 15:07:44:接收     校验和验证失败！
2019-09-18 15:07:45 260     2019/9/18 15:07:45:发送     98 98 98 98 98 98 98 98 92 
2019-09-18 15:07:45 361     2019/9/18 15:07:45:接收     98 98 98 98 98 98 98 98 92 
2019-09-18 15:07:45 368     2019/9/18 15:07:45:接收     校验和验证失败！
2019-09-18 15:07:47 029     2019/9/18 15:07:47:发送     98 98 98 98 98 98 98 98 92 
2019-09-18 15:07:47 129     2019/9/18 15:07:47:接收     98 98 98 98 98 98 98 98 92 
2019-09-18 15:07:47 136     2019/9/18 15:07:47:接收     校验和验证失败！
2019-09-18 15:07:47 781     2019/9/18 15:07:47:发送     98 98 98 98 98 98 98 98 92 
2019-09-18 15:07:47 881     2019/9/18 15:07:47:接收     98 98 98 98 98 98 98 98 92 
2019-09-18 15:07:47 886     2019/9/18 15:07:47:接收     校验和验证失败！
2019-09-18 15:07:51 222     2019/9/18 15:07:51:发送     98 98 98 98 98 98 98 98 92 
2019-09-18 15:07:51 322     2019/9/18 15:07:51:接收     98 98 98 98 98 98 98 98 92 
2019-09-18 15:07:51 328     2019/9/18 15:07:51:接收     校验和验证失败！
2019-09-18 15:07:52 293     2019/9/18 15:07:52:发送     98 98 98 98 98 98 98 98 92 
2019-09-18 15:07:52 393     2019/9/18 15:07:52:接收     98 98 98 98 98 98 98 98 92 
2019-09-18 15:07:52 399     2019/9/18 15:07:52:接收     校验和验证失败！
2019-09-18 15:08:12 775     2019/9/18 15:08:12:发送     98 98 98 98 98 98 98 98 92 
2019-09-18 15:08:12 878     2019/9/18 15:08:12:接收     98 98 98 98 98 98 98 98 92 
2019-09-18 15:08:12 884     2019/9/18 15:08:12:接收     校验和验证失败！
2019-09-18 15:08:13 497     2019/9/18 15:08:13:发送     98 98 98 98 98 98 98 98 92 
2019-09-18 15:08:13 595     2019/9/18 15:08:13:接收     98 98 98 98 98 98 98 98 92 
2019-09-18 15:08:13 602     2019/9/18 15:08:13:接收     校验和验证失败！
2019-09-18 15:08:14 125     2019/9/18 15:08:14:发送     98 98 98 98 98 98 98 98 92 
2019-09-18 15:08:14 225     2019/9/18 15:08:14:接收     98 98 98 98 98 98 98 98 92 
2019-09-18 15:08:14 232     2019/9/18 15:08:14:接收     校验和验证失败！
2019-09-18 15:08:14 757     2019/9/18 15:08:14:发送     98 98 98 98 98 98 98 98 92 
2019-09-18 15:08:14 857     2019/9/18 15:08:14:接收     98 98 98 98 98 98 98 98 92 
2019-09-18 15:08:14 863     2019/9/18 15:08:14:接收     校验和验证失败！
2019-09-18 15:08:15 741     2019/9/18 15:08:15:发送     98 98 98 98 98 98 98 98 92 
2019-09-18 15:08:15 842     2019/9/18 15:08:15:接收     98 98 98 98 98 98 98 98 92 
2019-09-18 15:08:15 847     2019/9/18 15:08:15:接收     校验和验证失败！
2019-09-18 15:08:16 453     2019/9/18 15:08:16:发送     98 98 98 98 98 98 98 98 92 
2019-09-18 15:08:16 553     2019/9/18 15:08:16:接收     98 98 98 98 98 98 98 98 92 
2019-09-18 15:08:16 558     2019/9/18 15:08:16:接收     校验和验证失败！
2019-09-18 15:08:21 405     2019/9/18 15:08:21:发送     98 98 98 98 98 98 98 98 92 
2019-09-18 15:08:21 507     2019/9/18 15:08:21:接收     98 98 98 98 98 98 98 98 92 
2019-09-18 15:08:21 512     2019/9/18 15:08:21:接收     校验和验证失败！
2019-09-18 15:08:22 556     2019/9/18 15:08:22:发送     98 98 98 98 98 98 98 98 92 
2019-09-18 15:08:22 658     2019/9/18 15:08:22:接收     98 98 98 98 98 98 98 98 92 
2019-09-18 15:08:22 665     2019/9/18 15:08:22:接收     校验和验证失败！
2019-09-18 15:09:34 266     2019/9/18 15:09:34:发送     发送读取数据帧成功！
2019-09-18 15:09:34 275     2019/9/18 15:09:34:发送     68 11 00 00 11 11 11 11 11 11 11 03 03 90 1F 00 A5 16 
2019-09-18 15:09:34 908     2019/9/18 15:09:34:接收     68 11 00 00 11 11 11 11 11 11 11 03 03 90 1F 00 A5 16 
2019-09-18 15:09:37 270     2019/9/18 15:09:37:接收     命令超时...
2019-09-18 15:09:40 038     2019/9/18 15:09:40:发送     发送读取时间帧成功！
2019-09-18 15:09:40 044     2019/9/18 15:09:40:发送     68 11 00 00 11 11 11 11 11 11 11 36 35 2F 00 8A 16 
2019-09-18 15:09:40 651     2019/9/18 15:09:40:接收     68 11 00 00 11 11 11 11 11 11 11 36 35 2F 00 8A 16 
2019-09-18 15:09:43 035     2019/9/18 15:09:43:接收     命令超时...
2019-09-18 15:09:43 644     2019/9/18 15:09:43:发送     发送设置时间帧成功！
2019-09-18 15:09:43 649     2019/9/18 15:09:43:发送     68 11 00 00 11 11 11 11 11 11 11 35 34 1F 00 19 09 18 15 09 10 E0 16 
2019-09-18 15:09:44 255     2019/9/18 15:09:44:接收     68 11 00 00 11 11 11 11 11 11 11 35 34 1F 00 19 09 18 15 09 10 E0 16 
2019-09-18 15:09:46 653     2019/9/18 15:09:46:接收     命令超时...
2019-09-18 15:10:12 050     2019/9/18 15:10:12:发送     发送读取时间帧成功！
2019-09-18 15:10:12 058     2019/9/18 15:10:12:发送     68 11 00 00 11 11 11 11 11 11 11 36 35 2F 00 8A 16 
2019-09-18 15:10:15 059     2019/9/18 15:10:15:接收     命令超时...
2019-09-18 15:48:48 015     2019/9/18 15:48:48:发送     
2019-09-18 15:48:48 837     2019/9/18 15:48:48:发送     
2019-09-18 15:48:49 229     2019/9/18 15:48:49:发送     
2019-09-18 15:48:49 909     2019/9/18 15:48:49:发送     
2019-09-18 15:48:53 980     2019/9/18 15:48:53:发送     
2019-09-18 15:48:54 445     2019/9/18 15:48:54:发送     
2019-09-18 15:48:55 148     2019/9/18 15:48:55:发送     
2019-09-18 15:48:55 540     2019/9/18 15:48:55:发送     
2019-09-18 15:48:57 372     2019/9/18 15:48:57:发送     
2019-09-18 15:48:57 909     2019/9/18 15:48:57:发送     
2019-09-18 15:48:58 476     2019/9/18 15:48:58:发送     
2019-09-18 15:48:59 405     2019/9/18 15:48:59:发送     
2019-09-18 15:48:59 861     2019/9/18 15:48:59:发送     
2019-09-18 15:49:14 231     2019/9/18 15:49:14:发送     12 34 65 
2019-09-18 15:49:45 076     2019/9/18 15:49:45:接收     12 34 65 
2019-09-18 15:49:45 081     2019/9/18 15:49:45:接收     校验和验证失败！
2019-09-18 15:49:46 096     2019/9/18 15:49:46:接收     32 33 31 33 
2019-09-18 15:49:46 101     2019/9/18 15:49:46:接收     校验和验证失败！
2019-09-18 15:51:07 365     2019/9/18 15:51:07:发送     12 31 
2019-09-18 15:55:18 504     2019/9/18 15:55:18:发送     21 
2019-09-18 15:55:19 541     2019/9/18 15:55:19:发送     31 23 
2019-09-18 15:55:21 547     2019/9/18 15:55:21:发送     14 46 
2019-09-18 15:58:43 041     2019/9/18 15:58:43:发送     22 55 
2019-09-18 15:58:43 167     2019/9/18 15:58:43:接收     22 55 
2019-09-18 15:58:48 103     2019/9/18 15:58:48:发送     12 
2019-09-18 15:58:48 203     2019/9/18 15:58:48:接收     12 
2019-09-18 15:58:50 110     2019/9/18 15:58:50:发送     12 
2019-09-18 15:58:50 210     2019/9/18 15:58:50:接收     12 
2019-09-18 15:58:52 118     2019/9/18 15:58:52:发送     12 
2019-09-18 15:58:52 219     2019/9/18 15:58:52:接收     12 
2019-09-18 15:58:54 127     2019/9/18 15:58:54:发送     13 
2019-09-18 15:58:54 226     2019/9/18 15:58:54:接收     13 
2019-09-18 15:58:56 133     2019/9/18 15:58:56:发送     23 
2019-09-18 15:58:56 233     2019/9/18 15:58:56:接收     23 
2019-09-18 15:58:58 141     2019/9/18 15:58:58:发送     23 
2019-09-18 15:58:58 243     2019/9/18 15:58:58:接收     23 
2019-09-18 15:58:59 148     2019/9/18 15:58:59:发送     12 
2019-09-18 15:58:59 248     2019/9/18 15:58:59:接收     12 
2019-09-18 15:59:03 156     2019/9/18 15:59:03:发送     12 
2019-09-18 15:59:03 257     2019/9/18 15:59:03:接收     12 
2019-09-18 15:59:05 164     2019/9/18 15:59:05:发送     12 
2019-09-18 15:59:05 263     2019/9/18 15:59:05:接收     12 
2019-09-18 15:59:07 171     2019/9/18 15:59:07:发送     12 
2019-09-18 15:59:07 271     2019/9/18 15:59:07:接收     12 
2019-09-18 15:59:09 178     2019/9/18 15:59:09:发送     12 
2019-09-18 15:59:09 279     2019/9/18 15:59:09:接收     12 
2019-09-18 15:59:10 188     2019/9/18 15:59:10:发送     31 
2019-09-18 15:59:10 290     2019/9/18 15:59:10:接收     31 
2019-09-18 15:59:11 209     2019/9/18 15:59:11:发送     24 
2019-09-18 15:59:11 310     2019/9/18 15:59:11:接收     24 
2019-09-18 15:59:12 216     2019/9/18 15:59:12:发送     12 
2019-09-18 15:59:12 316     2019/9/18 15:59:12:接收     12 
2019-09-18 15:59:14 142     2019/9/18 15:59:14:发送     发送读取时间帧成功！
2019-09-18 15:59:14 148     2019/9/18 15:59:14:发送     68 11 00 00 11 11 11 11 11 11 11 36 35 2F 00 8A 16 
2019-09-18 15:59:14 760     2019/9/18 15:59:14:接收     68 11 00 00 11 11 11 11 11 11 11 36 35 2F 00 8A 16 
2019-09-18 15:59:15 224     2019/9/18 15:59:15:发送     12 
2019-09-18 15:59:15 324     2019/9/18 15:59:15:接收     12 
2019-09-18 15:59:16 422     2019/9/18 15:59:16:发送     发送读取时间帧成功！
2019-09-18 15:59:16 428     2019/9/18 15:59:16:发送     68 11 00 00 11 11 11 11 11 11 11 36 35 2F 00 8A 16 
2019-09-18 15:59:17 034     2019/9/18 15:59:17:接收     68 11 00 00 11 11 11 11 11 11 11 36 35 2F 00 8A 16 
2019-09-18 15:59:19 234     2019/9/18 15:59:19:发送     24 
2019-09-18 15:59:19 335     2019/9/18 15:59:19:接收     24 
2019-09-18 15:59:20 256     2019/9/18 15:59:20:发送     12 
2019-09-18 15:59:20 439     2019/9/18 15:59:20:接收     12 
2019-09-18 16:15:23 856     2019/9/18 16:15:23:发送     发送读取时间帧成功！
2019-09-18 16:15:23 862     2019/9/18 16:15:23:发送     68 11 00 00 11 11 11 11 11 11 11 36 35 2F 00 8A 16 
2019-09-18 16:15:41 296     2019/9/18 16:15:41:发送     发送读取时间帧成功！
2019-09-18 16:15:41 303     2019/9/18 16:15:41:发送     68 11 00 00 11 11 11 11 11 11 11 36 35 2F 00 8A 16 
2019-09-18 16:15:41 910     2019/9/18 16:15:41:接收     68 11 00 00 11 11 11 11 11 11 11 36 35 2F 00 8A 16 
2019-09-18 16:15:43 581     2019/9/18 16:15:43:发送     发送读取时间帧成功！
2019-09-18 16:15:43 587     2019/9/18 16:15:43:发送     68 11 00 00 11 11 11 11 11 11 11 36 35 2F 00 8A 16 
2019-09-18 16:15:44 194     2019/9/18 16:15:44:接收     68 11 00 00 11 11 11 11 11 11 11 36 35 2F 00 8A 16 
2019-09-18 16:15:50 798     2019/9/18 16:15:50:发送     发送读取时间帧成功！
2019-09-18 16:15:50 805     2019/9/18 16:15:50:发送     68 11 00 00 11 11 11 11 11 11 11 36 35 2F 00 8A 16 
2019-09-18 16:15:51 409     2019/9/18 16:15:51:接收     68 11 00 00 11 11 11 11 11 11 11 36 35 2F 00 8A 16 
2019-09-18 16:15:52 430     2019/9/18 16:15:52:发送     发送读取数据帧成功！
2019-09-18 16:15:52 435     2019/9/18 16:15:52:发送     68 11 00 00 11 11 11 11 11 11 11 03 03 90 1F 00 A5 16 
2019-09-18 16:15:53 042     2019/9/18 16:15:53:接收     68 11 00 00 11 11 11 11 11 11 11 03 03 90 1F 00 A5 16 
2019-09-18 16:15:55 621     2019/9/18 16:15:55:发送     发送读取数据帧成功！
2019-09-18 16:15:55 627     2019/9/18 16:15:55:发送     68 11 00 00 11 11 11 11 11 11 11 03 03 90 1F 00 A5 16 
2019-09-18 16:15:56 235     2019/9/18 16:15:56:接收     68 11 00 00 11 11 11 11 11 11 11 03 03 90 1F 00 A5 16 
2019-09-18 16:15:56 446     2019/9/18 16:15:56:发送     发送读取数据帧成功！
2019-09-18 16:15:56 452     2019/9/18 16:15:56:发送     68 11 00 00 11 11 11 11 11 11 11 03 03 90 1F 00 A5 16 
2019-09-18 16:15:57 058     2019/9/18 16:15:57:接收     68 11 00 00 11 11 11 11 11 11 11 03 03 90 1F 00 A5 16 
2019-09-18 16:15:57 398     2019/9/18 16:15:57:发送     发送读取数据帧成功！
2019-09-18 16:15:57 403     2019/9/18 16:15:57:发送     68 11 00 00 11 11 11 11 11 11 11 03 03 90 1F 00 A5 16 
2019-09-18 16:15:58 009     2019/9/18 16:15:58:接收     68 11 00 00 11 11 11 11 11 11 11 03 03 90 1F 00 A5 16 
2019-09-18 16:15:58 606     2019/9/18 16:15:58:发送     发送读取数据帧成功！
2019-09-18 16:15:58 612     2019/9/18 16:15:58:发送     68 11 00 00 11 11 11 11 11 11 11 03 03 90 1F 00 A5 16 
2019-09-18 16:15:59 218     2019/9/18 16:15:59:接收     68 11 00 00 11 11 11 11 11 11 11 03 03 90 1F 00 A5 16 
2019-09-18 16:16:00 133     2019/9/18 16:16:00:发送     发送读取时间帧成功！
2019-09-18 16:16:00 140     2019/9/18 16:16:00:发送     68 11 00 00 11 11 11 11 11 11 11 36 35 2F 00 8A 16 
2019-09-18 16:16:00 747     2019/9/18 16:16:00:接收     68 11 00 00 11 11 11 11 11 11 11 36 35 2F 00 8A 16 
2019-09-18 16:16:02 246     2019/9/18 16:16:02:发送     发送读取数据帧成功！
2019-09-18 16:16:02 252     2019/9/18 16:16:02:发送     68 11 00 00 11 11 11 11 11 11 11 03 03 90 1F 00 A5 16 
2019-09-18 16:16:02 859     2019/9/18 16:16:02:接收     68 11 00 00 11 11 11 11 11 11 11 03 03 90 1F 00 A5 16 
2019-09-18 16:16:04 038     2019/9/18 16:16:04:发送     发送读取时间帧成功！
2019-09-18 16:16:04 045     2019/9/18 16:16:04:发送     68 11 00 00 11 11 11 11 11 11 11 36 35 2F 00 8A 16 
2019-09-18 16:16:04 652     2019/9/18 16:16:04:接收     68 11 00 00 11 11 11 11 11 11 11 36 35 2F 00 8A 16 
2019-09-18 16:16:24 867     2019/9/18 16:16:24:接收     命令超时...
2019-09-18 16:16:24 875     2019/9/18 16:16:24:接收     命令超时...
2019-09-18 17:29:55 798     2019/9/18 17:29:55:发送     Tr ue 
2019-09-18 17:29:55 899     2019/9/18 17:29:55:接收     FF FE 
2019-09-18 17:33:32 388     2019/9/18 17:33:32:发送     12 34 56 
2019-09-18 17:33:32 456     2019/9/18 17:33:32:发送     12 34 57 
2019-09-18 17:33:32 488     2019/9/18 17:33:32:发送     12 34 58 
2019-09-18 17:33:32 507     2019/9/18 17:33:32:发送     12 34 59 
2019-09-18 17:33:32 526     2019/9/18 17:33:32:发送     12 34 60 
2019-09-18 17:33:32 545     2019/9/18 17:33:32:发送     12 34 61 
2019-09-18 17:33:32 564     2019/9/18 17:33:32:发送     12 34 62 
2019-09-18 17:33:32 584     2019/9/18 17:33:32:发送     12 34 63 
2019-09-18 17:33:32 604     2019/9/18 17:33:32:发送     12 34 64 
2019-09-18 17:33:32 624     2019/9/18 17:33:32:发送     12 34 65 
2019-09-18 17:33:32 642     2019/9/18 17:33:32:发送     12 34 66 
2019-09-18 17:33:32 668     2019/9/18 17:33:32:发送     12 34 67 
2019-09-18 17:33:32 688     2019/9/18 17:33:32:发送     12 34 68 
2019-09-18 17:33:32 709     2019/9/18 17:33:32:发送     12 34 69 
2019-09-18 17:33:32 730     2019/9/18 17:33:32:发送     12 34 70 
2019-09-18 17:33:32 752     2019/9/18 17:33:32:发送     12 34 71 
2019-09-18 17:33:32 775     2019/9/18 17:33:32:发送     12 34 72 
2019-09-18 17:33:32 799     2019/9/18 17:33:32:发送     12 34 73 
2019-09-18 17:33:32 941     2019/9/18 17:33:32:接收     12 34 56 12 34 57 12 34 58 12 34 59 12 34 60 12 34 61 12 34 62 12 34 63 12 34 64 12 34 65 12 34 66 12 34 67 12 34 68 12 34 69 12 34 70 12 34 71 12 34 72 12 34 73 
2019-09-18 17:33:32 946     2019/9/18 17:33:32:接收     校验和验证失败！
2019-09-18 17:33:45 859     2019/9/18 17:33:45:发送     12 34 56 
2019-09-18 17:33:45 894     2019/9/18 17:33:45:发送     12 34 57 
2019-09-18 17:33:45 915     2019/9/18 17:33:45:发送     12 34 58 
2019-09-18 17:33:45 959     2019/9/18 17:33:45:发送     12 34 59 
2019-09-18 17:33:45 978     2019/9/18 17:33:45:发送     12 34 60 
2019-09-18 17:33:46 019     2019/9/18 17:33:46:发送     12 34 61 
2019-09-18 17:33:46 038     2019/9/18 17:33:46:发送     12 34 62 
2019-09-18 17:33:46 057     2019/9/18 17:33:46:发送     12 34 63 
2019-09-18 17:33:46 076     2019/9/18 17:33:46:发送     12 34 64 
2019-09-18 17:33:46 095     2019/9/18 17:33:46:发送     12 34 65 
2019-09-18 17:33:46 115     2019/9/18 17:33:46:发送     12 34 66 
2019-09-18 17:33:46 136     2019/9/18 17:33:46:发送     12 34 67 
2019-09-18 17:33:46 156     2019/9/18 17:33:46:发送     12 34 68 
2019-09-18 17:33:46 176     2019/9/18 17:33:46:发送     12 34 69 
2019-09-18 17:33:46 197     2019/9/18 17:33:46:发送     12 34 70 
2019-09-18 17:33:46 219     2019/9/18 17:33:46:发送     12 34 71 
2019-09-18 17:33:46 243     2019/9/18 17:33:46:发送     12 34 72 
2019-09-18 17:33:46 268     2019/9/18 17:33:46:发送     12 34 73 
2019-09-18 17:33:46 412     2019/9/18 17:33:46:接收     12 34 56 12 34 57 12 34 58 12 34 59 12 34 60 12 34 61 12 34 62 12 34 63 12 34 64 12 34 65 12 34 66 12 34 67 12 34 68 12 34 69 12 34 70 12 34 71 12 34 72 12 34 73 
2019-09-18 17:33:46 417     2019/9/18 17:33:46:接收     校验和验证失败！
2019-09-18 17:35:05 488     2019/9/18 17:35:05:发送     12 34 56 
2019-09-18 17:35:05 615     2019/9/18 17:35:05:接收     12 34 56 
2019-09-18 17:35:05 621     2019/9/18 17:35:05:接收     校验和验证失败！
2019-09-18 17:35:06 569     2019/9/18 17:35:06:发送     12 34 57 
2019-09-18 17:35:06 649     2019/9/18 17:35:06:接收     12 34 57 
2019-09-18 17:35:06 654     2019/9/18 17:35:06:接收     校验和验证失败！
2019-09-18 17:35:07 603     2019/9/18 17:35:07:发送     12 34 58 
2019-09-18 17:35:07 728     2019/9/18 17:35:07:接收     12 34 58 
2019-09-18 17:35:07 732     2019/9/18 17:35:07:接收     校验和验证失败！
2019-09-18 17:35:08 636     2019/9/18 17:35:08:发送     12 34 59 
2019-09-18 17:35:08 737     2019/9/18 17:35:08:接收     12 34 59 
2019-09-18 17:35:08 742     2019/9/18 17:35:08:接收     校验和验证失败！
2019-09-18 17:35:09 647     2019/9/18 17:35:09:发送     12 34 60 
2019-09-18 17:35:09 747     2019/9/18 17:35:09:接收     12 34 60 
2019-09-18 17:35:09 752     2019/9/18 17:35:09:接收     校验和验证失败！
2019-09-18 17:35:10 658     2019/9/18 17:35:10:发送     12 34 61 
2019-09-18 17:35:10 758     2019/9/18 17:35:10:接收     12 34 61 
2019-09-18 17:35:10 762     2019/9/18 17:35:10:接收     校验和验证失败！
2019-09-18 17:35:11 669     2019/9/18 17:35:11:发送     12 34 62 
2019-09-18 17:35:11 770     2019/9/18 17:35:11:接收     12 34 62 
2019-09-18 17:35:11 775     2019/9/18 17:35:11:接收     校验和验证失败！
2019-09-18 17:35:12 683     2019/9/18 17:35:12:发送     12 34 63 
2019-09-18 17:35:12 783     2019/9/18 17:35:12:接收     12 34 63 
2019-09-18 17:35:12 787     2019/9/18 17:35:12:接收     校验和验证失败！
2019-09-18 17:35:13 697     2019/9/18 17:35:13:发送     12 34 64 
2019-09-18 17:35:13 797     2019/9/18 17:35:13:接收     12 34 64 
2019-09-18 17:35:13 802     2019/9/18 17:35:13:接收     校验和验证失败！
2019-09-18 17:35:14 712     2019/9/18 17:35:14:发送     12 34 65 
2019-09-18 17:35:14 813     2019/9/18 17:35:14:接收     12 34 65 
2019-09-18 17:35:14 820     2019/9/18 17:35:14:接收     校验和验证失败！
2019-09-18 17:35:15 730     2019/9/18 17:35:15:发送     12 34 66 
2019-09-18 17:35:15 831     2019/9/18 17:35:15:接收     12 34 66 
2019-09-18 17:35:15 835     2019/9/18 17:35:15:接收     校验和验证失败！
2019-09-18 17:35:16 747     2019/9/18 17:35:16:发送     12 34 67 
2019-09-18 17:35:16 848     2019/9/18 17:35:16:接收     12 34 67 
2019-09-18 17:35:16 853     2019/9/18 17:35:16:接收     校验和验证失败！
2019-09-18 17:35:17 765     2019/9/18 17:35:17:发送     12 34 68 
2019-09-18 17:35:17 865     2019/9/18 17:35:17:接收     12 34 68 
2019-09-18 17:35:17 870     2019/9/18 17:35:17:接收     校验和验证失败！
2019-09-18 17:35:18 784     2019/9/18 17:35:18:发送     12 34 69 
2019-09-18 17:35:18 885     2019/9/18 17:35:18:接收     12 34 69 
2019-09-18 17:35:18 890     2019/9/18 17:35:18:接收     校验和验证失败！
2019-09-18 17:35:19 804     2019/9/18 17:35:19:发送     12 34 70 
2019-09-18 17:35:19 904     2019/9/18 17:35:19:接收     12 34 70 
2019-09-18 17:35:19 909     2019/9/18 17:35:19:接收     校验和验证失败！
2019-09-18 17:35:20 826     2019/9/18 17:35:20:发送     12 34 71 
2019-09-18 17:35:20 926     2019/9/18 17:35:20:接收     12 34 71 
2019-09-18 17:35:20 931     2019/9/18 17:35:20:接收     校验和验证失败！
2019-09-18 17:35:21 848     2019/9/18 17:35:21:发送     12 34 72 
2019-09-18 17:35:21 949     2019/9/18 17:35:21:接收     12 34 72 
2019-09-18 17:35:21 955     2019/9/18 17:35:21:接收     校验和验证失败！
2019-09-18 17:35:22 871     2019/9/18 17:35:22:发送     12 34 73 
2019-09-18 17:35:23 014     2019/9/18 17:35:23:接收     12 34 73 
2019-09-18 17:35:23 020     2019/9/18 17:35:23:接收     校验和验证失败！
2019-09-18 18:07:16 275     2019/9/18 18:07:16:发送     12 34 56 
2019-09-18 18:07:16 376     2019/9/18 18:07:16:接收     12 34 56 
2019-09-18 18:07:17 293     2019/9/18 18:07:17:发送     12 34 65 
2019-09-18 18:07:17 393     2019/9/18 18:07:17:接收     12 34 65 
2019-09-18 18:07:18 309     2019/9/18 18:07:18:发送     12 34 66 
2019-09-18 18:07:18 409     2019/9/18 18:07:18:接收     12 34 66 
2019-09-18 18:07:19 325     2019/9/18 18:07:19:发送     12 34 67 
2019-09-18 18:07:19 426     2019/9/18 18:07:19:接收     12 34 67 
2019-09-18 18:07:20 343     2019/9/18 18:07:20:发送     12 34 68 
2019-09-18 18:07:20 444     2019/9/18 18:07:20:接收     12 34 68 
2019-09-18 18:07:21 362     2019/9/18 18:07:21:发送     12 34 69 
2019-09-18 18:07:21 462     2019/9/18 18:07:21:接收     12 34 69 
2019-09-18 18:07:22 393     2019/9/18 18:07:22:发送     12 34 70 
2019-09-18 18:07:22 493     2019/9/18 18:07:22:接收     12 34 70 
2019-09-18 18:07:23 413     2019/9/18 18:07:23:发送     12 34 71 
2019-09-18 18:07:23 514     2019/9/18 18:07:23:接收     12 34 71 
2019-09-18 18:07:24 435     2019/9/18 18:07:24:发送     12 34 72 
2019-09-18 18:07:24 535     2019/9/18 18:07:24:接收     12 34 72 
2019-09-18 18:07:25 458     2019/9/18 18:07:25:发送     12 34 73 
2019-09-18 18:07:25 558     2019/9/18 18:07:25:接收     12 34 73 
2019-09-18 18:07:26 466     2019/9/18 18:07:26:发送     12 34 57 
2019-09-18 18:07:26 566     2019/9/18 18:07:26:接收     12 34 57 
2019-09-18 18:07:27 473     2019/9/18 18:07:27:发送     12 34 58 
2019-09-18 18:07:27 573     2019/9/18 18:07:27:接收     12 34 58 
2019-09-18 18:07:28 482     2019/9/18 18:07:28:发送     12 34 59 
2019-09-18 18:07:28 582     2019/9/18 18:07:28:接收     12 34 59 
2019-09-18 18:07:29 492     2019/9/18 18:07:29:发送     12 34 60 
2019-09-18 18:07:29 592     2019/9/18 18:07:29:接收     12 34 60 
2019-09-18 18:07:30 502     2019/9/18 18:07:30:发送     12 34 61 
2019-09-18 18:07:30 602     2019/9/18 18:07:30:接收     12 34 61 
2019-09-18 18:07:31 514     2019/9/18 18:07:31:发送     12 34 62 
2019-09-18 18:07:31 614     2019/9/18 18:07:31:接收     12 34 62 
2019-09-18 18:07:32 527     2019/9/18 18:07:32:发送     12 34 63 
2019-09-18 18:07:32 627     2019/9/18 18:07:32:接收     12 34 63 
2019-09-18 18:07:33 540     2019/9/18 18:07:33:发送     12 34 64 
2019-09-18 18:07:33 641     2019/9/18 18:07:33:接收     12 34 64 
