2019-10-08 15:12:52 942     2019/10/8 15:12:52:发送     1234
2019-10-08 15:12:53 044     2019/10/8 15:12:53:接收     31 32 33 34 
2019-10-08 15:13:04 449     2019/10/8 15:13:04:发送     12 34 
2019-10-08 15:13:04 548     2019/10/8 15:13:04:接收     12 34 
2019-10-08 15:13:05 452     2019/10/8 15:13:05:发送     12 31 
2019-10-08 15:13:05 553     2019/10/8 15:13:05:接收     12 31 
2019-10-08 15:13:08 457     2019/10/8 15:13:08:发送     22 
2019-10-08 15:13:08 558     2019/10/8 15:13:08:接收     22 
2019-10-08 15:13:09 461     2019/10/8 15:13:09:发送     23 
2019-10-08 15:13:09 562     2019/10/8 15:13:09:接收     23 
2019-10-08 15:13:10 464     2019/10/8 15:13:10:发送     12 31 
2019-10-08 15:13:10 565     2019/10/8 15:13:10:接收     12 31 
2019-10-08 15:13:11 467     2019/10/8 15:13:11:发送     45 67 
2019-10-08 15:13:11 568     2019/10/8 15:13:11:接收     45 67 
2019-10-08 15:13:12 470     2019/10/8 15:13:12:发送     45 67 
2019-10-08 15:13:12 571     2019/10/8 15:13:12:接收     45 67 
2019-10-08 15:13:13 474     2019/10/8 15:13:13:发送     45 67 
2019-10-08 15:13:13 574     2019/10/8 15:13:13:接收     45 67 
2019-10-08 15:13:14 477     2019/10/8 15:13:14:发送     45 67 
2019-10-08 15:13:14 577     2019/10/8 15:13:14:接收     45 67 
2019-10-08 15:13:15 480     2019/10/8 15:13:15:发送     45 67 
2019-10-08 15:13:15 580     2019/10/8 15:13:15:接收     45 67 
2019-10-08 15:13:16 509     2019/10/8 15:13:16:发送     as d1 23 
2019-10-08 15:13:16 649     2019/10/8 15:13:16:接收     AF D1 23 
2019-10-08 15:13:21 798     2019/10/8 15:13:21:发送     45 67 
2019-10-08 15:13:21 898     2019/10/8 15:13:21:接收     45 67 
2019-10-08 15:13:22 157     2019/10/8 15:13:22:发送     45 67 
2019-10-08 15:13:22 258     2019/10/8 15:13:22:接收     45 67 
2019-10-08 15:13:22 557     2019/10/8 15:13:22:发送     45 67 
2019-10-08 15:13:22 658     2019/10/8 15:13:22:接收     45 67 
2019-10-08 15:13:22 941     2019/10/8 15:13:22:发送     45 67 
2019-10-08 15:13:23 042     2019/10/8 15:13:23:接收     45 67 
2019-10-08 15:13:23 541     2019/10/8 15:13:23:发送     45 67 
2019-10-08 15:13:23 642     2019/10/8 15:13:23:接收     45 67 
2019-10-08 15:13:24 318     2019/10/8 15:13:24:发送     45 67 
2019-10-08 15:13:24 418     2019/10/8 15:13:24:接收     45 67 
2019-10-08 15:13:25 157     2019/10/8 15:13:25:发送     45 67 
2019-10-08 15:13:25 257     2019/10/8 15:13:25:接收     45 67 
2019-10-08 15:13:27 798     2019/10/8 15:13:27:发送     45 67 
2019-10-08 15:13:27 897     2019/10/8 15:13:27:接收     45 67 
2019-10-08 15:13:28 381     2019/10/8 15:13:28:发送     45 67 
2019-10-08 15:13:28 482     2019/10/8 15:13:28:接收     45 67 
2019-10-08 15:13:29 878     2019/10/8 15:13:29:发送     45 67 
2019-10-08 15:13:29 978     2019/10/8 15:13:29:接收     45 67 
2019-10-08 15:13:35 675     2019/10/8 15:13:35:发送     12 34 
2019-10-08 15:13:35 776     2019/10/8 15:13:35:接收     12 34 
2019-10-08 15:13:36 679     2019/10/8 15:13:36:发送     12 31 
2019-10-08 15:13:36 780     2019/10/8 15:13:36:接收     12 31 
2019-10-08 15:13:39 683     2019/10/8 15:13:39:发送     22 
2019-10-08 15:13:39 784     2019/10/8 15:13:39:接收     22 
2019-10-08 15:13:40 689     2019/10/8 15:13:40:发送     23 
2019-10-08 15:13:40 789     2019/10/8 15:13:40:接收     23 
2019-10-08 15:13:41 691     2019/10/8 15:13:41:发送     12 31 
2019-10-08 15:13:41 792     2019/10/8 15:13:41:接收     12 31 
2019-10-08 15:13:42 695     2019/10/8 15:13:42:发送     45 67 
2019-10-08 15:13:42 796     2019/10/8 15:13:42:接收     45 67 
2019-10-08 15:13:43 698     2019/10/8 15:13:43:发送     45 67 
2019-10-08 15:13:43 799     2019/10/8 15:13:43:接收     45 67 
2019-10-08 15:13:44 701     2019/10/8 15:13:44:发送     45 67 
2019-10-08 15:13:44 802     2019/10/8 15:13:44:接收     45 67 
2019-10-08 15:13:45 705     2019/10/8 15:13:45:发送     45 67 
2019-10-08 15:13:45 806     2019/10/8 15:13:45:接收     45 67 
2019-10-08 15:13:46 709     2019/10/8 15:13:46:发送     45 67 
2019-10-08 15:13:46 809     2019/10/8 15:13:46:接收     45 67 
2019-10-08 15:13:47 712     2019/10/8 15:13:47:发送     as d1 23 
2019-10-08 15:13:47 867     2019/10/8 15:13:47:接收     AF D1 23 
2019-10-08 17:57:00 773     2019/10/8 17:57:00:接收     68 43 00 43 00 68 4A 71 03 0B 00 02 04 70 03 10 45 10 00 00 00 05 AC 16 
